#
# There is insufficient memory for the Java Runtime Environment to continue.
# Native memory allocation (malloc) failed to allocate 862576 bytes. Error detail: Chunk::new
# Possible reasons:
#   The system is out of physical RAM or swap space
#   This process is running with CompressedOops enabled, and the Java Heap may be blocking the growth of the native heap
# Possible solutions:
#   Reduce memory load on the system
#   Increase physical memory or swap space
#   Check if swap backing store is full
#   Decrease Java heap size (-Xmx/-Xms)
#   Decrease number of Java threads
#   Decrease Java thread stack sizes (-Xss)
#   Set larger code cache with -XX:ReservedCodeCacheSize=
#   JVM is running with Unscaled Compressed Oops mode in which the Java heap is
#     placed in the first 4GB address space. The Java Heap base address is the
#     maximum limit for the native heap growth. Please use -XX:HeapBaseMinAddress
#     to set the Java Heap base and to place the Java Heap above 4GB virtual address.
# This output file may be truncated or incomplete.
#
#  Out of Memory Error (arena.cpp:191), pid=16088, tid=12264
#
# JRE version: OpenJDK Runtime Environment Microsoft-10376486 (17.0.13+11) (build 17.0.13+11-LTS)
# Java VM: OpenJDK 64-Bit Server VM Microsoft-10376486 (17.0.13+11-LTS, mixed mode, sharing, tiered, compressed oops, compressed class ptrs, g1 gc, windows-amd64)
# No core dump will be written. Minidumps are not enabled by default on client versions of Windows
#

---------------  S U M M A R Y ------------

Command Line: -XX:MaxMetaspaceSize=512m --add-opens=java.base/java.util=ALL-UNNAMED --add-opens=java.base/java.lang=ALL-UNNAMED --add-opens=java.base/java.lang.invoke=ALL-UNNAMED --add-opens=java.prefs/java.util.prefs=ALL-UNNAMED --add-exports=jdk.compiler/com.sun.tools.javac.api=ALL-UNNAMED --add-exports=jdk.compiler/com.sun.tools.javac.util=ALL-UNNAMED --add-opens=java.base/java.nio.charset=ALL-UNNAMED --add-opens=java.base/java.net=ALL-UNNAMED --add-opens=java.base/java.util.concurrent.atomic=ALL-UNNAMED -Xmx2048m -Dfile.encoding=windows-1252 -Duser.country=US -Duser.language=en -Duser.variant -javaagent:C:\Users\STAR\.gradle\wrapper\dists\gradle-8.10.2-all\7iv73wktx1xtkvlq19urqw1wm\gradle-8.10.2\lib\agents\gradle-instrumentation-agent-8.10.2.jar org.gradle.launcher.daemon.bootstrap.GradleDaemon 8.10.2

Host: AMD Ryzen 7 4800H with Radeon Graphics         , 16 cores, 7G,  Windows 10 , 64 bit Build 19041 (10.0.19041.5678)
Time: Fri May  2 02:32:21 2025 India Standard Time elapsed time: 146.293422 seconds (0d 0h 2m 26s)

---------------  T H R E A D  ---------------

Current thread (0x000001fbec0d0b50):  JavaThread "C2 CompilerThread0" daemon [_thread_in_native, id=12264, stack(0x0000005a20300000,0x0000005a20400000)]


Current CompileTask:
C2: 146293 8045 %     4       org.gradle.internal.instantiation.generator.AbstractClassGenerator::inspectType @ 250 (560 bytes)

Stack: [0x0000005a20300000,0x0000005a20400000]
Native frames: (J=compiled Java code, j=interpreted, Vv=VM code, C=native code)
V  [jvm.dll+0x687fc9]
V  [jvm.dll+0x83eeb8]
V  [jvm.dll+0x840963]
V  [jvm.dll+0x840fd3]
V  [jvm.dll+0x24951f]
V  [jvm.dll+0xad0c4]
V  [jvm.dll+0xad75c]
V  [jvm.dll+0x2b0c2f]
V  [jvm.dll+0x58e059]
V  [jvm.dll+0x2237a2]
V  [jvm.dll+0x21c544]
V  [jvm.dll+0x219a7b]
V  [jvm.dll+0x1a5506]
V  [jvm.dll+0x22a1ca]
V  [jvm.dll+0x22830b]
V  [jvm.dll+0x7f4708]
V  [jvm.dll+0x7eea6c]
V  [jvm.dll+0x686ea7]
C  [ucrtbase.dll+0x21bb2]
C  [KERNEL32.DLL+0x17374]
C  [ntdll.dll+0x4cc91]


---------------  P R O C E S S  ---------------

Threads class SMR info:
_java_thread_list=0x000001fbf37a7680, length=89, elements={
0x000001fbcd135ed0, 0x000001fbec0b0d70, 0x000001fbec0b1b00, 0x000001fbec0cc420,
0x000001fbec0ced00, 0x000001fbec0cf5d0, 0x000001fbec0cfea0, 0x000001fbec0d0b50,
0x000001fbec0d3520, 0x000001fbec0d5e40, 0x000001fbec055a80, 0x000001fbec2aec80,
0x000001fbf1436480, 0x000001fbec263af0, 0x000001fbf1590be0, 0x000001fbf232dba0,
0x000001fbf232eca0, 0x000001fbec266040, 0x000001fbec267990, 0x000001fbec265620,
0x000001fbec264c00, 0x000001fbec2641e0, 0x000001fbec2646f0, 0x000001fbec266550,
0x000001fbec265b30, 0x000001fbec267480, 0x000001fbec266f70, 0x000001fbf27b6480,
0x000001fbf27bab60, 0x000001fbf27bc4b0, 0x000001fbf27b7dd0, 0x000001fbf27b6990,
0x000001fbf27b6ea0, 0x000001fbf27b73b0, 0x000001fbf27b78c0, 0x000001fbf27bbfa0,
0x000001fbf27b9210, 0x000001fbf27bc9c0, 0x000001fbf27bb070, 0x000001fbf27bb580,
0x000001fbf27bced0, 0x000001fbf27b9720, 0x000001fbf27bba90, 0x000001fbf27bd8f0,
0x000001fbf27ba140, 0x000001fbf27bde00, 0x000001fbf27ba650, 0x000001fbec265110,
0x000001fbf3ecb240, 0x000001fbf3ec7070, 0x000001fbf3ecbc60, 0x000001fbf3ecb750,
0x000001fbf3ec98f0, 0x000001fbf3ec8ed0, 0x000001fbf3ecd0a0, 0x000001fbf3ecc170,
0x000001fbf3ecc680, 0x000001fbf3ec7fa0, 0x000001fbf3ec7580, 0x000001fbf3eca310,
0x000001fbf3eca820, 0x000001fbf3ec6650, 0x000001fbf3eccb90, 0x000001fbf3ec9e00,
0x000001fbf3ec84b0, 0x000001fbf3ec93e0, 0x000001fbf3ecad30, 0x000001fbf3ecd5b0,
0x000001fbf3ec6140, 0x000001fbf3ecdac0, 0x000001fbf3ec6b60, 0x000001fbf3ec7a90,
0x000001fbf3ec89c0, 0x000001fbf2c6f630, 0x000001fbf2c6cdb0, 0x000001fbf2c732f0,
0x000001fbf2c6fb40, 0x000001fbf2c71490, 0x000001fbf2c6e700, 0x000001fbf2c70560,
0x000001fbf2c6dce0, 0x000001fbf2c70050, 0x000001fbf2c70a70, 0x000001fbf2c6d2c0,
0x000001fbf2c6c8a0, 0x000001fbf2c6ec10, 0x000001fbf2c723c0, 0x000001fbf2c71eb0,
0x000001fbf2c73800
}

Java Threads: ( => current thread )
  0x000001fbcd135ed0 JavaThread "main" [_thread_blocked, id=22604, stack(0x0000005a1f600000,0x0000005a1f700000)]
  0x000001fbec0b0d70 JavaThread "Reference Handler" daemon [_thread_blocked, id=24168, stack(0x0000005a1fd00000,0x0000005a1fe00000)]
  0x000001fbec0b1b00 JavaThread "Finalizer" daemon [_thread_blocked, id=26028, stack(0x0000005a1fe00000,0x0000005a1ff00000)]
  0x000001fbec0cc420 JavaThread "Signal Dispatcher" daemon [_thread_blocked, id=24376, stack(0x0000005a1ff00000,0x0000005a20000000)]
  0x000001fbec0ced00 JavaThread "Attach Listener" daemon [_thread_blocked, id=22840, stack(0x0000005a20000000,0x0000005a20100000)]
  0x000001fbec0cf5d0 JavaThread "Service Thread" daemon [_thread_blocked, id=25680, stack(0x0000005a20100000,0x0000005a20200000)]
  0x000001fbec0cfea0 JavaThread "Monitor Deflation Thread" daemon [_thread_blocked, id=21548, stack(0x0000005a20200000,0x0000005a20300000)]
=>0x000001fbec0d0b50 JavaThread "C2 CompilerThread0" daemon [_thread_in_native, id=12264, stack(0x0000005a20300000,0x0000005a20400000)]
  0x000001fbec0d3520 JavaThread "C1 CompilerThread0" daemon [_thread_blocked, id=26032, stack(0x0000005a20400000,0x0000005a20500000)]
  0x000001fbec0d5e40 JavaThread "Sweeper thread" daemon [_thread_blocked, id=25096, stack(0x0000005a20500000,0x0000005a20600000)]
  0x000001fbec055a80 JavaThread "Common-Cleaner" daemon [_thread_blocked, id=24400, stack(0x0000005a20600000,0x0000005a20700000)]
  0x000001fbec2aec80 JavaThread "Notification Thread" daemon [_thread_blocked, id=15568, stack(0x0000005a20700000,0x0000005a20800000)]
  0x000001fbf1436480 JavaThread "Daemon health stats" [_thread_blocked, id=20936, stack(0x0000005a20d00000,0x0000005a20e00000)]
  0x000001fbec263af0 JavaThread "Incoming local TCP Connector on port 56502" [_thread_in_native, id=29716, stack(0x0000005a20e00000,0x0000005a20f00000)]
  0x000001fbf1590be0 JavaThread "Daemon periodic checks" [_thread_blocked, id=5740, stack(0x0000005a21500000,0x0000005a21600000)]
  0x000001fbf232dba0 JavaThread "Daemon" [_thread_blocked, id=16764, stack(0x0000005a21700000,0x0000005a21800000)]
  0x000001fbf232eca0 JavaThread "Handler for socket connection from /127.0.0.1:56502 to /127.0.0.1:56505" [_thread_in_native, id=8228, stack(0x0000005a21800000,0x0000005a21900000)]
  0x000001fbec266040 JavaThread "Cancel handler" [_thread_blocked, id=30360, stack(0x0000005a21900000,0x0000005a21a00000)]
  0x000001fbec267990 JavaThread "Daemon worker" [_thread_blocked, id=11872, stack(0x0000005a21a00000,0x0000005a21b00000)]
  0x000001fbec265620 JavaThread "Asynchronous log dispatcher for DefaultDaemonConnection: socket connection from /127.0.0.1:56502 to /127.0.0.1:56505" [_thread_blocked, id=19928, stack(0x0000005a21b00000,0x0000005a21c00000)]
  0x000001fbec264c00 JavaThread "Stdin handler" [_thread_blocked, id=30380, stack(0x0000005a21c00000,0x0000005a21d00000)]
  0x000001fbec2641e0 JavaThread "Daemon client event forwarder" [_thread_blocked, id=28232, stack(0x0000005a21d00000,0x0000005a21e00000)]
  0x000001fbec2646f0 JavaThread "Cache worker for journal cache (C:\Users\STAR\.gradle\caches\journal-1)" [_thread_blocked, id=16368, stack(0x0000005a22000000,0x0000005a22100000)]
  0x000001fbec266550 JavaThread "File lock request listener" [_thread_in_native, id=18668, stack(0x0000005a22100000,0x0000005a22200000)]
  0x000001fbec265b30 JavaThread "Cache worker for file hash cache (C:\Users\STAR\.gradle\caches\8.10.2\fileHashes)" [_thread_blocked, id=24580, stack(0x0000005a22200000,0x0000005a22300000)]
  0x000001fbec267480 JavaThread "File lock release action executor" [_thread_blocked, id=26432, stack(0x0000005a22300000,0x0000005a22400000)]
  0x000001fbec266f70 JavaThread "Cache worker for file hash cache (D:\projects\video1\zegocloud\android\.gradle\8.10.2\fileHashes)" [_thread_blocked, id=22516, stack(0x0000005a22500000,0x0000005a22600000)]
  0x000001fbf27b6480 JavaThread "Cache worker for Build Output Cleanup Cache (D:\projects\video1\zegocloud\android\.gradle\buildOutputCleanup)" [_thread_blocked, id=13472, stack(0x0000005a22600000,0x0000005a22700000)]
  0x000001fbf27bab60 JavaThread "File watcher server" daemon [_thread_in_native, id=22276, stack(0x0000005a22b00000,0x0000005a22c00000)]
  0x000001fbf27bc4b0 JavaThread "File watcher consumer" daemon [_thread_blocked, id=28072, stack(0x0000005a22c00000,0x0000005a22d00000)]
  0x000001fbf27b7dd0 JavaThread "Cache worker for checksums cache (D:\projects\video1\zegocloud\android\.gradle\8.10.2\checksums)" [_thread_blocked, id=22292, stack(0x0000005a22d00000,0x0000005a22e00000)]
  0x000001fbf27b6990 JavaThread "Cache worker for file content cache (C:\Users\STAR\.gradle\caches\8.10.2\fileContent)" [_thread_blocked, id=19472, stack(0x0000005a22e00000,0x0000005a22f00000)]
  0x000001fbf27b6ea0 JavaThread "Cache worker for cache directory md-rule (C:\Users\STAR\.gradle\caches\8.10.2\md-rule)" [_thread_blocked, id=29080, stack(0x0000005a22f00000,0x0000005a23000000)]
  0x000001fbf27b73b0 JavaThread "Cache worker for cache directory md-supplier (C:\Users\STAR\.gradle\caches\8.10.2\md-supplier)" [_thread_blocked, id=28164, stack(0x0000005a23000000,0x0000005a23100000)]
  0x000001fbf27b78c0 JavaThread "jar transforms" [_thread_blocked, id=8000, stack(0x0000005a23100000,0x0000005a23200000)]
  0x000001fbf27bbfa0 JavaThread "Cache worker for Build Output Cleanup Cache (D:\projects\video1\zegocloud\node_modules\@react-native\gradle-plugin\.gradle\buildOutputCleanup)" [_thread_blocked, id=29164, stack(0x0000005a23200000,0x0000005a23300000)]
  0x000001fbf27b9210 JavaThread "Unconstrained build operations" [_thread_blocked, id=30548, stack(0x0000005a23300000,0x0000005a23400000)]
  0x000001fbf27bc9c0 JavaThread "Unconstrained build operations Thread 2" [_thread_blocked, id=20292, stack(0x0000005a23400000,0x0000005a23500000)]
  0x000001fbf27bb070 JavaThread "Unconstrained build operations Thread 3" [_thread_blocked, id=18172, stack(0x0000005a1f400000,0x0000005a1f500000)]
  0x000001fbf27bb580 JavaThread "Unconstrained build operations Thread 4" [_thread_blocked, id=22112, stack(0x0000005a1f500000,0x0000005a1f600000)]
  0x000001fbf27bced0 JavaThread "Unconstrained build operations Thread 5" [_thread_blocked, id=17620, stack(0x0000005a21600000,0x0000005a21700000)]
  0x000001fbf27b9720 JavaThread "Unconstrained build operations Thread 6" [_thread_blocked, id=29928, stack(0x0000005a23500000,0x0000005a23600000)]
  0x000001fbf27bba90 JavaThread "Unconstrained build operations Thread 7" [_thread_blocked, id=3448, stack(0x0000005a22400000,0x0000005a22500000)]
  0x000001fbf27bd8f0 JavaThread "Unconstrained build operations Thread 8" [_thread_blocked, id=15800, stack(0x0000005a23600000,0x0000005a23700000)]
  0x000001fbf27ba140 JavaThread "Unconstrained build operations Thread 9" [_thread_blocked, id=9936, stack(0x0000005a23700000,0x0000005a23800000)]
  0x000001fbf27bde00 JavaThread "Unconstrained build operations Thread 10" [_thread_blocked, id=1580, stack(0x0000005a23800000,0x0000005a23900000)]
  0x000001fbf27ba650 JavaThread "Unconstrained build operations Thread 11" [_thread_blocked, id=9708, stack(0x0000005a23900000,0x0000005a23a00000)]
  0x000001fbec265110 JavaThread "Unconstrained build operations Thread 12" [_thread_blocked, id=11256, stack(0x0000005a23a00000,0x0000005a23b00000)]
  0x000001fbf3ecb240 JavaThread "Unconstrained build operations Thread 13" [_thread_blocked, id=23952, stack(0x0000005a23b00000,0x0000005a23c00000)]
  0x000001fbf3ec7070 JavaThread "Unconstrained build operations Thread 14" [_thread_blocked, id=28880, stack(0x0000005a23c00000,0x0000005a23d00000)]
  0x000001fbf3ecbc60 JavaThread "Unconstrained build operations Thread 15" [_thread_blocked, id=29876, stack(0x0000005a23d00000,0x0000005a23e00000)]
  0x000001fbf3ecb750 JavaThread "Unconstrained build operations Thread 16" [_thread_blocked, id=10160, stack(0x0000005a23e00000,0x0000005a23f00000)]
  0x000001fbf3ec98f0 JavaThread "Unconstrained build operations Thread 17" [_thread_blocked, id=20212, stack(0x0000005a23f00000,0x0000005a24000000)]
  0x000001fbf3ec8ed0 JavaThread "Unconstrained build operations Thread 18" [_thread_blocked, id=10744, stack(0x0000005a24000000,0x0000005a24100000)]
  0x000001fbf3ecd0a0 JavaThread "Unconstrained build operations Thread 19" [_thread_blocked, id=19700, stack(0x0000005a24100000,0x0000005a24200000)]
  0x000001fbf3ecc170 JavaThread "Unconstrained build operations Thread 20" [_thread_blocked, id=23988, stack(0x0000005a24200000,0x0000005a24300000)]
  0x000001fbf3ecc680 JavaThread "Unconstrained build operations Thread 21" [_thread_blocked, id=23828, stack(0x0000005a24300000,0x0000005a24400000)]
  0x000001fbf3ec7fa0 JavaThread "Unconstrained build operations Thread 22" [_thread_blocked, id=29840, stack(0x0000005a22700000,0x0000005a22800000)]
  0x000001fbf3ec7580 JavaThread "Unconstrained build operations Thread 23" [_thread_blocked, id=16756, stack(0x0000005a24400000,0x0000005a24500000)]
  0x000001fbf3eca310 JavaThread "Unconstrained build operations Thread 24" [_thread_blocked, id=9372, stack(0x0000005a24500000,0x0000005a24600000)]
  0x000001fbf3eca820 JavaThread "Unconstrained build operations Thread 25" [_thread_blocked, id=25860, stack(0x0000005a24600000,0x0000005a24700000)]
  0x000001fbf3ec6650 JavaThread "Unconstrained build operations Thread 26" [_thread_blocked, id=29672, stack(0x0000005a24700000,0x0000005a24800000)]
  0x000001fbf3eccb90 JavaThread "Unconstrained build operations Thread 27" [_thread_blocked, id=21600, stack(0x0000005a24800000,0x0000005a24900000)]
  0x000001fbf3ec9e00 JavaThread "Unconstrained build operations Thread 28" [_thread_blocked, id=26828, stack(0x0000005a24900000,0x0000005a24a00000)]
  0x000001fbf3ec84b0 JavaThread "Unconstrained build operations Thread 29" [_thread_blocked, id=26068, stack(0x0000005a24a00000,0x0000005a24b00000)]
  0x000001fbf3ec93e0 JavaThread "Unconstrained build operations Thread 30" [_thread_blocked, id=25924, stack(0x0000005a24b00000,0x0000005a24c00000)]
  0x000001fbf3ecad30 JavaThread "Unconstrained build operations Thread 31" [_thread_blocked, id=23896, stack(0x0000005a24c00000,0x0000005a24d00000)]
  0x000001fbf3ecd5b0 JavaThread "Unconstrained build operations Thread 32" [_thread_blocked, id=14628, stack(0x0000005a24d00000,0x0000005a24e00000)]
  0x000001fbf3ec6140 JavaThread "Unconstrained build operations Thread 33" [_thread_blocked, id=3544, stack(0x0000005a24e00000,0x0000005a24f00000)]
  0x000001fbf3ecdac0 JavaThread "Unconstrained build operations Thread 34" [_thread_blocked, id=27872, stack(0x0000005a24f00000,0x0000005a25000000)]
  0x000001fbf3ec6b60 JavaThread "Unconstrained build operations Thread 35" [_thread_blocked, id=30072, stack(0x0000005a25000000,0x0000005a25100000)]
  0x000001fbf3ec7a90 JavaThread "Unconstrained build operations Thread 36" [_thread_blocked, id=29288, stack(0x0000005a25100000,0x0000005a25200000)]
  0x000001fbf3ec89c0 JavaThread "Unconstrained build operations Thread 37" [_thread_blocked, id=26700, stack(0x0000005a25200000,0x0000005a25300000)]
  0x000001fbf2c6f630 JavaThread "Unconstrained build operations Thread 38" [_thread_blocked, id=27092, stack(0x0000005a25300000,0x0000005a25400000)]
  0x000001fbf2c6cdb0 JavaThread "Unconstrained build operations Thread 39" [_thread_blocked, id=13588, stack(0x0000005a25400000,0x0000005a25500000)]
  0x000001fbf2c732f0 JavaThread "Unconstrained build operations Thread 40" [_thread_blocked, id=24120, stack(0x0000005a25500000,0x0000005a25600000)]
  0x000001fbf2c6fb40 JavaThread "Unconstrained build operations Thread 41" [_thread_blocked, id=26724, stack(0x0000005a25600000,0x0000005a25700000)]
  0x000001fbf2c71490 JavaThread "Unconstrained build operations Thread 42" [_thread_blocked, id=9012, stack(0x0000005a25700000,0x0000005a25800000)]
  0x000001fbf2c6e700 JavaThread "Unconstrained build operations Thread 43" [_thread_blocked, id=19396, stack(0x0000005a25800000,0x0000005a25900000)]
  0x000001fbf2c70560 JavaThread "Unconstrained build operations Thread 44" [_thread_blocked, id=10460, stack(0x0000005a25900000,0x0000005a25a00000)]
  0x000001fbf2c6dce0 JavaThread "Unconstrained build operations Thread 45" [_thread_blocked, id=9060, stack(0x0000005a25a00000,0x0000005a25b00000)]
  0x000001fbf2c70050 JavaThread "Unconstrained build operations Thread 46" [_thread_blocked, id=18008, stack(0x0000005a25b00000,0x0000005a25c00000)]
  0x000001fbf2c70a70 JavaThread "Unconstrained build operations Thread 47" [_thread_blocked, id=21008, stack(0x0000005a25c00000,0x0000005a25d00000)]
  0x000001fbf2c6d2c0 JavaThread "Unconstrained build operations Thread 48" [_thread_blocked, id=20620, stack(0x0000005a25d00000,0x0000005a25e00000)]
  0x000001fbf2c6c8a0 JavaThread "Unconstrained build operations Thread 49" [_thread_blocked, id=7008, stack(0x0000005a25e00000,0x0000005a25f00000)]
  0x000001fbf2c6ec10 JavaThread "Unconstrained build operations Thread 50" [_thread_blocked, id=9848, stack(0x0000005a25f00000,0x0000005a26000000)]
  0x000001fbf2c723c0 JavaThread "Unconstrained build operations Thread 51" [_thread_blocked, id=26168, stack(0x0000005a26000000,0x0000005a26100000)]
  0x000001fbf2c71eb0 JavaThread "Memory manager" [_thread_blocked, id=25944, stack(0x0000005a26100000,0x0000005a26200000)]
  0x000001fbf2c73800 JavaThread "build event listener" [_thread_blocked, id=29384, stack(0x0000005a26200000,0x0000005a26300000)]

Other Threads:
  0x000001fbec0aa010 VMThread "VM Thread" [stack: 0x0000005a1fc00000,0x0000005a1fd00000] [id=26976]
  0x000001fbcd136ca0 WatcherThread [stack: 0x0000005a20800000,0x0000005a20900000] [id=2684]
  0x000001fbcd192bb0 GCTaskThread "GC Thread#0" [stack: 0x0000005a1f700000,0x0000005a1f800000] [id=23024]
  0x000001fbec5196a0 GCTaskThread "GC Thread#1" [stack: 0x0000005a20900000,0x0000005a20a00000] [id=28956]
  0x000001fbec857580 GCTaskThread "GC Thread#2" [stack: 0x0000005a20a00000,0x0000005a20b00000] [id=25316]
  0x000001fbf1284070 GCTaskThread "GC Thread#3" [stack: 0x0000005a20b00000,0x0000005a20c00000] [id=8764]
  0x000001fbf1266420 GCTaskThread "GC Thread#4" [stack: 0x0000005a20c00000,0x0000005a20d00000] [id=1072]
  0x000001fbf1b847d0 GCTaskThread "GC Thread#5" [stack: 0x0000005a20f00000,0x0000005a21000000] [id=1056]
  0x000001fbf18a7430 GCTaskThread "GC Thread#6" [stack: 0x0000005a21000000,0x0000005a21100000] [id=22636]
  0x000001fbec1c81f0 GCTaskThread "GC Thread#7" [stack: 0x0000005a21100000,0x0000005a21200000] [id=30024]
  0x000001fbf231ee50 GCTaskThread "GC Thread#8" [stack: 0x0000005a21200000,0x0000005a21300000] [id=24184]
  0x000001fbf231f110 GCTaskThread "GC Thread#9" [stack: 0x0000005a21300000,0x0000005a21400000] [id=4008]
  0x000001fbf13c3e90 GCTaskThread "GC Thread#10" [stack: 0x0000005a21400000,0x0000005a21500000] [id=26572]
  0x000001fbecc8dd50 GCTaskThread "GC Thread#11" [stack: 0x0000005a21e00000,0x0000005a21f00000] [id=1448]
  0x000001fbec4bd0d0 GCTaskThread "GC Thread#12" [stack: 0x0000005a21f00000,0x0000005a22000000] [id=28228]
  0x000001fbcd1a3a10 ConcurrentGCThread "G1 Main Marker" [stack: 0x0000005a1f800000,0x0000005a1f900000] [id=23020]
  0x000001fbcd1a4340 ConcurrentGCThread "G1 Conc#0" [stack: 0x0000005a1f900000,0x0000005a1fa00000] [id=1876]
  0x000001fbf39dbbf0 ConcurrentGCThread "G1 Conc#1" [stack: 0x0000005a22900000,0x0000005a22a00000] [id=27568]
  0x000001fbf39da8b0 ConcurrentGCThread "G1 Conc#2" [stack: 0x0000005a22a00000,0x0000005a22b00000] [id=27564]
  0x000001fbcd1ee3e0 ConcurrentGCThread "G1 Refine#0" [stack: 0x0000005a1fa00000,0x0000005a1fb00000] [id=21096]
  0x000001fbebf24120 ConcurrentGCThread "G1 Service" [stack: 0x0000005a1fb00000,0x0000005a1fc00000] [id=17032]

Threads with active compile tasks:
C2 CompilerThread0   146418 8045 %     4       org.gradle.internal.instantiation.generator.AbstractClassGenerator::inspectType @ 250 (560 bytes)

VM state: at safepoint (normal execution)

VM Mutex/Monitor currently owned by a thread:  ([mutex/lock_event])
[0x000001fbcd133160] Threads_lock - owner thread: 0x000001fbec0aa010
[0x000001fbcd131e40] Heap_lock - owner thread: 0x000001fbec267990

Heap address: 0x0000000080000000, size: 2048 MB, Compressed Oops mode: 32-bit

CDS archive(s) mapped at: [0x000001fb80000000-0x000001fb80bb0000-0x000001fb80bb0000), size 12255232, SharedBaseAddress: 0x000001fb80000000, ArchiveRelocationMode: 1.
Compressed class space mapped at: 0x000001fb81000000-0x000001fb9b000000, reserved size: 436207616
Narrow klass base: 0x000001fb80000000, Narrow klass shift: 0, Narrow klass range: 0x100000000

GC Precious Log:
 CPUs: 16 total, 16 available
 Memory: 7540M
 Large Page Support: Disabled
 NUMA Support: Disabled
 Compressed Oops: Enabled (32-bit)
 Heap Region Size: 1M
 Heap Min Capacity: 8M
 Heap Initial Capacity: 118M
 Heap Max Capacity: 2G
 Pre-touch: Disabled
 Parallel Workers: 13
 Concurrent Workers: 3
 Concurrent Refinement Workers: 13
 Periodic GC: Disabled

Heap:
 garbage-first heap   total 106496K, used 60845K [0x0000000080000000, 0x0000000100000000)
  region size 1024K, 1 young (1024K), 1 survivors (1024K)
 Metaspace       used 61020K, committed 61632K, reserved 491520K
  class space    used 8623K, committed 8960K, reserved 425984K

Heap Regions: E=young(eden), S=young(survivor), O=old, HS=humongous(starts), HC=humongous(continues), CS=collection set, F=free, OA=open archive, CA=closed archive, TAMS=top-at-mark-start (previous, next)
|   0|0x0000000080000000, 0x0000000080100000, 0x0000000080100000|100%| O|  |TAMS 0x0000000080100000, 0x0000000080000000| Untracked 
|   1|0x0000000080100000, 0x0000000080200000, 0x0000000080200000|100%| O|  |TAMS 0x0000000080200000, 0x0000000080100000| Untracked 
|   2|0x0000000080200000, 0x0000000080300000, 0x0000000080300000|100%|HS|  |TAMS 0x0000000080300000, 0x0000000080200000| Complete 
|   3|0x0000000080300000, 0x0000000080400000, 0x0000000080400000|100%|HC|  |TAMS 0x0000000080400000, 0x0000000080300000| Complete 
|   4|0x0000000080400000, 0x0000000080500000, 0x0000000080500000|100%|HC|  |TAMS 0x0000000080500000, 0x0000000080400000| Complete 
|   5|0x0000000080500000, 0x0000000080600000, 0x0000000080600000|100%|HC|  |TAMS 0x0000000080600000, 0x0000000080500000| Complete 
|   6|0x0000000080600000, 0x0000000080700000, 0x0000000080700000|100%| O|  |TAMS 0x0000000080700000, 0x0000000080600000| Untracked 
|   7|0x0000000080700000, 0x0000000080800000, 0x0000000080800000|100%| O|  |TAMS 0x0000000080800000, 0x0000000080700000| Untracked 
|   8|0x0000000080800000, 0x0000000080900000, 0x0000000080900000|100%|HS|  |TAMS 0x0000000080900000, 0x0000000080800000| Complete 
|   9|0x0000000080900000, 0x0000000080a00000, 0x0000000080a00000|100%| O|  |TAMS 0x0000000080a00000, 0x0000000080900000| Untracked 
|  10|0x0000000080a00000, 0x0000000080b00000, 0x0000000080b00000|100%| O|  |TAMS 0x0000000080b00000, 0x0000000080a00000| Untracked 
|  11|0x0000000080b00000, 0x0000000080c00000, 0x0000000080c00000|100%| O|  |TAMS 0x0000000080c00000, 0x0000000080b00000| Untracked 
|  12|0x0000000080c00000, 0x0000000080d00000, 0x0000000080d00000|100%| O|  |TAMS 0x0000000080d00000, 0x0000000080c00000| Untracked 
|  13|0x0000000080d00000, 0x0000000080e00000, 0x0000000080e00000|100%| O|  |TAMS 0x0000000080e00000, 0x0000000080d00000| Untracked 
|  14|0x0000000080e00000, 0x0000000080f00000, 0x0000000080f00000|100%| O|  |TAMS 0x0000000080f00000, 0x0000000080e00000| Untracked 
|  15|0x0000000080f00000, 0x0000000081000000, 0x0000000081000000|100%| O|  |TAMS 0x0000000081000000, 0x0000000080f00000| Untracked 
|  16|0x0000000081000000, 0x0000000081100000, 0x0000000081100000|100%| O|  |TAMS 0x0000000081100000, 0x0000000081000000| Untracked 
|  17|0x0000000081100000, 0x0000000081200000, 0x0000000081200000|100%| O|  |TAMS 0x0000000081200000, 0x0000000081100000| Untracked 
|  18|0x0000000081200000, 0x0000000081300000, 0x0000000081300000|100%| O|  |TAMS 0x0000000081300000, 0x0000000081200000| Untracked 
|  19|0x0000000081300000, 0x0000000081400000, 0x0000000081400000|100%| O|  |TAMS 0x0000000081400000, 0x0000000081300000| Untracked 
|  20|0x0000000081400000, 0x00000000814d7200, 0x0000000081500000| 84%| O|  |TAMS 0x00000000814d7200, 0x0000000081400000| Untracked 
|  21|0x0000000081500000, 0x0000000081600000, 0x0000000081600000|100%| O|  |TAMS 0x0000000081600000, 0x0000000081500000| Untracked 
|  22|0x0000000081600000, 0x0000000081700000, 0x0000000081700000|100%| O|  |TAMS 0x0000000081700000, 0x0000000081600000| Untracked 
|  23|0x0000000081700000, 0x0000000081800000, 0x0000000081800000|100%| O|  |TAMS 0x0000000081800000, 0x0000000081700000| Untracked 
|  24|0x0000000081800000, 0x0000000081900000, 0x0000000081900000|100%| O|  |TAMS 0x0000000081900000, 0x0000000081800000| Untracked 
|  25|0x0000000081900000, 0x0000000081a00000, 0x0000000081a00000|100%| O|  |TAMS 0x0000000081a00000, 0x0000000081900000| Untracked 
|  26|0x0000000081a00000, 0x0000000081b00000, 0x0000000081b00000|100%| O|  |TAMS 0x0000000081b00000, 0x0000000081a00000| Untracked 
|  27|0x0000000081b00000, 0x0000000081c00000, 0x0000000081c00000|100%| O|  |TAMS 0x0000000081c00000, 0x0000000081b00000| Untracked 
|  28|0x0000000081c00000, 0x0000000081d00000, 0x0000000081d00000|100%| O|  |TAMS 0x0000000081d00000, 0x0000000081c00000| Untracked 
|  29|0x0000000081d00000, 0x0000000081e00000, 0x0000000081e00000|100%| O|  |TAMS 0x0000000081e00000, 0x0000000081d00000| Untracked 
|  30|0x0000000081e00000, 0x0000000081f00000, 0x0000000081f00000|100%| O|  |TAMS 0x0000000081f00000, 0x0000000081e00000| Untracked 
|  31|0x0000000081f00000, 0x0000000082000000, 0x0000000082000000|100%| O|  |TAMS 0x0000000082000000, 0x0000000081f00000| Untracked 
|  32|0x0000000082000000, 0x0000000082100000, 0x0000000082100000|100%| O|  |TAMS 0x0000000082100000, 0x0000000082000000| Untracked 
|  33|0x0000000082100000, 0x0000000082200000, 0x0000000082200000|100%| O|  |TAMS 0x0000000082200000, 0x0000000082100000| Untracked 
|  34|0x0000000082200000, 0x0000000082300000, 0x0000000082300000|100%| O|  |TAMS 0x0000000082300000, 0x0000000082200000| Untracked 
|  35|0x0000000082300000, 0x0000000082400000, 0x0000000082400000|100%| O|  |TAMS 0x0000000082400000, 0x0000000082300000| Untracked 
|  36|0x0000000082400000, 0x0000000082500000, 0x0000000082500000|100%| O|  |TAMS 0x0000000082500000, 0x0000000082400000| Untracked 
|  37|0x0000000082500000, 0x0000000082500000, 0x0000000082600000|  0%| F|  |TAMS 0x0000000082500000, 0x0000000082500000| Untracked 
|  38|0x0000000082600000, 0x0000000082700000, 0x0000000082700000|100%| O|  |TAMS 0x0000000082600000, 0x0000000082600000| Untracked 
|  39|0x0000000082700000, 0x0000000082800000, 0x0000000082800000|100%| O|  |TAMS 0x0000000082800000, 0x0000000082700000| Untracked 
|  40|0x0000000082800000, 0x0000000082900000, 0x0000000082900000|100%| O|  |TAMS 0x0000000082900000, 0x0000000082800000| Untracked 
|  41|0x0000000082900000, 0x0000000082a00000, 0x0000000082a00000|100%| O|  |TAMS 0x0000000082a00000, 0x0000000082900000| Untracked 
|  42|0x0000000082a00000, 0x0000000082b00000, 0x0000000082b00000|100%| O|  |TAMS 0x0000000082b00000, 0x0000000082a00000| Untracked 
|  43|0x0000000082b00000, 0x0000000082c00000, 0x0000000082c00000|100%|HS|  |TAMS 0x0000000082c00000, 0x0000000082b00000| Complete 
|  44|0x0000000082c00000, 0x0000000082d00000, 0x0000000082d00000|100%|HC|  |TAMS 0x0000000082d00000, 0x0000000082c00000| Complete 
|  45|0x0000000082d00000, 0x0000000082e00000, 0x0000000082e00000|100%|HS|  |TAMS 0x0000000082e00000, 0x0000000082d00000| Complete 
|  46|0x0000000082e00000, 0x0000000082f00000, 0x0000000082f00000|100%|HC|  |TAMS 0x0000000082f00000, 0x0000000082e00000| Complete 
|  47|0x0000000082f00000, 0x0000000083000000, 0x0000000083000000|100%|HS|  |TAMS 0x0000000083000000, 0x0000000082f00000| Complete 
|  48|0x0000000083000000, 0x0000000083100000, 0x0000000083100000|100%|HC|  |TAMS 0x0000000083100000, 0x0000000083000000| Complete 
|  49|0x0000000083100000, 0x0000000083200000, 0x0000000083200000|100%|HC|  |TAMS 0x0000000083200000, 0x0000000083100000| Complete 
|  50|0x0000000083200000, 0x0000000083300000, 0x0000000083300000|100%|HC|  |TAMS 0x0000000083300000, 0x0000000083200000| Complete 
|  51|0x0000000083300000, 0x0000000083400000, 0x0000000083400000|100%|HS|  |TAMS 0x0000000083400000, 0x0000000083300000| Complete 
|  52|0x0000000083400000, 0x0000000083500000, 0x0000000083500000|100%|HC|  |TAMS 0x0000000083500000, 0x0000000083400000| Complete 
|  53|0x0000000083500000, 0x0000000083600000, 0x0000000083600000|100%|HC|  |TAMS 0x0000000083600000, 0x0000000083500000| Complete 
|  54|0x0000000083600000, 0x0000000083700000, 0x0000000083700000|100%|HC|  |TAMS 0x0000000083700000, 0x0000000083600000| Complete 
|  55|0x0000000083700000, 0x0000000083800000, 0x0000000083800000|100%| O|  |TAMS 0x0000000083700000, 0x0000000083700000| Untracked 
|  56|0x0000000083800000, 0x000000008383de00, 0x0000000083900000| 24%| O|  |TAMS 0x0000000083800000, 0x0000000083800000| Untracked 
|  57|0x0000000083900000, 0x0000000083900000, 0x0000000083a00000|  0%| F|  |TAMS 0x0000000083900000, 0x0000000083900000| Untracked 
|  58|0x0000000083a00000, 0x0000000083a00000, 0x0000000083b00000|  0%| F|  |TAMS 0x0000000083a00000, 0x0000000083a00000| Untracked 
|  59|0x0000000083b00000, 0x0000000083c00000, 0x0000000083c00000|100%| O|  |TAMS 0x0000000083c00000, 0x0000000083b00000| Untracked 
|  60|0x0000000083c00000, 0x0000000083d00000, 0x0000000083d00000|100%| O|  |TAMS 0x0000000083d00000, 0x0000000083c00000| Untracked 
|  61|0x0000000083d00000, 0x0000000083e00000, 0x0000000083e00000|100%| O|  |TAMS 0x0000000083e00000, 0x0000000083d00000| Untracked 
|  62|0x0000000083e00000, 0x0000000083f00000, 0x0000000083f00000|100%| O|  |TAMS 0x0000000083ea6400, 0x0000000083e00000| Untracked 
|  63|0x0000000083f00000, 0x0000000083f00000, 0x0000000084000000|  0%| F|  |TAMS 0x0000000083f00000, 0x0000000083f00000| Untracked 
|  64|0x0000000084000000, 0x0000000084000000, 0x0000000084100000|  0%| F|  |TAMS 0x0000000084000000, 0x0000000084000000| Untracked 
|  65|0x0000000084100000, 0x0000000084100000, 0x0000000084200000|  0%| F|  |TAMS 0x0000000084100000, 0x0000000084100000| Untracked 
|  66|0x0000000084200000, 0x0000000084200000, 0x0000000084300000|  0%| F|  |TAMS 0x0000000084200000, 0x0000000084200000| Untracked 
|  67|0x0000000084300000, 0x0000000084300000, 0x0000000084400000|  0%| F|  |TAMS 0x0000000084300000, 0x0000000084300000| Untracked 
|  68|0x0000000084400000, 0x0000000084400000, 0x0000000084500000|  0%| F|  |TAMS 0x0000000084400000, 0x0000000084400000| Untracked 
|  69|0x0000000084500000, 0x0000000084500000, 0x0000000084600000|  0%| F|  |TAMS 0x0000000084500000, 0x0000000084500000| Untracked 
|  70|0x0000000084600000, 0x0000000084600000, 0x0000000084700000|  0%| F|  |TAMS 0x0000000084600000, 0x0000000084600000| Untracked 
|  71|0x0000000084700000, 0x0000000084700000, 0x0000000084800000|  0%| F|  |TAMS 0x0000000084700000, 0x0000000084700000| Untracked 
|  72|0x0000000084800000, 0x0000000084800000, 0x0000000084900000|  0%| F|  |TAMS 0x0000000084800000, 0x0000000084800000| Untracked 
|  73|0x0000000084900000, 0x0000000084900000, 0x0000000084a00000|  0%| F|  |TAMS 0x0000000084900000, 0x0000000084900000| Untracked 
|  74|0x0000000084a00000, 0x0000000084a00000, 0x0000000084b00000|  0%| F|  |TAMS 0x0000000084a00000, 0x0000000084a00000| Untracked 
|  75|0x0000000084b00000, 0x0000000084b00000, 0x0000000084c00000|  0%| F|  |TAMS 0x0000000084b00000, 0x0000000084b00000| Untracked 
|  76|0x0000000084c00000, 0x0000000084c00000, 0x0000000084d00000|  0%| F|  |TAMS 0x0000000084c00000, 0x0000000084c00000| Untracked 
|  77|0x0000000084d00000, 0x0000000084d00000, 0x0000000084e00000|  0%| F|  |TAMS 0x0000000084d00000, 0x0000000084d00000| Untracked 
|  78|0x0000000084e00000, 0x0000000084e00000, 0x0000000084f00000|  0%| F|  |TAMS 0x0000000084e00000, 0x0000000084e00000| Untracked 
|  79|0x0000000084f00000, 0x0000000084f00000, 0x0000000085000000|  0%| F|  |TAMS 0x0000000084f00000, 0x0000000084f00000| Untracked 
|  80|0x0000000085000000, 0x0000000085000000, 0x0000000085100000|  0%| F|  |TAMS 0x0000000085000000, 0x0000000085000000| Untracked 
|  81|0x0000000085100000, 0x0000000085100000, 0x0000000085200000|  0%| F|  |TAMS 0x0000000085100000, 0x0000000085100000| Untracked 
|  82|0x0000000085200000, 0x0000000085200000, 0x0000000085300000|  0%| F|  |TAMS 0x0000000085200000, 0x0000000085200000| Untracked 
|  83|0x0000000085300000, 0x0000000085300000, 0x0000000085400000|  0%| F|  |TAMS 0x0000000085300000, 0x0000000085300000| Untracked 
|  84|0x0000000085400000, 0x0000000085400000, 0x0000000085500000|  0%| F|  |TAMS 0x0000000085400000, 0x0000000085400000| Untracked 
|  85|0x0000000085500000, 0x0000000085500000, 0x0000000085600000|  0%| F|  |TAMS 0x0000000085500000, 0x0000000085500000| Untracked 
|  86|0x0000000085600000, 0x0000000085600000, 0x0000000085700000|  0%| F|  |TAMS 0x0000000085600000, 0x0000000085600000| Untracked 
|  87|0x0000000085700000, 0x0000000085700000, 0x0000000085800000|  0%| F|  |TAMS 0x0000000085700000, 0x0000000085700000| Untracked 
|  88|0x0000000085800000, 0x0000000085800000, 0x0000000085900000|  0%| F|  |TAMS 0x0000000085800000, 0x0000000085800000| Untracked 
|  89|0x0000000085900000, 0x0000000085900000, 0x0000000085a00000|  0%| F|  |TAMS 0x0000000085900000, 0x0000000085900000| Untracked 
|  90|0x0000000085a00000, 0x0000000085a00000, 0x0000000085b00000|  0%| F|  |TAMS 0x0000000085a00000, 0x0000000085a00000| Untracked 
|  91|0x0000000085b00000, 0x0000000085b00000, 0x0000000085c00000|  0%| F|  |TAMS 0x0000000085b00000, 0x0000000085b00000| Untracked 
|  92|0x0000000085c00000, 0x0000000085c00000, 0x0000000085d00000|  0%| F|  |TAMS 0x0000000085c00000, 0x0000000085c00000| Untracked 
|  93|0x0000000085d00000, 0x0000000085d00000, 0x0000000085e00000|  0%| F|  |TAMS 0x0000000085d00000, 0x0000000085d00000| Untracked 
|  94|0x0000000085e00000, 0x0000000085e00000, 0x0000000085f00000|  0%| F|  |TAMS 0x0000000085e00000, 0x0000000085e00000| Untracked 
|  95|0x0000000085f00000, 0x0000000085f00000, 0x0000000086000000|  0%| F|  |TAMS 0x0000000085f00000, 0x0000000085f00000| Untracked 
|  96|0x0000000086000000, 0x0000000086000000, 0x0000000086100000|  0%| F|  |TAMS 0x0000000086000000, 0x0000000086000000| Untracked 
|  97|0x0000000086100000, 0x0000000086100000, 0x0000000086200000|  0%| F|  |TAMS 0x0000000086100000, 0x0000000086100000| Untracked 
|  98|0x0000000086200000, 0x0000000086200000, 0x0000000086300000|  0%| F|  |TAMS 0x0000000086200000, 0x0000000086200000| Untracked 
|  99|0x0000000086300000, 0x0000000086356490, 0x0000000086400000| 33%| S|CS|TAMS 0x0000000086300000, 0x0000000086300000| Complete 
| 100|0x0000000086400000, 0x0000000086400000, 0x0000000086500000|  0%| F|  |TAMS 0x0000000086400000, 0x0000000086400000| Untracked 
| 101|0x0000000086500000, 0x0000000086500000, 0x0000000086600000|  0%| F|  |TAMS 0x0000000086500000, 0x0000000086500000| Untracked 
| 102|0x0000000086600000, 0x0000000086600000, 0x0000000086700000|  0%| F|  |TAMS 0x0000000086600000, 0x0000000086600000| Untracked 
| 117|0x0000000087500000, 0x0000000087500000, 0x0000000087600000|  0%| F|  |TAMS 0x0000000087500000, 0x0000000087500000| Untracked 

Card table byte_map: [0x000001fbe48f0000,0x000001fbe4cf0000] _byte_map_base: 0x000001fbe44f0000

Marking Bits (Prev, Next): (CMBitMap*) 0x000001fbcd1930e0, (CMBitMap*) 0x000001fbcd193120
 Prev Bits: [0x000001fbe50f0000, 0x000001fbe70f0000)
 Next Bits: [0x000001fbe70f0000, 0x000001fbe90f0000)

Polling page: 0x000001fbcade0000

Metaspace:

Usage:
  Non-class:     51.17 MB used.
      Class:      8.42 MB used.
       Both:     59.59 MB used.

Virtual space:
  Non-class space:       64.00 MB reserved,      51.44 MB ( 80%) committed,  1 nodes.
      Class space:      416.00 MB reserved,       8.75 MB (  2%) committed,  1 nodes.
             Both:      480.00 MB reserved,      60.19 MB ( 13%) committed. 

Chunk freelists:
   Non-Class:  11.94 MB
       Class:  7.28 MB
        Both:  19.22 MB

MaxMetaspaceSize: 512.00 MB
CompressedClassSpaceSize: 416.00 MB
Initial GC threshold: 21.00 MB
Current GC threshold: 98.88 MB
CDS: on
MetaspaceReclaimPolicy: balanced
 - commit_granule_bytes: 65536.
 - commit_granule_words: 8192.
 - virtual_space_node_default_size: 8388608.
 - enlarge_chunks_in_place: 1.
 - new_chunks_are_fully_committed: 0.
 - uncommit_free_chunks: 1.
 - use_allocation_guard: 0.
 - handle_deallocations: 1.


Internal statistics:

num_allocs_failed_limit: 6.
num_arena_births: 808.
num_arena_deaths: 0.
num_vsnodes_births: 2.
num_vsnodes_deaths: 0.
num_space_committed: 963.
num_space_uncommitted: 0.
num_chunks_returned_to_freelist: 6.
num_chunks_taken_from_freelist: 3295.
num_chunk_merges: 6.
num_chunk_splits: 2165.
num_chunks_enlarged: 1447.
num_inconsistent_stats: 0.

CodeHeap 'non-profiled nmethods': size=119168Kb used=3759Kb max_used=3759Kb free=115408Kb
 bounds [0x000001fbdc810000, 0x000001fbdcbc0000, 0x000001fbe3c70000]
CodeHeap 'profiled nmethods': size=119104Kb used=13816Kb max_used=13816Kb free=105287Kb
 bounds [0x000001fbd4c70000, 0x000001fbd59f0000, 0x000001fbdc0c0000]
CodeHeap 'non-nmethods': size=7488Kb used=2370Kb max_used=2405Kb free=5118Kb
 bounds [0x000001fbdc0c0000, 0x000001fbdc330000, 0x000001fbdc810000]
 total_blobs=8073 nmethods=7175 adapters=810
 compilation: enabled
              stopped_count=0, restarted_count=0
 full_count=0

Compilation events (20 events):
Event: 146.200 Thread 0x000001fbec0d3520 8047       3       org.gradle.api.internal.provider.DefaultProperty::<init> (27 bytes)
Event: 146.201 Thread 0x000001fbec0d3520 nmethod 8047 0x000001fbd59e1e90 code [0x000001fbd59e2100, 0x000001fbd59e2fe8]
Event: 146.201 Thread 0x000001fbec0d3520 8048       3       org.gradle.api.internal.provider.AbstractProperty::init (7 bytes)
Event: 146.201 Thread 0x000001fbec0d3520 nmethod 8048 0x000001fbd59e3410 code [0x000001fbd59e35c0, 0x000001fbd59e38c8]
Event: 146.203 Thread 0x000001fbec0d3520 8049       3       org.gradle.api.internal.artifacts.ivyservice.moduleconverter.DefaultRootComponentMetadataBuilder$MetadataHolder::validateMutation (23 bytes)
Event: 146.204 Thread 0x000001fbec0d3520 nmethod 8049 0x000001fbd59e3a10 code [0x000001fbd59e3c40, 0x000001fbd59e4498]
Event: 146.217 Thread 0x000001fbec0d3520 8052       3       kotlin.collections.CollectionsKt___CollectionsKt::joinTo (156 bytes)
Event: 146.220 Thread 0x000001fbec0d3520 nmethod 8052 0x000001fbd59e4810 code [0x000001fbd59e4d20, 0x000001fbd59e71b8]
Event: 146.220 Thread 0x000001fbec0d3520 8050       3       kotlin.collections.CollectionsKt___CollectionsKt::joinToString$default (94 bytes)
Event: 146.220 Thread 0x000001fbec0d3520 nmethod 8050 0x000001fbd59e7e90 code [0x000001fbd59e8040, 0x000001fbd59e82e8]
Event: 146.220 Thread 0x000001fbec0d3520 8051       3       kotlin.collections.CollectionsKt___CollectionsKt::joinToString (72 bytes)
Event: 146.222 Thread 0x000001fbec0d3520 nmethod 8051 0x000001fbd59e8390 code [0x000001fbd59e8800, 0x000001fbd59ea4a8]
Event: 146.222 Thread 0x000001fbec0d3520 8053       3       org.gradle.api.internal.project.DefaultProject::getProjectPath (10 bytes)
Event: 146.222 Thread 0x000001fbec0d3520 nmethod 8053 0x000001fbd59eae90 code [0x000001fbd59eb020, 0x000001fbd59eb198]
Event: 146.223 Thread 0x000001fbec0d3520 8054       3       java.util.TreeMap$Entry::<init> (25 bytes)
Event: 146.223 Thread 0x000001fbec0d3520 nmethod 8054 0x000001fbd59eb290 code [0x000001fbd59eb440, 0x000001fbd59eb6b8]
Event: 146.224 Thread 0x000001fbec0d3520 8055       3       org.gradle.internal.Describables::of (10 bytes)
Event: 146.224 Thread 0x000001fbec0d3520 nmethod 8055 0x000001fbd59eb790 code [0x000001fbd59eb940, 0x000001fbd59ebcb8]
Event: 146.224 Thread 0x000001fbec0d3520 8056       3       org.gradle.internal.Describables$TwoPartDescribable::<init> (16 bytes)
Event: 146.224 Thread 0x000001fbec0d3520 nmethod 8056 0x000001fbd59ebe10 code [0x000001fbd59ebfc0, 0x000001fbd59ec298]

GC Heap History (20 events):
Event: 104.084 GC heap before
{Heap before GC invocations=15 (full 0):
 garbage-first heap   total 92160K, used 74938K [0x0000000080000000, 0x0000000100000000)
  region size 1024K, 40 young (40960K), 3 survivors (3072K)
 Metaspace       used 44647K, committed 45184K, reserved 491520K
  class space    used 6221K, committed 6464K, reserved 425984K
}
Event: 104.091 GC heap after
{Heap after GC invocations=16 (full 0):
 garbage-first heap   total 92160K, used 37069K [0x0000000080000000, 0x0000000100000000)
  region size 1024K, 4 young (4096K), 4 survivors (4096K)
 Metaspace       used 44647K, committed 45184K, reserved 491520K
  class space    used 6221K, committed 6464K, reserved 425984K
}
Event: 110.232 GC heap before
{Heap before GC invocations=16 (full 0):
 garbage-first heap   total 92160K, used 74957K [0x0000000080000000, 0x0000000100000000)
  region size 1024K, 41 young (41984K), 4 survivors (4096K)
 Metaspace       used 49113K, committed 49728K, reserved 491520K
  class space    used 6838K, committed 7104K, reserved 425984K
}
Event: 110.242 GC heap after
{Heap after GC invocations=17 (full 0):
 garbage-first heap   total 92160K, used 38304K [0x0000000080000000, 0x0000000100000000)
  region size 1024K, 4 young (4096K), 4 survivors (4096K)
 Metaspace       used 49113K, committed 49728K, reserved 491520K
  class space    used 6838K, committed 7104K, reserved 425984K
}
Event: 131.295 GC heap before
{Heap before GC invocations=17 (full 0):
 garbage-first heap   total 92160K, used 76192K [0x0000000080000000, 0x0000000100000000)
  region size 1024K, 41 young (41984K), 4 survivors (4096K)
 Metaspace       used 52359K, committed 52928K, reserved 491520K
  class space    used 7357K, committed 7616K, reserved 425984K
}
Event: 131.336 GC heap after
{Heap after GC invocations=18 (full 0):
 garbage-first heap   total 92160K, used 40155K [0x0000000080000000, 0x0000000100000000)
  region size 1024K, 5 young (5120K), 5 survivors (5120K)
 Metaspace       used 52359K, committed 52928K, reserved 491520K
  class space    used 7357K, committed 7616K, reserved 425984K
}
Event: 134.929 GC heap before
{Heap before GC invocations=18 (full 0):
 garbage-first heap   total 92160K, used 74971K [0x0000000080000000, 0x0000000100000000)
  region size 1024K, 40 young (40960K), 5 survivors (5120K)
 Metaspace       used 52865K, committed 53376K, reserved 491520K
  class space    used 7387K, committed 7616K, reserved 425984K
}
Event: 134.978 GC heap after
{Heap after GC invocations=19 (full 0):
 garbage-first heap   total 92160K, used 45307K [0x0000000080000000, 0x0000000100000000)
  region size 1024K, 5 young (5120K), 5 survivors (5120K)
 Metaspace       used 52865K, committed 53376K, reserved 491520K
  class space    used 7387K, committed 7616K, reserved 425984K
}
Event: 136.205 GC heap before
{Heap before GC invocations=19 (full 0):
 garbage-first heap   total 92160K, used 73979K [0x0000000080000000, 0x0000000100000000)
  region size 1024K, 33 young (33792K), 5 survivors (5120K)
 Metaspace       used 55393K, committed 56000K, reserved 491520K
  class space    used 7814K, committed 8128K, reserved 425984K
}
Event: 136.223 GC heap after
{Heap after GC invocations=20 (full 0):
 garbage-first heap   total 92160K, used 45204K [0x0000000080000000, 0x0000000100000000)
  region size 1024K, 2 young (2048K), 2 survivors (2048K)
 Metaspace       used 55393K, committed 56000K, reserved 491520K
  class space    used 7814K, committed 8128K, reserved 425984K
}
Event: 141.338 GC heap before
{Heap before GC invocations=20 (full 0):
 garbage-first heap   total 92160K, used 53396K [0x0000000080000000, 0x0000000100000000)
  region size 1024K, 11 young (11264K), 2 survivors (2048K)
 Metaspace       used 55860K, committed 56512K, reserved 491520K
  class space    used 7898K, committed 8192K, reserved 425984K
}
Event: 141.355 GC heap after
{Heap after GC invocations=21 (full 0):
 garbage-first heap   total 92160K, used 45840K [0x0000000080000000, 0x0000000100000000)
  region size 1024K, 3 young (3072K), 3 survivors (3072K)
 Metaspace       used 55860K, committed 56512K, reserved 491520K
  class space    used 7898K, committed 8192K, reserved 425984K
}
Event: 143.697 GC heap before
{Heap before GC invocations=22 (full 0):
 garbage-first heap   total 92160K, used 85776K [0x0000000080000000, 0x0000000100000000)
  region size 1024K, 31 young (31744K), 3 survivors (3072K)
 Metaspace       used 58392K, committed 59072K, reserved 491520K
  class space    used 8279K, committed 8640K, reserved 425984K
}
Event: 143.701 GC heap after
{Heap after GC invocations=23 (full 0):
 garbage-first heap   total 92160K, used 59996K [0x0000000080000000, 0x0000000100000000)
  region size 1024K, 4 young (4096K), 4 survivors (4096K)
 Metaspace       used 58392K, committed 59072K, reserved 491520K
  class space    used 8279K, committed 8640K, reserved 425984K
}
Event: 143.845 GC heap before
{Heap before GC invocations=23 (full 0):
 garbage-first heap   total 92160K, used 59996K [0x0000000080000000, 0x0000000100000000)
  region size 1024K, 5 young (5120K), 4 survivors (4096K)
 Metaspace       used 58489K, committed 59200K, reserved 491520K
  class space    used 8288K, committed 8640K, reserved 425984K
}
Event: 143.858 GC heap after
{Heap after GC invocations=24 (full 0):
 garbage-first heap   total 92160K, used 59303K [0x0000000080000000, 0x0000000100000000)
  region size 1024K, 1 young (1024K), 1 survivors (1024K)
 Metaspace       used 58489K, committed 59200K, reserved 491520K
  class space    used 8288K, committed 8640K, reserved 425984K
}
Event: 144.738 GC heap before
{Heap before GC invocations=24 (full 0):
 garbage-first heap   total 92160K, used 75687K [0x0000000080000000, 0x0000000100000000)
  region size 1024K, 18 young (18432K), 1 survivors (1024K)
 Metaspace       used 59966K, committed 60672K, reserved 491520K
  class space    used 8467K, committed 8832K, reserved 425984K
}
Event: 144.746 GC heap after
{Heap after GC invocations=25 (full 0):
 garbage-first heap   total 92160K, used 60321K [0x0000000080000000, 0x0000000100000000)
  region size 1024K, 2 young (2048K), 2 survivors (2048K)
 Metaspace       used 59966K, committed 60672K, reserved 491520K
  class space    used 8467K, committed 8832K, reserved 425984K
}
Event: 145.967 GC heap before
{Heap before GC invocations=26 (full 0):
 garbage-first heap   total 106496K, used 74657K [0x0000000080000000, 0x0000000100000000)
  region size 1024K, 16 young (16384K), 2 survivors (2048K)
 Metaspace       used 60778K, committed 61376K, reserved 491520K
  class space    used 8587K, committed 8896K, reserved 425984K
}
Event: 146.030 GC heap after
{Heap after GC invocations=27 (full 0):
 garbage-first heap   total 106496K, used 61286K [0x0000000080000000, 0x0000000100000000)
  region size 1024K, 1 young (1024K), 1 survivors (1024K)
 Metaspace       used 60778K, committed 61376K, reserved 491520K
  class space    used 8587K, committed 8896K, reserved 425984K
}

Dll operation events (15 events):
Event: 0.094 Loaded shared library C:\Program Files\Microsoft\jdk-17.0.13.11-hotspot\bin\java.dll
Event: 0.801 Loaded shared library C:\Program Files\Microsoft\jdk-17.0.13.11-hotspot\bin\jsvml.dll
Event: 1.366 Loaded shared library C:\Program Files\Microsoft\jdk-17.0.13.11-hotspot\bin\zip.dll
Event: 1.370 Loaded shared library C:\Program Files\Microsoft\jdk-17.0.13.11-hotspot\bin\instrument.dll
Event: 1.378 Loaded shared library C:\Program Files\Microsoft\jdk-17.0.13.11-hotspot\bin\net.dll
Event: 1.586 Loaded shared library C:\Program Files\Microsoft\jdk-17.0.13.11-hotspot\bin\nio.dll
Event: 1.634 Loaded shared library C:\Program Files\Microsoft\jdk-17.0.13.11-hotspot\bin\zip.dll
Event: 3.841 Loaded shared library C:\Program Files\Microsoft\jdk-17.0.13.11-hotspot\bin\jimage.dll
Event: 6.375 Loaded shared library C:\Program Files\Microsoft\jdk-17.0.13.11-hotspot\bin\verify.dll
Event: 7.881 Loaded shared library C:\Users\STAR\.gradle\native\c067742578af261105cb4f569cf0c3c89f3d7b1fecec35dd04571415982c5e48\windows-amd64\native-platform.dll
Event: 7.902 Loaded shared library C:\Users\STAR\.gradle\native\100fb08df4bc3b14c8652ba06237920a3bd2aa13389f12d3474272988ae205f9\windows-amd64\native-platform-file-events.dll
Event: 23.771 Loaded shared library C:\Program Files\Microsoft\jdk-17.0.13.11-hotspot\bin\management.dll
Event: 23.828 Loaded shared library C:\Program Files\Microsoft\jdk-17.0.13.11-hotspot\bin\management_ext.dll
Event: 26.282 Loaded shared library C:\Program Files\Microsoft\jdk-17.0.13.11-hotspot\bin\extnet.dll
Event: 31.053 Loaded shared library C:\Program Files\Microsoft\jdk-17.0.13.11-hotspot\bin\sunmscapi.dll

Deoptimization events (20 events):
Event: 144.645 Thread 0x000001fbec267990 Uncommon trap: trap_request=0xffffffde fr.pc=0x000001fbdcbb1928 relative=0x0000000000000548
Event: 144.645 Thread 0x000001fbec267990 Uncommon trap: reason=class_check action=maybe_recompile pc=0x000001fbdcbb1928 method=kotlin.reflect.jvm.internal.impl.protobuf.CodedInputStream.tryRefillBuffer(I)Z @ 175 c2
Event: 144.645 Thread 0x000001fbec267990 DEOPT PACKING pc=0x000001fbdcbb1928 sp=0x0000005a21af4570
Event: 144.645 Thread 0x000001fbec267990 DEOPT UNPACKING pc=0x000001fbdc1169a3 sp=0x0000005a21af4458 mode 2
Event: 144.650 Thread 0x000001fbec267990 Uncommon trap: trap_request=0xffffffde fr.pc=0x000001fbdcbb1928 relative=0x0000000000000548
Event: 144.650 Thread 0x000001fbec267990 Uncommon trap: reason=class_check action=maybe_recompile pc=0x000001fbdcbb1928 method=kotlin.reflect.jvm.internal.impl.protobuf.CodedInputStream.tryRefillBuffer(I)Z @ 175 c2
Event: 144.650 Thread 0x000001fbec267990 DEOPT PACKING pc=0x000001fbdcbb1928 sp=0x0000005a21af4570
Event: 144.650 Thread 0x000001fbec267990 DEOPT UNPACKING pc=0x000001fbdc1169a3 sp=0x0000005a21af4458 mode 2
Event: 144.651 Thread 0x000001fbec267990 Uncommon trap: trap_request=0xffffffde fr.pc=0x000001fbdcbb1928 relative=0x0000000000000548
Event: 144.651 Thread 0x000001fbec267990 Uncommon trap: reason=class_check action=maybe_recompile pc=0x000001fbdcbb1928 method=kotlin.reflect.jvm.internal.impl.protobuf.CodedInputStream.tryRefillBuffer(I)Z @ 175 c2
Event: 144.651 Thread 0x000001fbec267990 DEOPT PACKING pc=0x000001fbdcbb1928 sp=0x0000005a21af4660
Event: 144.651 Thread 0x000001fbec267990 DEOPT UNPACKING pc=0x000001fbdc1169a3 sp=0x0000005a21af4548 mode 2
Event: 144.653 Thread 0x000001fbec267990 Uncommon trap: trap_request=0xffffffde fr.pc=0x000001fbdcbb1928 relative=0x0000000000000548
Event: 144.653 Thread 0x000001fbec267990 Uncommon trap: reason=class_check action=maybe_recompile pc=0x000001fbdcbb1928 method=kotlin.reflect.jvm.internal.impl.protobuf.CodedInputStream.tryRefillBuffer(I)Z @ 175 c2
Event: 144.653 Thread 0x000001fbec267990 DEOPT PACKING pc=0x000001fbdcbb1928 sp=0x0000005a21af4660
Event: 144.653 Thread 0x000001fbec267990 DEOPT UNPACKING pc=0x000001fbdc1169a3 sp=0x0000005a21af4548 mode 2
Event: 145.877 Thread 0x000001fbec267990 Uncommon trap: trap_request=0xffffff45 fr.pc=0x000001fbdcba3d38 relative=0x0000000000000c98
Event: 145.877 Thread 0x000001fbec267990 Uncommon trap: reason=unstable_if action=reinterpret pc=0x000001fbdcba3d38 method=java.util.regex.Pattern.escape(ZZZ)I @ 8 c2
Event: 145.877 Thread 0x000001fbec267990 DEOPT PACKING pc=0x000001fbdcba3d38 sp=0x0000005a21af4710
Event: 145.877 Thread 0x000001fbec267990 DEOPT UNPACKING pc=0x000001fbdc1169a3 sp=0x0000005a21af46b0 mode 2

Classes loaded (20 events):
Event: 142.504 Loading class com/sun/jmx/mbeanserver/StandardMBeanSupport
Event: 142.505 Loading class com/sun/jmx/mbeanserver/StandardMBeanSupport done
Event: 142.505 Loading class com/sun/jmx/mbeanserver/StandardMBeanIntrospector
Event: 142.505 Loading class com/sun/jmx/mbeanserver/StandardMBeanIntrospector done
Event: 143.129 Loading class sun/reflect/misc/MethodUtil
Event: 143.130 Loading class sun/reflect/misc/MethodUtil done
Event: 143.130 Loading class sun/reflect/misc/MethodUtil$1
Event: 143.130 Loading class sun/reflect/misc/MethodUtil$1 done
Event: 143.286 Loading class java/time/temporal/WeekFields
Event: 143.286 Loading class java/time/temporal/WeekFields done
Event: 143.287 Loading class java/time/temporal/WeekFields$ComputedDayOfField
Event: 143.288 Loading class java/time/temporal/WeekFields$ComputedDayOfField done
Event: 143.302 Loading class java/time/Month$1
Event: 143.303 Loading class java/time/Month$1 done
Event: 143.356 Loading class java/nio/channels/Channels$1
Event: 143.359 Loading class java/nio/channels/Channels$1 done
Event: 144.623 Loading class java/lang/Override
Event: 144.623 Loading class java/lang/Override done
Event: 145.460 Loading class java/util/regex/Pattern$Pos
Event: 145.461 Loading class java/util/regex/Pattern$Pos done

Classes unloaded (0 events):
No events

Classes redefined (0 events):
No events

Internal exceptions (20 events):
Event: 131.177 Thread 0x000001fbec267990 Exception <a 'java/lang/NoSuchMethodError'{0x00000000836f97e8}: static Lorg/gradle/api/internal/catalog/PluginModel;.<clinit>()V> (0x00000000836f97e8) 
thrown [s\src\hotspot\share\prims\jni.cpp, line 1112]
Event: 131.179 Thread 0x000001fbec267990 Exception <a 'java/lang/NoSuchMethodError'{0x0000000083514d60}: static Lorg/gradle/api/internal/catalog/VersionModel;.<clinit>()V> (0x0000000083514d60) 
thrown [s\src\hotspot\share\prims\jni.cpp, line 1112]
Event: 131.218 Thread 0x000001fbec267990 Exception <a 'java/lang/NoSuchMethodError'{0x000000008352eda0}: 'void java.lang.invoke.DirectMethodHandle$Holder.invokeSpecial(java.lang.Object, java.lang.Object, java.lang.Object, int)'> (0x000000008352eda0) 
thrown [s\src\hotspot\share\interpreter\linkResolver.cpp, line 759]
Event: 135.735 Thread 0x000001fbec267990 Exception <a 'java/lang/NoSuchMethodError'{0x0000000084aeaa40}: 'void java.lang.invoke.DirectMethodHandle$Holder.invokeVirtual(java.lang.Object, java.lang.Object)'> (0x0000000084aeaa40) 
thrown [s\src\hotspot\share\interpreter\linkResolver.cpp, line 759]
Event: 141.272 Thread 0x000001fbec267990 Implicit null exception at 0x000001fbdca4610f to 0x000001fbdca46784
Event: 141.272 Thread 0x000001fbec267990 Implicit null exception at 0x000001fbdca45214 to 0x000001fbdca458a4
Event: 141.796 Thread 0x000001fbec267990 Exception <a 'java/lang/NoSuchMethodError'{0x00000000853b21b0}: static Lorg/jetbrains/kotlin/gradle/plugin/internal/DefaultConfigurationTimePropertiesAccessorVariantFactory;.<clinit>()V> (0x00000000853b21b0) 
thrown [s\src\hotspot\share\prims\jni.cpp, line 1112]
Event: 141.800 Thread 0x000001fbec267990 Exception <a 'java/lang/NoSuchMethodError'{0x00000000853d59f8}: static Lorg/jetbrains/kotlin/gradle/plugin/internal/DefaultProjectIsolationStartParameterAccessorVariantFactory;.<clinit>()V> (0x00000000853d59f8) 
thrown [s\src\hotspot\share\prims\jni.cpp, line 1112]
Event: 141.805 Thread 0x000001fbec267990 Exception <a 'java/lang/NoSuchMethodError'{0x0000000085208810}: static Lorg/jetbrains/kotlin/gradle/plugin/internal/DefaultArtifactTypeAttributeAccessorVariantFactory;.<clinit>()V> (0x0000000085208810) 
thrown [s\src\hotspot\share\prims\jni.cpp, line 1112]
Event: 141.808 Thread 0x000001fbec267990 Exception <a 'java/lang/NoSuchMethodError'{0x000000008523b328}: static Lorg/jetbrains/kotlin/gradle/plugin/internal/DefaultCompatibilityConventionRegistrar$Factory;.<clinit>()V> (0x000000008523b328) 
thrown [s\src\hotspot\share\prims\jni.cpp, line 1112]
Event: 141.810 Thread 0x000001fbec267990 Exception <a 'java/lang/NoSuchMethodError'{0x000000008525f390}: static Lorg/jetbrains/kotlin/gradle/plugin/internal/DefaultJavaSourceSetsAccessorVariantFactory;.<clinit>()V> (0x000000008525f390) 
thrown [s\src\hotspot\share\prims\jni.cpp, line 1112]
Event: 141.819 Thread 0x000001fbec267990 Exception <a 'java/lang/NoSuchMethodError'{0x0000000085282cc0}: static Lorg/jetbrains/kotlin/gradle/plugin/internal/DefaultIdeaSyncDetectorVariantFactory;.<clinit>()V> (0x0000000085282cc0) 
thrown [s\src\hotspot\share\prims\jni.cpp, line 1112]
Event: 141.822 Thread 0x000001fbec267990 Exception <a 'java/lang/NoSuchMethodError'{0x00000000852a79d8}: static Lorg/jetbrains/kotlin/gradle/plugin/internal/DefaultKotlinTestReportCompatibilityHelperVariantFactory;.<clinit>()V> (0x00000000852a79d8) 
thrown [s\src\hotspot\share\prims\jni.cpp, line 1112]
Event: 141.825 Thread 0x000001fbec267990 Exception <a 'java/lang/NoSuchMethodError'{0x00000000852ceae8}: static Lorg/jetbrains/kotlin/gradle/plugin/internal/DefaultMppTestReportHelperVariantFactory;.<clinit>()V> (0x00000000852ceae8) 
thrown [s\src\hotspot\share\prims\jni.cpp, line 1112]
Event: 141.836 Thread 0x000001fbec267990 Exception <a 'java/lang/NoSuchMethodError'{0x0000000085102088}: static Lorg/jetbrains/kotlin/gradle/plugin/internal/DefaultConfigurationCacheStartParameterAccessorVariantFactory;.<clinit>()V> (0x0000000085102088) 
thrown [s\src\hotspot\share\prims\jni.cpp, line 1112]
Event: 141.850 Thread 0x000001fbec267990 Exception <a 'java/lang/NoSuchMethodError'{0x0000000085127308}: static Lorg/jetbrains/kotlin/gradle/plugin/internal/MavenPluginConfigurator$DefaultMavenPluginConfiguratorVariantFactory;.<clinit>()V> (0x0000000085127308) 
thrown [s\src\hotspot\share\prims\jni.cpp, line 1112]
Event: 141.853 Thread 0x000001fbec267990 Exception <a 'java/lang/NoSuchMethodError'{0x000000008514aa48}: static Lorg/jetbrains/kotlin/gradle/targets/js/nodejs/DefaultUnameExecutorVariantFactory;.<clinit>()V> (0x000000008514aa48) 
thrown [s\src\hotspot\share\prims\jni.cpp, line 1112]
Event: 141.856 Thread 0x000001fbec267990 Exception <a 'java/lang/NoSuchMethodError'{0x000000008516ee88}: static Lorg/jetbrains/kotlin/gradle/plugin/internal/DefaultBasePluginConfigurationVariantFactory;.<clinit>()V> (0x000000008516ee88) 
thrown [s\src\hotspot\share\prims\jni.cpp, line 1112]
Event: 141.926 Thread 0x000001fbec267990 Exception <a 'java/lang/IncompatibleClassChangeError'{0x0000000084d3b168}: Found class java.lang.Object, but interface was expected> (0x0000000084d3b168) 
thrown [s\src\hotspot\share\interpreter\linkResolver.cpp, line 826]
Event: 143.143 Thread 0x000001fbec267990 Implicit null exception at 0x000001fbdc98f0d4 to 0x000001fbdc98f274

VM Operations (20 events):
Event: 141.560 Executing VM operation: HandshakeAllThreads
Event: 141.560 Executing VM operation: HandshakeAllThreads done
Event: 142.562 Executing VM operation: Cleanup
Event: 142.563 Executing VM operation: Cleanup done
Event: 143.577 Executing VM operation: Cleanup
Event: 143.577 Executing VM operation: Cleanup done
Event: 143.697 Executing VM operation: G1CollectForAllocation
Event: 143.702 Executing VM operation: G1CollectForAllocation done
Event: 143.845 Executing VM operation: G1CollectForAllocation
Event: 143.858 Executing VM operation: G1CollectForAllocation done
Event: 144.738 Executing VM operation: G1CollectForAllocation
Event: 144.746 Executing VM operation: G1CollectForAllocation done
Event: 144.800 Executing VM operation: G1PauseRemark
Event: 144.884 Executing VM operation: G1PauseRemark done
Event: 144.908 Executing VM operation: G1PauseCleanup
Event: 144.946 Executing VM operation: G1PauseCleanup done
Event: 145.952 Executing VM operation: Cleanup
Event: 145.953 Executing VM operation: Cleanup done
Event: 145.967 Executing VM operation: G1CollectForAllocation
Event: 146.030 Executing VM operation: G1CollectForAllocation done

Memory protections (0 events):
No events

Nmethod flushes (20 events):
Event: 103.031 Thread 0x000001fbec0d5e40 flushing  nmethod 0x000001fbd54d1a10
Event: 103.031 Thread 0x000001fbec0d5e40 flushing  nmethod 0x000001fbd54d4290
Event: 103.031 Thread 0x000001fbec0d5e40 flushing  nmethod 0x000001fbd54df490
Event: 103.031 Thread 0x000001fbec0d5e40 flushing  nmethod 0x000001fbd54e1990
Event: 103.031 Thread 0x000001fbec0d5e40 flushing  nmethod 0x000001fbd54e2110
Event: 103.031 Thread 0x000001fbec0d5e40 flushing  nmethod 0x000001fbd54e2490
Event: 103.031 Thread 0x000001fbec0d5e40 flushing  nmethod 0x000001fbd54e7c90
Event: 103.031 Thread 0x000001fbec0d5e40 flushing  nmethod 0x000001fbd54e8990
Event: 103.031 Thread 0x000001fbec0d5e40 flushing  nmethod 0x000001fbd54e9790
Event: 103.031 Thread 0x000001fbec0d5e40 flushing  nmethod 0x000001fbd54ea090
Event: 103.031 Thread 0x000001fbec0d5e40 flushing  nmethod 0x000001fbd54eae10
Event: 103.031 Thread 0x000001fbec0d5e40 flushing  nmethod 0x000001fbd54ebf90
Event: 103.031 Thread 0x000001fbec0d5e40 flushing  nmethod 0x000001fbd54ec790
Event: 103.031 Thread 0x000001fbec0d5e40 flushing  nmethod 0x000001fbd5504a90
Event: 103.032 Thread 0x000001fbec0d5e40 flushing  nmethod 0x000001fbd555cd10
Event: 103.033 Thread 0x000001fbec0d5e40 flushing  nmethod 0x000001fbd55c9910
Event: 103.033 Thread 0x000001fbec0d5e40 flushing  nmethod 0x000001fbd55e8110
Event: 103.033 Thread 0x000001fbec0d5e40 flushing  nmethod 0x000001fbd561d290
Event: 103.033 Thread 0x000001fbec0d5e40 flushing  nmethod 0x000001fbd562d390
Event: 103.033 Thread 0x000001fbec0d5e40 flushing  nmethod 0x000001fbd566de90

Events (20 events):
Event: 134.370 Thread 0x000001fbec267990 Thread added: 0x000001fbf3ecdac0
Event: 134.383 Thread 0x000001fbec267990 Thread added: 0x000001fbf3ec6b60
Event: 134.387 Thread 0x000001fbec267990 Thread added: 0x000001fbf3ec7a90
Event: 134.693 Thread 0x000001fbec267990 Thread added: 0x000001fbf3ec89c0
Event: 134.695 Thread 0x000001fbec267990 Thread added: 0x000001fbf2c6f630
Event: 134.698 Thread 0x000001fbec267990 Thread added: 0x000001fbf2c6cdb0
Event: 134.705 Thread 0x000001fbec267990 Thread added: 0x000001fbf2c732f0
Event: 134.707 Thread 0x000001fbec267990 Thread added: 0x000001fbf2c6fb40
Event: 134.709 Thread 0x000001fbec267990 Thread added: 0x000001fbf2c71490
Event: 134.710 Thread 0x000001fbec267990 Thread added: 0x000001fbf2c6e700
Event: 134.712 Thread 0x000001fbec267990 Thread added: 0x000001fbf2c70560
Event: 134.714 Thread 0x000001fbec267990 Thread added: 0x000001fbf2c6dce0
Event: 134.716 Thread 0x000001fbec267990 Thread added: 0x000001fbf2c70050
Event: 134.719 Thread 0x000001fbec267990 Thread added: 0x000001fbf2c70a70
Event: 134.721 Thread 0x000001fbec267990 Thread added: 0x000001fbf2c6d2c0
Event: 134.722 Thread 0x000001fbec267990 Thread added: 0x000001fbf2c6c8a0
Event: 134.723 Thread 0x000001fbec267990 Thread added: 0x000001fbf2c6ec10
Event: 134.728 Thread 0x000001fbec267990 Thread added: 0x000001fbf2c723c0
Event: 135.638 Thread 0x000001fbec267990 Thread added: 0x000001fbf2c71eb0
Event: 142.570 Thread 0x000001fbec267990 Thread added: 0x000001fbf2c73800


Dynamic libraries:
0x00007ff7560f0000 - 0x00007ff7560fe000 	C:\Program Files\Microsoft\jdk-17.0.13.11-hotspot\bin\java.exe
0x00007fffae910000 - 0x00007fffaeb08000 	C:\WINDOWS\SYSTEM32\ntdll.dll
0x00007fffae2f0000 - 0x00007fffae3b2000 	C:\WINDOWS\System32\KERNEL32.DLL
0x00007fffac500000 - 0x00007fffac7f6000 	C:\WINDOWS\System32\KERNELBASE.dll
0x00007fffac160000 - 0x00007fffac260000 	C:\WINDOWS\System32\ucrtbase.dll
0x00007fff73ea0000 - 0x00007fff73ebd000 	C:\Program Files\Microsoft\jdk-17.0.13.11-hotspot\bin\VCRUNTIME140.dll
0x00007fff73ec0000 - 0x00007fff73ed7000 	C:\Program Files\Microsoft\jdk-17.0.13.11-hotspot\bin\jli.dll
0x00007fffacc20000 - 0x00007fffacdbd000 	C:\WINDOWS\System32\USER32.dll
0x00007fffac4d0000 - 0x00007fffac4f2000 	C:\WINDOWS\System32\win32u.dll
0x00007fffae2c0000 - 0x00007fffae2eb000 	C:\WINDOWS\System32\GDI32.dll
0x00007fffac040000 - 0x00007fffac15a000 	C:\WINDOWS\System32\gdi32full.dll
0x00007fffabfa0000 - 0x00007fffac03d000 	C:\WINDOWS\System32\msvcp_win.dll
0x00007fffab360000 - 0x00007fffab5fa000 	C:\WINDOWS\WinSxS\amd64_microsoft.windows.common-controls_6595b64144ccf1df_6.0.19041.4355_none_60b8b9eb71f62e16\COMCTL32.dll
0x00007fffae780000 - 0x00007fffae81e000 	C:\WINDOWS\System32\msvcrt.dll
0x00007fffadd80000 - 0x00007fffaddaf000 	C:\WINDOWS\System32\IMM32.DLL
0x00007fff937f0000 - 0x00007fff937fc000 	C:\Program Files\Microsoft\jdk-17.0.13.11-hotspot\bin\vcruntime140_1.dll
0x00007fff73e10000 - 0x00007fff73e9d000 	C:\Program Files\Microsoft\jdk-17.0.13.11-hotspot\bin\msvcp140.dll
0x00007fff378b0000 - 0x00007fff38521000 	C:\Program Files\Microsoft\jdk-17.0.13.11-hotspot\bin\server\jvm.dll
0x00007fffad4c0000 - 0x00007fffad56f000 	C:\WINDOWS\System32\ADVAPI32.dll
0x00007fffacac0000 - 0x00007fffacb5f000 	C:\WINDOWS\System32\sechost.dll
0x00007fffae4a0000 - 0x00007fffae5c3000 	C:\WINDOWS\System32\RPCRT4.dll
0x00007fffac800000 - 0x00007fffac827000 	C:\WINDOWS\System32\bcrypt.dll
0x00007fffadef0000 - 0x00007fffadf5b000 	C:\WINDOWS\System32\WS2_32.dll
0x00007fffabb90000 - 0x00007fffabbdb000 	C:\WINDOWS\SYSTEM32\POWRPROF.dll
0x00007fffa13b0000 - 0x00007fffa13d7000 	C:\WINDOWS\SYSTEM32\WINMM.dll
0x00007fffa8c80000 - 0x00007fffa8c8a000 	C:\WINDOWS\SYSTEM32\VERSION.dll
0x00007fffab6f0000 - 0x00007fffab702000 	C:\WINDOWS\SYSTEM32\UMPDC.dll
0x00007fffa8fd0000 - 0x00007fffa8fe2000 	C:\WINDOWS\SYSTEM32\kernel.appcore.dll
0x00007fff913d0000 - 0x00007fff913da000 	C:\Program Files\Microsoft\jdk-17.0.13.11-hotspot\bin\jimage.dll
0x00007fffab9a0000 - 0x00007fffabb84000 	C:\WINDOWS\SYSTEM32\DBGHELP.DLL
0x00007fffab730000 - 0x00007fffab764000 	C:\WINDOWS\SYSTEM32\dbgcore.DLL
0x00007fffac440000 - 0x00007fffac4c2000 	C:\WINDOWS\System32\bcryptPrimitives.dll
0x00007fff869c0000 - 0x00007fff869ce000 	C:\Program Files\Microsoft\jdk-17.0.13.11-hotspot\bin\instrument.dll
0x00007fff73de0000 - 0x00007fff73e05000 	C:\Program Files\Microsoft\jdk-17.0.13.11-hotspot\bin\java.dll
0x00007fff73d00000 - 0x00007fff73dd7000 	C:\Program Files\Microsoft\jdk-17.0.13.11-hotspot\bin\jsvml.dll
0x00007fffad600000 - 0x00007fffadd6f000 	C:\WINDOWS\System32\SHELL32.dll
0x00007fffa92d0000 - 0x00007fffa9a73000 	C:\WINDOWS\SYSTEM32\windows.storage.dll
0x00007fffadf60000 - 0x00007fffae2b5000 	C:\WINDOWS\System32\combase.dll
0x00007fffab2c0000 - 0x00007fffab2eb000 	C:\WINDOWS\SYSTEM32\Wldp.dll
0x00007fffacf00000 - 0x00007fffacfcd000 	C:\WINDOWS\System32\OLEAUT32.dll
0x00007fffae820000 - 0x00007fffae8cd000 	C:\WINDOWS\System32\SHCORE.dll
0x00007fffade90000 - 0x00007fffadee5000 	C:\WINDOWS\System32\shlwapi.dll
0x00007fffabed0000 - 0x00007fffabef5000 	C:\WINDOWS\SYSTEM32\profapi.dll
0x00007fff73ca0000 - 0x00007fff73cb8000 	C:\Program Files\Microsoft\jdk-17.0.13.11-hotspot\bin\zip.dll
0x00007fff73ce0000 - 0x00007fff73cfa000 	C:\Program Files\Microsoft\jdk-17.0.13.11-hotspot\bin\net.dll
0x00007fffa3f40000 - 0x00007fffa404a000 	C:\WINDOWS\SYSTEM32\WINHTTP.dll
0x00007fffaafd0000 - 0x00007fffab03c000 	C:\WINDOWS\system32\mswsock.dll
0x00007fff73cc0000 - 0x00007fff73cd6000 	C:\Program Files\Microsoft\jdk-17.0.13.11-hotspot\bin\nio.dll
0x00007fff886b0000 - 0x00007fff886c0000 	C:\Program Files\Microsoft\jdk-17.0.13.11-hotspot\bin\verify.dll
0x00007fff740a0000 - 0x00007fff740c7000 	C:\Users\STAR\.gradle\native\c067742578af261105cb4f569cf0c3c89f3d7b1fecec35dd04571415982c5e48\windows-amd64\native-platform.dll
0x00007fff73b50000 - 0x00007fff73c94000 	C:\Users\STAR\.gradle\native\100fb08df4bc3b14c8652ba06237920a3bd2aa13389f12d3474272988ae205f9\windows-amd64\native-platform-file-events.dll
0x00007fff77f40000 - 0x00007fff77f4a000 	C:\Program Files\Microsoft\jdk-17.0.13.11-hotspot\bin\management.dll
0x00007fff76f50000 - 0x00007fff76f5b000 	C:\Program Files\Microsoft\jdk-17.0.13.11-hotspot\bin\management_ext.dll
0x00007fffacc10000 - 0x00007fffacc18000 	C:\WINDOWS\System32\PSAPI.DLL
0x00007fffabd10000 - 0x00007fffabd28000 	C:\WINDOWS\SYSTEM32\CRYPTSP.dll
0x00007fffaa960000 - 0x00007fffaa998000 	C:\WINDOWS\system32\rsaenh.dll
0x00007fffabe90000 - 0x00007fffabebe000 	C:\WINDOWS\SYSTEM32\USERENV.dll
0x00007fffab250000 - 0x00007fffab25c000 	C:\WINDOWS\SYSTEM32\CRYPTBASE.dll
0x00007fffaacd0000 - 0x00007fffaad0b000 	C:\WINDOWS\SYSTEM32\IPHLPAPI.DLL
0x00007fffadd70000 - 0x00007fffadd78000 	C:\WINDOWS\System32\NSI.dll
0x00007fffa4d40000 - 0x00007fffa4d57000 	C:\WINDOWS\SYSTEM32\dhcpcsvc6.DLL
0x00007fffa5440000 - 0x00007fffa545d000 	C:\WINDOWS\SYSTEM32\dhcpcsvc.DLL
0x00007fffaad20000 - 0x00007fffaadea000 	C:\WINDOWS\SYSTEM32\DNSAPI.dll
0x00007fff869d0000 - 0x00007fff869d9000 	C:\Program Files\Microsoft\jdk-17.0.13.11-hotspot\bin\extnet.dll
0x00007fff869b0000 - 0x00007fff869be000 	C:\Program Files\Microsoft\jdk-17.0.13.11-hotspot\bin\sunmscapi.dll
0x00007fffac260000 - 0x00007fffac3bd000 	C:\WINDOWS\System32\CRYPT32.dll
0x00007fffab330000 - 0x00007fffab357000 	C:\WINDOWS\SYSTEM32\ncrypt.dll
0x00007fffab2f0000 - 0x00007fffab32b000 	C:\WINDOWS\SYSTEM32\NTASN1.dll
0x00007fffa7660000 - 0x00007fffa7667000 	C:\WINDOWS\system32\wshunix.dll

dbghelp: loaded successfully - version: 4.0.5 - missing functions: none
symbol engine: initialized successfully - sym options: 0x614 - pdb path: .;C:\Program Files\Microsoft\jdk-17.0.13.11-hotspot\bin;C:\WINDOWS\SYSTEM32;C:\WINDOWS\WinSxS\amd64_microsoft.windows.common-controls_6595b64144ccf1df_6.0.19041.4355_none_60b8b9eb71f62e16;C:\Program Files\Microsoft\jdk-17.0.13.11-hotspot\bin\server;C:\Users\STAR\.gradle\native\c067742578af261105cb4f569cf0c3c89f3d7b1fecec35dd04571415982c5e48\windows-amd64;C:\Users\STAR\.gradle\native\100fb08df4bc3b14c8652ba06237920a3bd2aa13389f12d3474272988ae205f9\windows-amd64

VM Arguments:
jvm_args: -XX:MaxMetaspaceSize=512m --add-opens=java.base/java.util=ALL-UNNAMED --add-opens=java.base/java.lang=ALL-UNNAMED --add-opens=java.base/java.lang.invoke=ALL-UNNAMED --add-opens=java.prefs/java.util.prefs=ALL-UNNAMED --add-exports=jdk.compiler/com.sun.tools.javac.api=ALL-UNNAMED --add-exports=jdk.compiler/com.sun.tools.javac.util=ALL-UNNAMED --add-opens=java.base/java.nio.charset=ALL-UNNAMED --add-opens=java.base/java.net=ALL-UNNAMED --add-opens=java.base/java.util.concurrent.atomic=ALL-UNNAMED -Xmx2048m -Dfile.encoding=windows-1252 -Duser.country=US -Duser.language=en -Duser.variant -javaagent:C:\Users\STAR\.gradle\wrapper\dists\gradle-8.10.2-all\7iv73wktx1xtkvlq19urqw1wm\gradle-8.10.2\lib\agents\gradle-instrumentation-agent-8.10.2.jar 
java_command: org.gradle.launcher.daemon.bootstrap.GradleDaemon 8.10.2
java_class_path (initial): C:\Users\STAR\.gradle\wrapper\dists\gradle-8.10.2-all\7iv73wktx1xtkvlq19urqw1wm\gradle-8.10.2\lib\gradle-daemon-main-8.10.2.jar
Launcher Type: SUN_STANDARD

[Global flags]
     intx CICompilerCount                          = 12                                        {product} {ergonomic}
   size_t CompressedClassSpaceSize                 = 436207616                                 {product} {ergonomic}
     uint ConcGCThreads                            = 3                                         {product} {ergonomic}
     uint G1ConcRefinementThreads                  = 13                                        {product} {ergonomic}
   size_t G1HeapRegionSize                         = 1048576                                   {product} {ergonomic}
    uintx GCDrainStackTargetSize                   = 64                                        {product} {ergonomic}
   size_t InitialHeapSize                          = 123731968                                 {product} {ergonomic}
   size_t MarkStackSize                            = 4194304                                   {product} {ergonomic}
   size_t MaxHeapSize                              = 2147483648                                {product} {command line}
   size_t MaxMetaspaceSize                         = 536870912                                 {product} {command line}
   size_t MaxNewSize                               = 1287651328                                {product} {ergonomic}
   size_t MinHeapDeltaBytes                        = 1048576                                   {product} {ergonomic}
   size_t MinHeapSize                              = 8388608                                   {product} {ergonomic}
    uintx NonNMethodCodeHeapSize                   = 7602480                                {pd product} {ergonomic}
    uintx NonProfiledCodeHeapSize                  = 122027880                              {pd product} {ergonomic}
    uintx ProfiledCodeHeapSize                     = 122027880                              {pd product} {ergonomic}
    uintx ReservedCodeCacheSize                    = 251658240                              {pd product} {ergonomic}
     bool SegmentedCodeCache                       = true                                      {product} {ergonomic}
   size_t SoftMaxHeapSize                          = 2147483648                             {manageable} {ergonomic}
     bool UseCompressedClassPointers               = true                           {product lp64_product} {ergonomic}
     bool UseCompressedOops                        = true                           {product lp64_product} {ergonomic}
     bool UseG1GC                                  = true                                      {product} {ergonomic}
     bool UseLargePagesIndividualAllocation        = false                                  {pd product} {ergonomic}

Logging:
Log output configuration:
 #0: stdout all=warning uptime,level,tags
 #1: stderr all=off uptime,level,tags

Environment Variables:
JAVA_HOME=C:\Program Files\Microsoft\jdk-17.0.13.11-hotspot
CLASSPATH=D:\projects\video1\zegocloud\android\\gradle\wrapper\gradle-wrapper.jar
PATH=D:\projects\video1\zegocloud\node_modules\.bin;D:\projects\video1\zegocloud\node_modules\.bin;D:\projects\video1\node_modules\.bin;D:\projects\node_modules\.bin;D:\node_modules\.bin;C:\Users\STAR\AppData\Local\nvm\v22.13.0\node_modules\npm\node_modules\@npmcli\run-script\lib\node-gyp-bin;D:\projects\video1\zegocloud\node_modules\.bin;D:\projects\video1\zegocloud\android\node_modules\.bin;D:\projects\video1\zegocloud\node_modules\.bin;D:\projects\video1\node_modules\.bin;D:\projects\node_modules\.bin;D:\node_modules\.bin;C:\Users\STAR\AppData\Local\nvm\v22.13.0\node_modules\npm\node_modules\@npmcli\run-script\lib\node-gyp-bin;C:\Program Files\Microsoft\jdk-17.0.13.11-hotspot\bin;C:\Python313\Scripts\;C:\Python313\;C:\Program Files\Python311\Scripts\;C:\Program Files\Python311\;C:\WINDOWS\system32;C:\WINDOWS;C:\WINDOWS\System32\Wbem;C:\WINDOWS\System32\WindowsPowerShell\v1.0\;C:\WINDOWS\System32\OpenSSH\;C:\Program Files\Git\cmd;C:\Program Files\MongoDB\Server\6.0\bin;C:\Program Files\MySQL\MySQL Server 8.0\bin;C:\Users\STAR\AppData\Roaming\Python\Python311\Scripts;C:\Program Files (x86)\Windows Kits\10\Include\10.0.19041.0\ucrt;C:\Program Files (x86)\Windows Kits\10\Lib\10.0.19041.0\um\x86;C:\Program Files (x86)\Windows Kits\10\Lib\10.0.19041.0\ucrt\x86;C:\Program Files\Docker\Docker\resources\bin;C:\platform-tools;E:\qemu;C:\ProgramData\chocolatey\bin;C:\Users\STAR\AppData\Local\Android\Sdk\platform-tools;C:\Users\STAR\AppData\Local\nvm;C:\nvm4w\nodejs;C:\Users\STAR\AppData\Local\Programs\Eclipse Adoptium\jdk-11.0.26.4-hotspot\bin;C:\Program Files\MySQL\MySQL Shell 8.0\bin\;C:\Users\STAR\AppData\Local\Microsoft\WindowsApps;C:\Users\STAR\AppData\Local\Programs\Microsoft VS Code\bin;C:\Users\STAR\AppData\Roaming\npm;C:\Users\STAR\AppData\Local\Android\Sdk\platform-tools;C:\Users\STAR\AppData\Local\nvm;C:\nvm4w\nodejs;c:\Users\STAR\.vscode\extensions\ms-python.debugpy-2025.6.0-win32-x64\bundled\scripts\noConfigScripts
USERNAME=STAR
LANG=en_US.UTF-8
OS=Windows_NT
PROCESSOR_IDENTIFIER=AMD64 Family 23 Model 96 Stepping 1, AuthenticAMD
TMP=C:\Users\STAR\AppData\Local\Temp
TEMP=C:\Users\STAR\AppData\Local\Temp



Periodic native trim disabled


---------------  S Y S T E M  ---------------

OS:
 Windows 10 , 64 bit Build 19041 (10.0.19041.5678)
OS uptime: 2 days 2:07 hours
Hyper-V role detected

CPU: total 16 (initial active 16) (16 cores per cpu, 2 threads per core) family 23 model 96 stepping 1 microcode 0x0, cx8, cmov, fxsr, ht, mmx, 3dnowpref, sse, sse2, sse3, ssse3, sse4a, sse4.1, sse4.2, popcnt, lzcnt, tsc, tscinvbit, avx, avx2, aes, clmul, bmi1, bmi2, adx, sha, fma, vzeroupper, clflush, clflushopt, hv
Processor Information for processor 0
  Max Mhz: 2900, Current Mhz: 1400, Mhz Limit: 2900
Processor Information for processor 1
  Max Mhz: 2900, Current Mhz: 1400, Mhz Limit: 2900
Processor Information for processor 2
  Max Mhz: 2900, Current Mhz: 1400, Mhz Limit: 2900
Processor Information for processor 3
  Max Mhz: 2900, Current Mhz: 1400, Mhz Limit: 2900
Processor Information for processor 4
  Max Mhz: 2900, Current Mhz: 2900, Mhz Limit: 2900
Processor Information for processor 5
  Max Mhz: 2900, Current Mhz: 2900, Mhz Limit: 2900
Processor Information for processor 6
  Max Mhz: 2900, Current Mhz: 1400, Mhz Limit: 2900
Processor Information for processor 7
  Max Mhz: 2900, Current Mhz: 1400, Mhz Limit: 2900
Processor Information for processor 8
  Max Mhz: 2900, Current Mhz: 2900, Mhz Limit: 2900
Processor Information for processor 9
  Max Mhz: 2900, Current Mhz: 2900, Mhz Limit: 2900
Processor Information for processor 10
  Max Mhz: 2900, Current Mhz: 2900, Mhz Limit: 2900
Processor Information for processor 11
  Max Mhz: 2900, Current Mhz: 2900, Mhz Limit: 2900
Processor Information for processor 12
  Max Mhz: 2900, Current Mhz: 1400, Mhz Limit: 2900
Processor Information for processor 13
  Max Mhz: 2900, Current Mhz: 1400, Mhz Limit: 2900
Processor Information for processor 14
  Max Mhz: 2900, Current Mhz: 1400, Mhz Limit: 2900
Processor Information for processor 15
  Max Mhz: 2900, Current Mhz: 1400, Mhz Limit: 2900

Memory: 4k page, system-wide physical 7540M (46M free)
TotalPageFile size 28803M (AvailPageFile size 11M)
current process WorkingSet (physical memory assigned to process): 199M, peak: 200M
current process commit charge ("private bytes"): 352M, peak: 381M

vm_info: OpenJDK 64-Bit Server VM (17.0.13+11-LTS) for windows-amd64 JRE (17.0.13+11-LTS), built on Oct 11 2024 23:25:05 by "MicrosoftCorporation" with unknown MS VC++:1939

END.
