#
# There is insufficient memory for the Java Runtime Environment to continue.
# Native memory allocation (malloc) failed to allocate 1379680 bytes. Error detail: Chunk::new
# Possible reasons:
#   The system is out of physical RAM or swap space
#   This process is running with CompressedOops enabled, and the Java Heap may be blocking the growth of the native heap
# Possible solutions:
#   Reduce memory load on the system
#   Increase physical memory or swap space
#   Check if swap backing store is full
#   Decrease Java heap size (-Xmx/-Xms)
#   Decrease number of Java threads
#   Decrease Java thread stack sizes (-Xss)
#   Set larger code cache with -XX:ReservedCodeCacheSize=
#   JVM is running with Unscaled Compressed Oops mode in which the Java heap is
#     placed in the first 4GB address space. The Java Heap base address is the
#     maximum limit for the native heap growth. Please use -XX:HeapBaseMinAddress
#     to set the Java Heap base and to place the Java Heap above 4GB virtual address.
# This output file may be truncated or incomplete.
#
#  Out of Memory Error (arena.cpp:191), pid=2628, tid=7156
#
# JRE version: OpenJDK Runtime Environment Microsoft-10376486 (17.0.13+11) (build 17.0.13+11-LTS)
# Java VM: OpenJDK 64-Bit Server VM Microsoft-10376486 (17.0.13+11-LTS, mixed mode, sharing, tiered, compressed oops, compressed class ptrs, g1 gc, windows-amd64)
# No core dump will be written. Minidumps are not enabled by default on client versions of Windows
#

---------------  S U M M A R Y ------------

Command Line: -XX:MaxMetaspaceSize=512m --add-opens=java.base/java.util=ALL-UNNAMED --add-opens=java.base/java.lang=ALL-UNNAMED --add-opens=java.base/java.lang.invoke=ALL-UNNAMED --add-opens=java.prefs/java.util.prefs=ALL-UNNAMED --add-exports=jdk.compiler/com.sun.tools.javac.api=ALL-UNNAMED --add-exports=jdk.compiler/com.sun.tools.javac.util=ALL-UNNAMED --add-opens=java.base/java.nio.charset=ALL-UNNAMED --add-opens=java.base/java.net=ALL-UNNAMED --add-opens=java.base/java.util.concurrent.atomic=ALL-UNNAMED -Xmx2048m -Dfile.encoding=windows-1252 -Duser.country=US -Duser.language=en -Duser.variant -javaagent:C:\Users\STAR\.gradle\wrapper\dists\gradle-8.10.2-all\7iv73wktx1xtkvlq19urqw1wm\gradle-8.10.2\lib\agents\gradle-instrumentation-agent-8.10.2.jar org.gradle.launcher.daemon.bootstrap.GradleDaemon 8.10.2

Host: AMD Ryzen 7 4800H with Radeon Graphics         , 16 cores, 7G,  Windows 10 , 64 bit Build 19041 (10.0.19041.5678)
Time: Fri May  2 02:32:21 2025 India Standard Time elapsed time: 142.885335 seconds (0d 0h 2m 22s)

---------------  T H R E A D  ---------------

Current thread (0x000002924f6903d0):  JavaThread "C2 CompilerThread0" daemon [_thread_in_native, id=7156, stack(0x000000a2b1a00000,0x000000a2b1b00000)]


Current CompileTask:
C2: 142885 6053   !   4       java.net.URLClassLoader$1::run (81 bytes)

Stack: [0x000000a2b1a00000,0x000000a2b1b00000]
Native frames: (J=compiled Java code, j=interpreted, Vv=VM code, C=native code)
V  [jvm.dll+0x687fc9]
V  [jvm.dll+0x83eeb8]
V  [jvm.dll+0x840963]
V  [jvm.dll+0x840fd3]
V  [jvm.dll+0x24951f]
V  [jvm.dll+0xad0c4]
V  [jvm.dll+0xad75c]
V  [jvm.dll+0x36aafe]
V  [jvm.dll+0x1bcf75]
V  [jvm.dll+0x21a8bc]
V  [jvm.dll+0x219b7f]
V  [jvm.dll+0x1a5506]
V  [jvm.dll+0x22a1ca]
V  [jvm.dll+0x22830b]
V  [jvm.dll+0x7f4708]
V  [jvm.dll+0x7eea6c]
V  [jvm.dll+0x686ea7]
C  [ucrtbase.dll+0x21bb2]
C  [KERNEL32.DLL+0x17374]
C  [ntdll.dll+0x4cc91]


---------------  P R O C E S S  ---------------

Threads class SMR info:
_java_thread_list=0x000002926feb5410, length=42, elements={
0x00000292306f53a0, 0x000002924f66fb20, 0x000002924f6709a0, 0x000002924f68b790,
0x000002924f68c350, 0x000002924f68ed20, 0x000002924f68f6e0, 0x000002924f6903d0,
0x000002924f691da0, 0x000002924f6946c0, 0x000002924f792c90, 0x000002924f8538e0,
0x000002926fedc4a0, 0x000002926fc59fe0, 0x000002927079dac0, 0x000002924f76e550,
0x000002924f76ee40, 0x000002926fabeba0, 0x000002926fabdc70, 0x000002926fabb900,
0x000002926fabc830, 0x000002926fabc320, 0x000002926fabe180, 0x0000029270724dc0,
0x00000292707243a0, 0x00000292707257e0, 0x0000029270727640, 0x0000029270726200,
0x0000029270727b50, 0x0000029270728f90, 0x0000029270722f60, 0x0000029270725cf0,
0x0000029270726c20, 0x0000029270727130, 0x00000292707299b0, 0x00000292705e3e30,
0x00000292705e4340, 0x00000292705e66b0, 0x00000292705e29f0, 0x00000292705e8f30,
0x00000292705e5270, 0x00000292705e5c90
}

Java Threads: ( => current thread )
  0x00000292306f53a0 JavaThread "main" [_thread_blocked, id=19932, stack(0x000000a2b0d00000,0x000000a2b0e00000)]
  0x000002924f66fb20 JavaThread "Reference Handler" daemon [_thread_blocked, id=17968, stack(0x000000a2b1400000,0x000000a2b1500000)]
  0x000002924f6709a0 JavaThread "Finalizer" daemon [_thread_blocked, id=28304, stack(0x000000a2b1500000,0x000000a2b1600000)]
  0x000002924f68b790 JavaThread "Signal Dispatcher" daemon [_thread_blocked, id=22660, stack(0x000000a2b1600000,0x000000a2b1700000)]
  0x000002924f68c350 JavaThread "Attach Listener" daemon [_thread_blocked, id=21748, stack(0x000000a2b1700000,0x000000a2b1800000)]
  0x000002924f68ed20 JavaThread "Service Thread" daemon [_thread_blocked, id=21776, stack(0x000000a2b1800000,0x000000a2b1900000)]
  0x000002924f68f6e0 JavaThread "Monitor Deflation Thread" daemon [_thread_blocked, id=16808, stack(0x000000a2b1900000,0x000000a2b1a00000)]
=>0x000002924f6903d0 JavaThread "C2 CompilerThread0" daemon [_thread_in_native, id=7156, stack(0x000000a2b1a00000,0x000000a2b1b00000)]
  0x000002924f691da0 JavaThread "C1 CompilerThread0" daemon [_thread_blocked, id=18296, stack(0x000000a2b1b00000,0x000000a2b1c00000)]
  0x000002924f6946c0 JavaThread "Sweeper thread" daemon [_thread_blocked, id=16404, stack(0x000000a2b1c00000,0x000000a2b1d00000)]
  0x000002924f792c90 JavaThread "Common-Cleaner" daemon [_thread_blocked, id=7984, stack(0x000000a2b1d00000,0x000000a2b1e00000)]
  0x000002924f8538e0 JavaThread "Notification Thread" daemon [_thread_blocked, id=28268, stack(0x000000a2b1e00000,0x000000a2b1f00000)]
  0x000002926fedc4a0 JavaThread "Daemon health stats" [_thread_blocked, id=28184, stack(0x000000a2b2400000,0x000000a2b2500000)]
  0x000002926fc59fe0 JavaThread "Incoming local TCP Connector on port 56517" [_thread_in_native, id=28892, stack(0x000000a2b2500000,0x000000a2b2600000)]
  0x000002927079dac0 JavaThread "Daemon periodic checks" [_thread_blocked, id=10228, stack(0x000000a2b2600000,0x000000a2b2700000)]
  0x000002924f76e550 JavaThread "Daemon" [_thread_blocked, id=28984, stack(0x000000a2b2700000,0x000000a2b2800000)]
  0x000002924f76ee40 JavaThread "Handler for socket connection from /127.0.0.1:56517 to /127.0.0.1:56521" [_thread_in_native, id=30236, stack(0x000000a2b2800000,0x000000a2b2900000)]
  0x000002926fabeba0 JavaThread "Cancel handler" [_thread_blocked, id=10000, stack(0x000000a2b2900000,0x000000a2b2a00000)]
  0x000002926fabdc70 JavaThread "Daemon worker" [_thread_blocked, id=30276, stack(0x000000a2b2a00000,0x000000a2b2b00000)]
  0x000002926fabb900 JavaThread "Asynchronous log dispatcher for DefaultDaemonConnection: socket connection from /127.0.0.1:56517 to /127.0.0.1:56521" [_thread_blocked, id=29124, stack(0x000000a2b2b00000,0x000000a2b2c00000)]
  0x000002926fabc830 JavaThread "Stdin handler" [_thread_blocked, id=18976, stack(0x000000a2b2c00000,0x000000a2b2d00000)]
  0x000002926fabc320 JavaThread "Daemon client event forwarder" [_thread_blocked, id=28276, stack(0x000000a2b2d00000,0x000000a2b2e00000)]
  0x000002926fabe180 JavaThread "Cache worker for journal cache (C:\Users\STAR\.gradle\caches\journal-1)" [_thread_blocked, id=30532, stack(0x000000a2b0a00000,0x000000a2b0b00000)]
  0x0000029270724dc0 JavaThread "File lock request listener" [_thread_in_native, id=16528, stack(0x000000a2b2e00000,0x000000a2b2f00000)]
  0x00000292707243a0 JavaThread "Cache worker for file hash cache (C:\Users\STAR\.gradle\caches\8.10.2\fileHashes)" [_thread_blocked, id=24084, stack(0x000000a2b2f00000,0x000000a2b3000000)]
  0x00000292707257e0 JavaThread "File lock release action executor" [_thread_blocked, id=28972, stack(0x000000a2b3000000,0x000000a2b3100000)]
  0x0000029270727640 JavaThread "Cache worker for file hash cache (D:\projects\video1\zegocloud\android\.gradle\8.10.2\fileHashes)" [_thread_blocked, id=19224, stack(0x000000a2b3900000,0x000000a2b3a00000)]
  0x0000029270726200 JavaThread "Cache worker for Build Output Cleanup Cache (D:\projects\video1\zegocloud\android\.gradle\buildOutputCleanup)" [_thread_blocked, id=25512, stack(0x000000a2b3a00000,0x000000a2b3b00000)]
  0x0000029270727b50 JavaThread "File watcher server" daemon [_thread_in_native, id=24000, stack(0x000000a2b3d00000,0x000000a2b3e00000)]
  0x0000029270728f90 JavaThread "File watcher consumer" daemon [_thread_blocked, id=21200, stack(0x000000a2b3e00000,0x000000a2b3f00000)]
  0x0000029270722f60 JavaThread "Cache worker for checksums cache (D:\projects\video1\zegocloud\android\.gradle\8.10.2\checksums)" [_thread_blocked, id=19616, stack(0x000000a2b3f00000,0x000000a2b4000000)]
  0x0000029270725cf0 JavaThread "Cache worker for file content cache (C:\Users\STAR\.gradle\caches\8.10.2\fileContent)" [_thread_blocked, id=26408, stack(0x000000a2b4200000,0x000000a2b4300000)]
  0x0000029270726c20 JavaThread "Cache worker for cache directory md-rule (C:\Users\STAR\.gradle\caches\8.10.2\md-rule)" [_thread_blocked, id=21876, stack(0x000000a2b4300000,0x000000a2b4400000)]
  0x0000029270727130 JavaThread "Cache worker for cache directory md-supplier (C:\Users\STAR\.gradle\caches\8.10.2\md-supplier)" [_thread_blocked, id=3252, stack(0x000000a2b4400000,0x000000a2b4500000)]
  0x00000292707299b0 JavaThread "jar transforms" [_thread_blocked, id=18896, stack(0x000000a2b0b00000,0x000000a2b0c00000)]
  0x00000292705e3e30 JavaThread "Cache worker for Build Output Cleanup Cache (D:\projects\video1\zegocloud\node_modules\@react-native\gradle-plugin\.gradle\buildOutputCleanup)" [_thread_blocked, id=20040, stack(0x000000a2b0c00000,0x000000a2b0d00000)]
  0x00000292705e4340 JavaThread "Unconstrained build operations" [_thread_blocked, id=4192, stack(0x000000a2b4500000,0x000000a2b4600000)]
  0x00000292705e66b0 JavaThread "Unconstrained build operations Thread 2" [_thread_blocked, id=7116, stack(0x000000a2b4600000,0x000000a2b4700000)]
  0x00000292705e29f0 JavaThread "Unconstrained build operations Thread 3" [_thread_blocked, id=14748, stack(0x000000a2b4700000,0x000000a2b4800000)]
  0x00000292705e8f30 JavaThread "Unconstrained build operations Thread 4" [_thread_blocked, id=9980, stack(0x000000a2b4800000,0x000000a2b4900000)]
  0x00000292705e5270 JavaThread "Unconstrained build operations Thread 5" [_thread_blocked, id=6300, stack(0x000000a2b4900000,0x000000a2b4a00000)]
  0x00000292705e5c90 JavaThread "Unconstrained build operations Thread 6" [_thread_blocked, id=20856, stack(0x000000a2b4a00000,0x000000a2b4b00000)]

Other Threads:
  0x000002924f668410 VMThread "VM Thread" [stack: 0x000000a2b1300000,0x000000a2b1400000] [id=22224]
  0x000002924f7cbda0 WatcherThread [stack: 0x000000a2b1f00000,0x000000a2b2000000] [id=4948]
  0x0000029230752080 GCTaskThread "GC Thread#0" [stack: 0x000000a2b0e00000,0x000000a2b0f00000] [id=15408]
  0x000002926f2a4230 GCTaskThread "GC Thread#1" [stack: 0x000000a2b2000000,0x000000a2b2100000] [id=27372]
  0x000002926f2acd60 GCTaskThread "GC Thread#2" [stack: 0x000000a2b2100000,0x000000a2b2200000] [id=25128]
  0x000002926f5d5df0 GCTaskThread "GC Thread#3" [stack: 0x000000a2b2200000,0x000000a2b2300000] [id=14688]
  0x000002924f9f4ed0 GCTaskThread "GC Thread#4" [stack: 0x000000a2b2300000,0x000000a2b2400000] [id=28560]
  0x0000029271ad1bc0 GCTaskThread "GC Thread#5" [stack: 0x000000a2b3100000,0x000000a2b3200000] [id=23064]
  0x0000029271ad1e80 GCTaskThread "GC Thread#6" [stack: 0x000000a2b3200000,0x000000a2b3300000] [id=28388]
  0x0000029271ad2140 GCTaskThread "GC Thread#7" [stack: 0x000000a2b3300000,0x000000a2b3400000] [id=28284]
  0x0000029271ad1640 GCTaskThread "GC Thread#8" [stack: 0x000000a2b3400000,0x000000a2b3500000] [id=10116]
  0x0000029271ad05c0 GCTaskThread "GC Thread#9" [stack: 0x000000a2b3500000,0x000000a2b3600000] [id=27284]
  0x0000029271ad0880 GCTaskThread "GC Thread#10" [stack: 0x000000a2b3600000,0x000000a2b3700000] [id=26400]
  0x0000029271ad1900 GCTaskThread "GC Thread#11" [stack: 0x000000a2b3700000,0x000000a2b3800000] [id=29032]
  0x0000029271ad10c0 GCTaskThread "GC Thread#12" [stack: 0x000000a2b3800000,0x000000a2b3900000] [id=29096]
  0x0000029230762fd0 ConcurrentGCThread "G1 Main Marker" [stack: 0x000000a2b0f00000,0x000000a2b1000000] [id=29580]
  0x00000292307639f0 ConcurrentGCThread "G1 Conc#0" [stack: 0x000000a2b1000000,0x000000a2b1100000] [id=25020]
  0x0000029271ad0b40 ConcurrentGCThread "G1 Conc#1" [stack: 0x000000a2b3b00000,0x000000a2b3c00000] [id=21580]
  0x0000029271ad0e00 ConcurrentGCThread "G1 Conc#2" [stack: 0x000000a2b3c00000,0x000000a2b3d00000] [id=22700]
  0x000002924f4e1540 ConcurrentGCThread "G1 Refine#0" [stack: 0x000000a2b1100000,0x000000a2b1200000] [id=20524]
  0x000002924f4e1d80 ConcurrentGCThread "G1 Service" [stack: 0x000000a2b1200000,0x000000a2b1300000] [id=320]

Threads with active compile tasks:
C2 CompilerThread0   143010 6053   !   4       java.net.URLClassLoader$1::run (81 bytes)

VM state: not at safepoint (normal execution)

VM Mutex/Monitor currently owned by a thread: None

Heap address: 0x0000000080000000, size: 2048 MB, Compressed Oops mode: 32-bit

CDS archive(s) mapped at: [0x0000029250000000-0x0000029250bb0000-0x0000029250bb0000), size 12255232, SharedBaseAddress: 0x0000029250000000, ArchiveRelocationMode: 1.
Compressed class space mapped at: 0x0000029251000000-0x000002926b000000, reserved size: 436207616
Narrow klass base: 0x0000029250000000, Narrow klass shift: 0, Narrow klass range: 0x100000000

GC Precious Log:
 CPUs: 16 total, 16 available
 Memory: 7540M
 Large Page Support: Disabled
 NUMA Support: Disabled
 Compressed Oops: Enabled (32-bit)
 Heap Region Size: 1M
 Heap Min Capacity: 8M
 Heap Initial Capacity: 118M
 Heap Max Capacity: 2G
 Pre-touch: Disabled
 Parallel Workers: 13
 Concurrent Workers: 3
 Concurrent Refinement Workers: 13
 Periodic GC: Disabled

Heap:
 garbage-first heap   total 92160K, used 68822K [0x0000000080000000, 0x0000000100000000)
  region size 1024K, 36 young (36864K), 4 survivors (4096K)
 Metaspace       used 51720K, committed 52288K, reserved 491520K
  class space    used 7285K, committed 7552K, reserved 425984K

Heap Regions: E=young(eden), S=young(survivor), O=old, HS=humongous(starts), HC=humongous(continues), CS=collection set, F=free, OA=open archive, CA=closed archive, TAMS=top-at-mark-start (previous, next)
|   0|0x0000000080000000, 0x0000000080100000, 0x0000000080100000|100%| O|  |TAMS 0x0000000080100000, 0x0000000080000000| Untracked 
|   1|0x0000000080100000, 0x0000000080200000, 0x0000000080200000|100%| O|  |TAMS 0x0000000080200000, 0x0000000080100000| Untracked 
|   2|0x0000000080200000, 0x0000000080300000, 0x0000000080300000|100%|HS|  |TAMS 0x0000000080300000, 0x0000000080200000| Complete 
|   3|0x0000000080300000, 0x0000000080400000, 0x0000000080400000|100%|HC|  |TAMS 0x0000000080400000, 0x0000000080300000| Complete 
|   4|0x0000000080400000, 0x0000000080500000, 0x0000000080500000|100%|HC|  |TAMS 0x0000000080500000, 0x0000000080400000| Complete 
|   5|0x0000000080500000, 0x0000000080600000, 0x0000000080600000|100%|HC|  |TAMS 0x0000000080600000, 0x0000000080500000| Complete 
|   6|0x0000000080600000, 0x0000000080700000, 0x0000000080700000|100%| O|  |TAMS 0x0000000080700000, 0x0000000080600000| Untracked 
|   7|0x0000000080700000, 0x0000000080800000, 0x0000000080800000|100%|HS|  |TAMS 0x0000000080800000, 0x0000000080700000| Complete 
|   8|0x0000000080800000, 0x0000000080900000, 0x0000000080900000|100%| O|  |TAMS 0x0000000080900000, 0x0000000080800000| Untracked 
|   9|0x0000000080900000, 0x0000000080a00000, 0x0000000080a00000|100%| O|  |TAMS 0x0000000080a00000, 0x0000000080900000| Untracked 
|  10|0x0000000080a00000, 0x0000000080b00000, 0x0000000080b00000|100%| O|  |TAMS 0x0000000080b00000, 0x0000000080a00000| Untracked 
|  11|0x0000000080b00000, 0x0000000080c00000, 0x0000000080c00000|100%| O|  |TAMS 0x0000000080c00000, 0x0000000080b00000| Untracked 
|  12|0x0000000080c00000, 0x0000000080d00000, 0x0000000080d00000|100%| O|  |TAMS 0x0000000080d00000, 0x0000000080c00000| Untracked 
|  13|0x0000000080d00000, 0x0000000080e00000, 0x0000000080e00000|100%| O|  |TAMS 0x0000000080e00000, 0x0000000080d00000| Untracked 
|  14|0x0000000080e00000, 0x0000000080f00000, 0x0000000080f00000|100%| O|  |TAMS 0x0000000080f00000, 0x0000000080e00000| Untracked 
|  15|0x0000000080f00000, 0x0000000081000000, 0x0000000081000000|100%| O|  |TAMS 0x0000000081000000, 0x0000000080f00000| Untracked 
|  16|0x0000000081000000, 0x0000000081100000, 0x0000000081100000|100%| O|  |TAMS 0x0000000081100000, 0x0000000081000000| Untracked 
|  17|0x0000000081100000, 0x0000000081200000, 0x0000000081200000|100%| O|  |TAMS 0x0000000081200000, 0x0000000081100000| Untracked 
|  18|0x0000000081200000, 0x0000000081300000, 0x0000000081300000|100%| O|  |TAMS 0x0000000081300000, 0x0000000081200000| Untracked 
|  19|0x0000000081300000, 0x0000000081400000, 0x0000000081400000|100%| O|  |TAMS 0x0000000081400000, 0x0000000081300000| Untracked 
|  20|0x0000000081400000, 0x0000000081500000, 0x0000000081500000|100%| O|  |TAMS 0x0000000081500000, 0x0000000081400000| Untracked 
|  21|0x0000000081500000, 0x000000008153ca00, 0x0000000081600000| 23%| O|  |TAMS 0x000000008153ca00, 0x0000000081500000| Untracked 
|  22|0x0000000081600000, 0x0000000081700000, 0x0000000081700000|100%| O|  |TAMS 0x0000000081700000, 0x0000000081600000| Untracked 
|  23|0x0000000081700000, 0x0000000081800000, 0x0000000081800000|100%| O|  |TAMS 0x0000000081800000, 0x0000000081700000| Untracked 
|  24|0x0000000081800000, 0x0000000081900000, 0x0000000081900000|100%| O|  |TAMS 0x0000000081900000, 0x0000000081800000| Untracked 
|  25|0x0000000081900000, 0x0000000081a00000, 0x0000000081a00000|100%| O|  |TAMS 0x0000000081976200, 0x0000000081900000| Untracked 
|  26|0x0000000081a00000, 0x0000000081af9000, 0x0000000081b00000| 97%| O|  |TAMS 0x0000000081a00000, 0x0000000081a00000| Untracked 
|  27|0x0000000081b00000, 0x0000000081b00000, 0x0000000081c00000|  0%| F|  |TAMS 0x0000000081b00000, 0x0000000081b00000| Untracked 
|  28|0x0000000081c00000, 0x0000000081c00000, 0x0000000081d00000|  0%| F|  |TAMS 0x0000000081c00000, 0x0000000081c00000| Untracked 
|  29|0x0000000081d00000, 0x0000000081d00000, 0x0000000081e00000|  0%| F|  |TAMS 0x0000000081d00000, 0x0000000081d00000| Untracked 
|  30|0x0000000081e00000, 0x0000000081e00000, 0x0000000081f00000|  0%| F|  |TAMS 0x0000000081e00000, 0x0000000081e00000| Untracked 
|  31|0x0000000081f00000, 0x0000000082000000, 0x0000000082000000|100%| O|  |TAMS 0x0000000081f00000, 0x0000000081f00000| Untracked 
|  32|0x0000000082000000, 0x0000000082100000, 0x0000000082100000|100%| O|  |TAMS 0x0000000082000000, 0x0000000082000000| Untracked 
|  33|0x0000000082100000, 0x0000000082200000, 0x0000000082200000|100%| O|  |TAMS 0x0000000082100000, 0x0000000082100000| Untracked 
|  34|0x0000000082200000, 0x0000000082300000, 0x0000000082300000|100%| O|  |TAMS 0x0000000082200000, 0x0000000082200000| Untracked 
|  35|0x0000000082300000, 0x0000000082400000, 0x0000000082400000|100%| O|  |TAMS 0x0000000082300000, 0x0000000082300000| Untracked 
|  36|0x0000000082400000, 0x0000000082500000, 0x0000000082500000|100%| O|  |TAMS 0x0000000082400000, 0x0000000082400000| Untracked 
|  37|0x0000000082500000, 0x0000000082500000, 0x0000000082600000|  0%| F|  |TAMS 0x0000000082500000, 0x0000000082500000| Untracked 
|  38|0x0000000082600000, 0x0000000082600000, 0x0000000082700000|  0%| F|  |TAMS 0x0000000082600000, 0x0000000082600000| Untracked 
|  39|0x0000000082700000, 0x0000000082700000, 0x0000000082800000|  0%| F|  |TAMS 0x0000000082700000, 0x0000000082700000| Untracked 
|  40|0x0000000082800000, 0x0000000082800000, 0x0000000082900000|  0%| F|  |TAMS 0x0000000082800000, 0x0000000082800000| Untracked 
|  41|0x0000000082900000, 0x0000000082900000, 0x0000000082a00000|  0%| F|  |TAMS 0x0000000082900000, 0x0000000082900000| Untracked 
|  42|0x0000000082a00000, 0x0000000082a00000, 0x0000000082b00000|  0%| F|  |TAMS 0x0000000082a00000, 0x0000000082a00000| Untracked 
|  43|0x0000000082b00000, 0x0000000082b00000, 0x0000000082c00000|  0%| F|  |TAMS 0x0000000082b00000, 0x0000000082b00000| Untracked 
|  44|0x0000000082c00000, 0x0000000082c00000, 0x0000000082d00000|  0%| F|  |TAMS 0x0000000082c00000, 0x0000000082c00000| Untracked 
|  45|0x0000000082d00000, 0x0000000082e00000, 0x0000000082e00000|100%| S|CS|TAMS 0x0000000082d00000, 0x0000000082d00000| Complete 
|  46|0x0000000082e00000, 0x0000000082e00000, 0x0000000082f00000|  0%| F|  |TAMS 0x0000000082e00000, 0x0000000082e00000| Untracked 
|  47|0x0000000082f00000, 0x0000000082f00000, 0x0000000083000000|  0%| F|  |TAMS 0x0000000082f00000, 0x0000000082f00000| Untracked 
|  48|0x0000000083000000, 0x0000000083000000, 0x0000000083100000|  0%| F|  |TAMS 0x0000000083000000, 0x0000000083000000| Untracked 
|  49|0x0000000083100000, 0x0000000083100000, 0x0000000083200000|  0%| F|  |TAMS 0x0000000083100000, 0x0000000083100000| Untracked 
|  50|0x0000000083200000, 0x0000000083300000, 0x0000000083300000|100%| S|CS|TAMS 0x0000000083200000, 0x0000000083200000| Complete 
|  51|0x0000000083300000, 0x0000000083400000, 0x0000000083400000|100%| S|CS|TAMS 0x0000000083300000, 0x0000000083300000| Complete 
|  52|0x0000000083400000, 0x0000000083500000, 0x0000000083500000|100%| S|CS|TAMS 0x0000000083400000, 0x0000000083400000| Complete 
|  53|0x0000000083500000, 0x0000000083500000, 0x0000000083600000|  0%| F|  |TAMS 0x0000000083500000, 0x0000000083500000| Untracked 
|  54|0x0000000083600000, 0x0000000083600000, 0x0000000083700000|  0%| F|  |TAMS 0x0000000083600000, 0x0000000083600000| Untracked 
|  55|0x0000000083700000, 0x0000000083700000, 0x0000000083800000|  0%| F|  |TAMS 0x0000000083700000, 0x0000000083700000| Untracked 
|  56|0x0000000083800000, 0x0000000083800000, 0x0000000083900000|  0%| F|  |TAMS 0x0000000083800000, 0x0000000083800000| Untracked 
|  57|0x0000000083900000, 0x0000000083900000, 0x0000000083a00000|  0%| F|  |TAMS 0x0000000083900000, 0x0000000083900000| Untracked 
|  58|0x0000000083a00000, 0x0000000083a9f9c0, 0x0000000083b00000| 62%| E|  |TAMS 0x0000000083a00000, 0x0000000083a00000| Complete 
|  59|0x0000000083b00000, 0x0000000083c00000, 0x0000000083c00000|100%| E|CS|TAMS 0x0000000083b00000, 0x0000000083b00000| Complete 
|  60|0x0000000083c00000, 0x0000000083d00000, 0x0000000083d00000|100%| E|CS|TAMS 0x0000000083c00000, 0x0000000083c00000| Complete 
|  61|0x0000000083d00000, 0x0000000083e00000, 0x0000000083e00000|100%| E|CS|TAMS 0x0000000083d00000, 0x0000000083d00000| Complete 
|  62|0x0000000083e00000, 0x0000000083f00000, 0x0000000083f00000|100%| E|CS|TAMS 0x0000000083e00000, 0x0000000083e00000| Complete 
|  63|0x0000000083f00000, 0x0000000084000000, 0x0000000084000000|100%| E|CS|TAMS 0x0000000083f00000, 0x0000000083f00000| Complete 
|  64|0x0000000084000000, 0x0000000084100000, 0x0000000084100000|100%| E|CS|TAMS 0x0000000084000000, 0x0000000084000000| Complete 
|  65|0x0000000084100000, 0x0000000084200000, 0x0000000084200000|100%| E|CS|TAMS 0x0000000084100000, 0x0000000084100000| Complete 
|  66|0x0000000084200000, 0x0000000084300000, 0x0000000084300000|100%| E|CS|TAMS 0x0000000084200000, 0x0000000084200000| Complete 
|  67|0x0000000084300000, 0x0000000084400000, 0x0000000084400000|100%| E|CS|TAMS 0x0000000084300000, 0x0000000084300000| Complete 
|  68|0x0000000084400000, 0x0000000084500000, 0x0000000084500000|100%| E|CS|TAMS 0x0000000084400000, 0x0000000084400000| Complete 
|  69|0x0000000084500000, 0x0000000084600000, 0x0000000084600000|100%| E|CS|TAMS 0x0000000084500000, 0x0000000084500000| Complete 
|  70|0x0000000084600000, 0x0000000084700000, 0x0000000084700000|100%| E|CS|TAMS 0x0000000084600000, 0x0000000084600000| Complete 
|  71|0x0000000084700000, 0x0000000084800000, 0x0000000084800000|100%| E|CS|TAMS 0x0000000084700000, 0x0000000084700000| Complete 
|  72|0x0000000084800000, 0x0000000084900000, 0x0000000084900000|100%| E|CS|TAMS 0x0000000084800000, 0x0000000084800000| Complete 
|  73|0x0000000084900000, 0x0000000084a00000, 0x0000000084a00000|100%| E|CS|TAMS 0x0000000084900000, 0x0000000084900000| Complete 
|  74|0x0000000084a00000, 0x0000000084b00000, 0x0000000084b00000|100%| E|CS|TAMS 0x0000000084a00000, 0x0000000084a00000| Complete 
|  75|0x0000000084b00000, 0x0000000084c00000, 0x0000000084c00000|100%| E|CS|TAMS 0x0000000084b00000, 0x0000000084b00000| Complete 
|  76|0x0000000084c00000, 0x0000000084d00000, 0x0000000084d00000|100%| E|CS|TAMS 0x0000000084c00000, 0x0000000084c00000| Complete 
|  77|0x0000000084d00000, 0x0000000084e00000, 0x0000000084e00000|100%| E|CS|TAMS 0x0000000084d00000, 0x0000000084d00000| Complete 
|  78|0x0000000084e00000, 0x0000000084f00000, 0x0000000084f00000|100%| E|CS|TAMS 0x0000000084e00000, 0x0000000084e00000| Complete 
|  79|0x0000000084f00000, 0x0000000085000000, 0x0000000085000000|100%| E|CS|TAMS 0x0000000084f00000, 0x0000000084f00000| Complete 
|  80|0x0000000085000000, 0x0000000085100000, 0x0000000085100000|100%| E|CS|TAMS 0x0000000085000000, 0x0000000085000000| Complete 
|  81|0x0000000085100000, 0x0000000085200000, 0x0000000085200000|100%| E|CS|TAMS 0x0000000085100000, 0x0000000085100000| Complete 
|  82|0x0000000085200000, 0x0000000085300000, 0x0000000085300000|100%| E|CS|TAMS 0x0000000085200000, 0x0000000085200000| Complete 
|  83|0x0000000085300000, 0x0000000085400000, 0x0000000085400000|100%| E|CS|TAMS 0x0000000085300000, 0x0000000085300000| Complete 
|  84|0x0000000085400000, 0x0000000085500000, 0x0000000085500000|100%| E|CS|TAMS 0x0000000085400000, 0x0000000085400000| Complete 
|  85|0x0000000085500000, 0x0000000085600000, 0x0000000085600000|100%| E|CS|TAMS 0x0000000085500000, 0x0000000085500000| Complete 
|  86|0x0000000085600000, 0x0000000085700000, 0x0000000085700000|100%| E|CS|TAMS 0x0000000085600000, 0x0000000085600000| Complete 
|  87|0x0000000085700000, 0x0000000085800000, 0x0000000085800000|100%| E|CS|TAMS 0x0000000085700000, 0x0000000085700000| Complete 
|  88|0x0000000085800000, 0x0000000085900000, 0x0000000085900000|100%| E|CS|TAMS 0x0000000085800000, 0x0000000085800000| Complete 
| 117|0x0000000087500000, 0x0000000087600000, 0x0000000087600000|100%| E|CS|TAMS 0x0000000087500000, 0x0000000087500000| Complete 

Card table byte_map: [0x0000029247eb0000,0x00000292482b0000] _byte_map_base: 0x0000029247ab0000

Marking Bits (Prev, Next): (CMBitMap*) 0x00000292307526a0, (CMBitMap*) 0x00000292307526e0
 Prev Bits: [0x00000292486b0000, 0x000002924a6b0000)
 Next Bits: [0x000002924a6b0000, 0x000002924c6b0000)

Polling page: 0x000002922e6a0000

Metaspace:

Usage:
  Non-class:     43.39 MB used.
      Class:      7.11 MB used.
       Both:     50.51 MB used.

Virtual space:
  Non-class space:       64.00 MB reserved,      43.69 MB ( 68%) committed,  1 nodes.
      Class space:      416.00 MB reserved,       7.38 MB (  2%) committed,  1 nodes.
             Both:      480.00 MB reserved,      51.06 MB ( 11%) committed. 

Chunk freelists:
   Non-Class:  4.33 MB
       Class:  8.47 MB
        Both:  12.80 MB

MaxMetaspaceSize: 512.00 MB
CompressedClassSpaceSize: 416.00 MB
Initial GC threshold: 21.00 MB
Current GC threshold: 58.88 MB
CDS: on
MetaspaceReclaimPolicy: balanced
 - commit_granule_bytes: 65536.
 - commit_granule_words: 8192.
 - virtual_space_node_default_size: 8388608.
 - enlarge_chunks_in_place: 1.
 - new_chunks_are_fully_committed: 0.
 - uncommit_free_chunks: 1.
 - use_allocation_guard: 0.
 - handle_deallocations: 1.


Internal statistics:

num_allocs_failed_limit: 6.
num_arena_births: 652.
num_arena_deaths: 0.
num_vsnodes_births: 2.
num_vsnodes_deaths: 0.
num_space_committed: 817.
num_space_uncommitted: 0.
num_chunks_returned_to_freelist: 6.
num_chunks_taken_from_freelist: 2716.
num_chunk_merges: 6.
num_chunk_splits: 1820.
num_chunks_enlarged: 1273.
num_inconsistent_stats: 0.

CodeHeap 'non-profiled nmethods': size=119168Kb used=2578Kb max_used=3092Kb free=116589Kb
 bounds [0x000002923fdd0000, 0x00000292400e0000, 0x0000029247230000]
CodeHeap 'profiled nmethods': size=119104Kb used=10387Kb max_used=10863Kb free=108716Kb
 bounds [0x0000029238230000, 0x0000029238cf0000, 0x000002923f680000]
CodeHeap 'non-nmethods': size=7488Kb used=2343Kb max_used=2388Kb free=5144Kb
 bounds [0x000002923f680000, 0x000002923f8f0000, 0x000002923fdd0000]
 total_blobs=6096 nmethods=5232 adapters=776
 compilation: enabled
              stopped_count=0, restarted_count=0
 full_count=0

Compilation events (20 events):
Event: 142.442 Thread 0x000002924f691da0 6090       3       java.lang.invoke.LambdaFormBuffer::clearDuplicatesAndNulls (268 bytes)
Event: 142.444 Thread 0x000002924f691da0 nmethod 6090 0x00000292383dff90 code [0x00000292383e0220, 0x00000292383e11f8]
Event: 142.444 Thread 0x000002924f691da0 6091       3       java.lang.invoke.LambdaFormEditor::oldSpeciesData (8 bytes)
Event: 142.445 Thread 0x000002924f691da0 nmethod 6091 0x00000292383df810 code [0x00000292383df9e0, 0x00000292383dfdf8]
Event: 142.445 Thread 0x000002924f691da0 6092       3       java.lang.invoke.InvokerBytecodeGenerator::<init> (12 bytes)
Event: 142.445 Thread 0x000002924f691da0 nmethod 6092 0x0000029238313310 code [0x00000292383134c0, 0x0000029238313658]
Event: 142.445 Thread 0x000002924f691da0 6093       3       java.lang.invoke.InvokerBytecodeGenerator::generateCustomizedCodeBytes (44 bytes)
Event: 142.446 Thread 0x000002924f691da0 nmethod 6093 0x0000029238242210 code [0x0000029238242420, 0x0000029238242858]
Event: 142.446 Thread 0x000002924f691da0 6094       3       java.lang.invoke.MethodHandles$Lookup$ClassFile::newInstanceNoCheck (11 bytes)
Event: 142.446 Thread 0x000002924f691da0 nmethod 6094 0x0000029238241c90 code [0x0000029238241e40, 0x00000292382420f8]
Event: 142.446 Thread 0x000002924f691da0 6095       3       java.lang.invoke.InvokerBytecodeGenerator::classDataValues (265 bytes)
Event: 142.448 Thread 0x000002924f691da0 nmethod 6095 0x00000292383c9b90 code [0x00000292383ca080, 0x00000292383cd618]
Event: 142.448 Thread 0x000002924f691da0 6096   !   3       java.lang.invoke.InvokerBytecodeGenerator::resolveInvokerMember (43 bytes)
Event: 142.449 Thread 0x000002924f691da0 nmethod 6096 0x0000029238241610 code [0x00000292382417e0, 0x0000029238241b28]
Event: 142.455 Thread 0x000002924f6903d0 nmethod 5998 0x000002923fe6b510 code [0x000002923fe6b8c0, 0x000002923fe6e3d8]
Event: 142.455 Thread 0x000002924f6903d0 6023       4       java.util.concurrent.ConcurrentHashMap::addCount (280 bytes)
Event: 142.459 Thread 0x000002924f6903d0 nmethod 6023 0x000002923fe68290 code [0x000002923fe68460, 0x000002923fe687a0]
Event: 142.459 Thread 0x000002924f6903d0 6070       4       org.objectweb.asm.ByteVector::putShort (52 bytes)
Event: 142.460 Thread 0x000002924f6903d0 nmethod 6070 0x000002923feb7890 code [0x000002923feb7a20, 0x000002923feb7ba8]
Event: 142.460 Thread 0x000002924f6903d0 6053   !   4       java.net.URLClassLoader$1::run (81 bytes)

GC Heap History (20 events):
Event: 42.856 GC heap before
{Heap before GC invocations=2 (full 0):
 garbage-first heap   total 120832K, used 49604K [0x0000000080000000, 0x0000000100000000)
  region size 1024K, 40 young (40960K), 5 survivors (5120K)
 Metaspace       used 4492K, committed 4672K, reserved 491520K
  class space    used 542K, committed 640K, reserved 425984K
}
Event: 43.031 GC heap after
{Heap after GC invocations=3 (full 0):
 garbage-first heap   total 120832K, used 17250K [0x0000000080000000, 0x0000000100000000)
  region size 1024K, 5 young (5120K), 5 survivors (5120K)
 Metaspace       used 4492K, committed 4672K, reserved 491520K
  class space    used 542K, committed 640K, reserved 425984K
}
Event: 64.976 GC heap before
{Heap before GC invocations=3 (full 0):
 garbage-first heap   total 120832K, used 83810K [0x0000000080000000, 0x0000000100000000)
  region size 1024K, 70 young (71680K), 5 survivors (5120K)
 Metaspace       used 15309K, committed 15616K, reserved 491520K
  class space    used 2097K, committed 2240K, reserved 425984K
}
Event: 65.054 GC heap after
{Heap after GC invocations=4 (full 0):
 garbage-first heap   total 120832K, used 21870K [0x0000000080000000, 0x0000000100000000)
  region size 1024K, 9 young (9216K), 9 survivors (9216K)
 Metaspace       used 15309K, committed 15616K, reserved 491520K
  class space    used 2097K, committed 2240K, reserved 425984K
}
Event: 75.229 GC heap before
{Heap before GC invocations=4 (full 0):
 garbage-first heap   total 120832K, used 72046K [0x0000000080000000, 0x0000000100000000)
  region size 1024K, 59 young (60416K), 9 survivors (9216K)
 Metaspace       used 21221K, committed 21504K, reserved 491520K
  class space    used 3055K, committed 3200K, reserved 425984K
}
Event: 75.380 GC heap after
{Heap after GC invocations=5 (full 0):
 garbage-first heap   total 120832K, used 25328K [0x0000000080000000, 0x0000000100000000)
  region size 1024K, 4 young (4096K), 4 survivors (4096K)
 Metaspace       used 21221K, committed 21504K, reserved 491520K
  class space    used 3055K, committed 3200K, reserved 425984K
}
Event: 84.842 GC heap before
{Heap before GC invocations=6 (full 0):
 garbage-first heap   total 92160K, used 76528K [0x0000000080000000, 0x0000000100000000)
  region size 1024K, 54 young (55296K), 4 survivors (4096K)
 Metaspace       used 27406K, committed 27776K, reserved 491520K
  class space    used 4011K, committed 4224K, reserved 425984K
}
Event: 84.886 GC heap after
{Heap after GC invocations=7 (full 0):
 garbage-first heap   total 92160K, used 27298K [0x0000000080000000, 0x0000000100000000)
  region size 1024K, 6 young (6144K), 6 survivors (6144K)
 Metaspace       used 27406K, committed 27776K, reserved 491520K
  class space    used 4011K, committed 4224K, reserved 425984K
}
Event: 88.872 GC heap before
{Heap before GC invocations=7 (full 0):
 garbage-first heap   total 92160K, used 67234K [0x0000000080000000, 0x0000000100000000)
  region size 1024K, 46 young (47104K), 6 survivors (6144K)
 Metaspace       used 32807K, committed 33216K, reserved 491520K
  class space    used 4596K, committed 4800K, reserved 425984K
}
Event: 88.888 GC heap after
{Heap after GC invocations=8 (full 0):
 garbage-first heap   total 92160K, used 31435K [0x0000000080000000, 0x0000000100000000)
  region size 1024K, 6 young (6144K), 6 survivors (6144K)
 Metaspace       used 32807K, committed 33216K, reserved 491520K
  class space    used 4596K, committed 4800K, reserved 425984K
}
Event: 93.092 GC heap before
{Heap before GC invocations=8 (full 0):
 garbage-first heap   total 92160K, used 60107K [0x0000000080000000, 0x0000000100000000)
  region size 1024K, 30 young (30720K), 6 survivors (6144K)
 Metaspace       used 35779K, committed 36096K, reserved 491520K
  class space    used 4969K, committed 5120K, reserved 425984K
}
Event: 93.103 GC heap after
{Heap after GC invocations=9 (full 0):
 garbage-first heap   total 92160K, used 33441K [0x0000000080000000, 0x0000000100000000)
  region size 1024K, 3 young (3072K), 3 survivors (3072K)
 Metaspace       used 35779K, committed 36096K, reserved 491520K
  class space    used 4969K, committed 5120K, reserved 425984K
}
Event: 98.134 GC heap before
{Heap before GC invocations=10 (full 0):
 garbage-first heap   total 92160K, used 70305K [0x0000000080000000, 0x0000000100000000)
  region size 1024K, 39 young (39936K), 3 survivors (3072K)
 Metaspace       used 37149K, committed 37632K, reserved 491520K
  class space    used 5167K, committed 5376K, reserved 425984K
}
Event: 98.140 GC heap after
{Heap after GC invocations=11 (full 0):
 garbage-first heap   total 92160K, used 34550K [0x0000000080000000, 0x0000000100000000)
  region size 1024K, 4 young (4096K), 4 survivors (4096K)
 Metaspace       used 37149K, committed 37632K, reserved 491520K
  class space    used 5167K, committed 5376K, reserved 425984K
}
Event: 100.609 GC heap before
{Heap before GC invocations=11 (full 0):
 garbage-first heap   total 92160K, used 71414K [0x0000000080000000, 0x0000000100000000)
  region size 1024K, 40 young (40960K), 4 survivors (4096K)
 Metaspace       used 40754K, committed 41344K, reserved 491520K
  class space    used 5741K, committed 6016K, reserved 425984K
}
Event: 100.613 GC heap after
{Heap after GC invocations=12 (full 0):
 garbage-first heap   total 92160K, used 35119K [0x0000000080000000, 0x0000000100000000)
  region size 1024K, 3 young (3072K), 3 survivors (3072K)
 Metaspace       used 40754K, committed 41344K, reserved 491520K
  class space    used 5741K, committed 6016K, reserved 425984K
}
Event: 123.065 GC heap before
{Heap before GC invocations=12 (full 0):
 garbage-first heap   total 92160K, used 74031K [0x0000000080000000, 0x0000000100000000)
  region size 1024K, 40 young (40960K), 3 survivors (3072K)
 Metaspace       used 44492K, committed 45056K, reserved 491520K
  class space    used 6210K, committed 6464K, reserved 425984K
}
Event: 123.077 GC heap after
{Heap after GC invocations=13 (full 0):
 garbage-first heap   total 92160K, used 36185K [0x0000000080000000, 0x0000000100000000)
  region size 1024K, 4 young (4096K), 4 survivors (4096K)
 Metaspace       used 44492K, committed 45056K, reserved 491520K
  class space    used 6210K, committed 6464K, reserved 425984K
}
Event: 140.005 GC heap before
{Heap before GC invocations=13 (full 0):
 garbage-first heap   total 92160K, used 74073K [0x0000000080000000, 0x0000000100000000)
  region size 1024K, 41 young (41984K), 4 survivors (4096K)
 Metaspace       used 48456K, committed 49024K, reserved 491520K
  class space    used 6740K, committed 7040K, reserved 425984K
}
Event: 140.018 GC heap after
{Heap after GC invocations=14 (full 0):
 garbage-first heap   total 92160K, used 37078K [0x0000000080000000, 0x0000000100000000)
  region size 1024K, 4 young (4096K), 4 survivors (4096K)
 Metaspace       used 48456K, committed 49024K, reserved 491520K
  class space    used 6740K, committed 7040K, reserved 425984K
}

Dll operation events (15 events):
Event: 0.236 Loaded shared library C:\Program Files\Microsoft\jdk-17.0.13.11-hotspot\bin\java.dll
Event: 0.940 Loaded shared library C:\Program Files\Microsoft\jdk-17.0.13.11-hotspot\bin\jsvml.dll
Event: 1.283 Loaded shared library C:\Program Files\Microsoft\jdk-17.0.13.11-hotspot\bin\zip.dll
Event: 1.304 Loaded shared library C:\Program Files\Microsoft\jdk-17.0.13.11-hotspot\bin\instrument.dll
Event: 1.313 Loaded shared library C:\Program Files\Microsoft\jdk-17.0.13.11-hotspot\bin\net.dll
Event: 1.315 Loaded shared library C:\Program Files\Microsoft\jdk-17.0.13.11-hotspot\bin\nio.dll
Event: 1.324 Loaded shared library C:\Program Files\Microsoft\jdk-17.0.13.11-hotspot\bin\zip.dll
Event: 3.769 Loaded shared library C:\Program Files\Microsoft\jdk-17.0.13.11-hotspot\bin\jimage.dll
Event: 7.903 Loaded shared library C:\Program Files\Microsoft\jdk-17.0.13.11-hotspot\bin\verify.dll
Event: 8.928 Loaded shared library C:\Users\STAR\.gradle\native\c067742578af261105cb4f569cf0c3c89f3d7b1fecec35dd04571415982c5e48\windows-amd64\native-platform.dll
Event: 8.949 Loaded shared library C:\Users\STAR\.gradle\native\100fb08df4bc3b14c8652ba06237920a3bd2aa13389f12d3474272988ae205f9\windows-amd64\native-platform-file-events.dll
Event: 47.881 Loaded shared library C:\Program Files\Microsoft\jdk-17.0.13.11-hotspot\bin\management.dll
Event: 47.979 Loaded shared library C:\Program Files\Microsoft\jdk-17.0.13.11-hotspot\bin\management_ext.dll
Event: 50.239 Loaded shared library C:\Program Files\Microsoft\jdk-17.0.13.11-hotspot\bin\extnet.dll
Event: 55.296 Loaded shared library C:\Program Files\Microsoft\jdk-17.0.13.11-hotspot\bin\sunmscapi.dll

Deoptimization events (20 events):
Event: 141.298 Thread 0x000002926fabdc70 DEOPT PACKING pc=0x000002924003e104 sp=0x000000a2b2af5e30
Event: 141.298 Thread 0x000002926fabdc70 DEOPT UNPACKING pc=0x000002923f6d69a3 sp=0x000000a2b2af5da0 mode 2
Event: 141.307 Thread 0x000002926fabdc70 Uncommon trap: trap_request=0xffffffde fr.pc=0x000002924003e104 relative=0x0000000000005584
Event: 141.307 Thread 0x000002926fabdc70 Uncommon trap: reason=class_check action=maybe_recompile pc=0x000002924003e104 method=java.net.URLClassLoader.defineClass(Ljava/lang/String;Ljdk/internal/loader/Resource;)Ljava/lang/Class; @ 34 c2
Event: 141.307 Thread 0x000002926fabdc70 DEOPT PACKING pc=0x000002924003e104 sp=0x000000a2b2af5e30
Event: 141.307 Thread 0x000002926fabdc70 DEOPT UNPACKING pc=0x000002923f6d69a3 sp=0x000000a2b2af5da0 mode 2
Event: 141.845 Thread 0x000002926fabdc70 Uncommon trap: trap_request=0xffffff45 fr.pc=0x000002923ffb0930 relative=0x00000000000002f0
Event: 141.845 Thread 0x000002926fabdc70 Uncommon trap: reason=unstable_if action=reinterpret pc=0x000002923ffb0930 method=org.gradle.internal.reflect.PropertyAccessorType.isGetGetterName(Ljava/lang/String;)Z @ 14 c2
Event: 141.845 Thread 0x000002926fabdc70 DEOPT PACKING pc=0x000002923ffb0930 sp=0x000000a2b2af6c90
Event: 141.845 Thread 0x000002926fabdc70 DEOPT UNPACKING pc=0x000002923f6d69a3 sp=0x000000a2b2af6be8 mode 2
Event: 141.881 Thread 0x000002926fabdc70 Uncommon trap: trap_request=0xffffff45 fr.pc=0x000002923fdf0b20 relative=0x0000000000000460
Event: 141.881 Thread 0x000002926fabdc70 Uncommon trap: reason=unstable_if action=reinterpret pc=0x000002923fdf0b20 method=org.objectweb.asm.MethodWriter.visitVarInsn(II)V @ 108 c2
Event: 141.882 Thread 0x000002926fabdc70 DEOPT PACKING pc=0x000002923fdf0b20 sp=0x000000a2b2af68c0
Event: 141.882 Thread 0x000002926fabdc70 DEOPT UNPACKING pc=0x000002923f6d69a3 sp=0x000000a2b2af6888 mode 2
Event: 141.883 Thread 0x000002926fabdc70 Uncommon trap: trap_request=0xffffff45 fr.pc=0x000002923ff942e8 relative=0x00000000000000e8
Event: 141.883 Thread 0x000002926fabdc70 Uncommon trap: reason=unstable_if action=reinterpret pc=0x000002923ff942e8 method=org.objectweb.asm.ByteVector.putShort(I)Lorg/objectweb/asm/ByteVector; @ 13 c2
Event: 141.883 Thread 0x000002926fabdc70 DEOPT PACKING pc=0x000002923ff942e8 sp=0x000000a2b2af6800
Event: 141.883 Thread 0x000002926fabdc70 DEOPT UNPACKING pc=0x000002923f6d69a3 sp=0x000000a2b2af6798 mode 2
Event: 141.975 Thread 0x000002926fabdc70 DEOPT PACKING pc=0x00000292386d69e0 sp=0x000000a2b2af6f70
Event: 141.975 Thread 0x000002926fabdc70 DEOPT UNPACKING pc=0x000002923f6d7143 sp=0x000000a2b2af6450 mode 0

Classes loaded (20 events):
Event: 121.662 Loading class java/util/stream/SortedOps$AbstractRefSortingSink done
Event: 121.662 Loading class java/util/stream/SortedOps$SizedRefSortingSink done
Event: 123.921 Loading class java/util/ArrayList$SubList$1
Event: 123.922 Loading class java/util/ArrayList$SubList$1 done
Event: 139.159 Loading class sun/misc/SharedSecrets
Event: 139.160 Loading class sun/misc/SharedSecrets done
Event: 139.519 Loading class java/nio/channels/Channels$ReadableByteChannelImpl
Event: 139.520 Loading class java/nio/channels/Channels$ReadableByteChannelImpl done
Event: 139.568 Loading class java/util/EmptyStackException
Event: 139.568 Loading class java/util/EmptyStackException done
Event: 139.657 Loading class java/io/InvalidClassException
Event: 139.657 Loading class java/io/InvalidClassException done
Event: 140.244 Loading class java/util/Comparators$NaturalOrderComparator
Event: 140.244 Loading class java/util/Comparators$NaturalOrderComparator done
Event: 140.859 Loading class java/nio/file/AtomicMoveNotSupportedException
Event: 140.860 Loading class java/nio/file/AtomicMoveNotSupportedException done
Event: 140.985 Loading class java/io/FileWriter
Event: 140.986 Loading class java/io/FileWriter done
Event: 141.803 Loading class java/util/function/LongUnaryOperator
Event: 141.805 Loading class java/util/function/LongUnaryOperator done

Classes unloaded (0 events):
No events

Classes redefined (0 events):
No events

Internal exceptions (20 events):
Event: 100.529 Thread 0x000002926fabdc70 Exception <a 'java/lang/NoSuchMethodError'{0x000000008389c430}: 'java.lang.Object java.lang.invoke.Invokers$Holder.linkToTargetMethod(java.lang.Object, java.lang.Object, int, java.lang.Object)'> (0x000000008389c430) 
thrown [s\src\hotspot\share\interpreter\linkResolver.cpp, line 759]
Event: 100.692 Thread 0x000002926fabdc70 Exception <a 'java/lang/NoSuchMethodError'{0x00000000875a0950}: 'int java.lang.invoke.DirectMethodHandle$Holder.invokeSpecialIFC(java.lang.Object, java.lang.Object, java.lang.Object)'> (0x00000000875a0950) 
thrown [s\src\hotspot\share\interpreter\linkResolver.cpp, line 759]
Event: 100.995 Thread 0x000002926fabdc70 Exception <a 'java/lang/NoSuchMethodError'{0x0000000085441220}: 'java.lang.Object java.lang.invoke.DirectMethodHandle$Holder.invokeSpecial(java.lang.Object, java.lang.Object, java.lang.Object, java.lang.Object, java.lang.Object, long)'> (0x0000000085441220) 
thrown [s\src\hotspot\share\interpreter\linkResolver.cpp, line 759]
Event: 100.999 Thread 0x000002926fabdc70 Exception <a 'java/lang/NoSuchMethodError'{0x000000008546d6c0}: 'void java.lang.invoke.DirectMethodHandle$Holder.invokeStatic(java.lang.Object, java.lang.Object, java.lang.Object, int, java.lang.Object)'> (0x000000008546d6c0) 
thrown [s\src\hotspot\share\interpreter\linkResolver.cpp, line 759]
Event: 101.101 Thread 0x000002926fabdc70 Exception <a 'java/lang/NoSuchMethodError'{0x0000000085202b20}: 'int java.lang.invoke.DirectMethodHandle$Holder.invokeInterface(java.lang.Object, java.lang.Object, java.lang.Object, java.lang.Object, java.lang.Object)'> (0x0000000085202b20) 
thrown [s\src\hotspot\share\interpreter\linkResolver.cpp, line 759]
Event: 101.472 Thread 0x000002926fabdc70 Exception <a 'java/lang/NoSuchMethodError'{0x000000008507c160}: 'java.lang.Object java.lang.invoke.DirectMethodHandle$Holder.invokeSpecial(java.lang.Object, java.lang.Object, long, java.lang.Object, java.lang.Object)'> (0x000000008507c160) 
thrown [s\src\hotspot\share\interpreter\linkResolver.cpp, line 759]
Event: 101.902 Thread 0x000002926fabdc70 Exception <a 'java/lang/IncompatibleClassChangeError'{0x0000000084e95bd0}: Found class java.lang.Object, but interface was expected> (0x0000000084e95bd0) 
thrown [s\src\hotspot\share\interpreter\linkResolver.cpp, line 826]
Event: 102.031 Thread 0x000002926fabdc70 Exception <a 'java/lang/NoSuchMethodError'{0x0000000084b310d0}: 'java.lang.Object java.lang.invoke.DirectMethodHandle$Holder.newInvokeSpecial(java.lang.Object, java.lang.Object, java.lang.Object, java.lang.Object, int, java.lang.Object)'> (0x0000000084b310d0) 
thrown [s\src\hotspot\share\interpreter\linkResolver.cpp, line 759]
Event: 102.032 Thread 0x000002926fabdc70 Exception <a 'java/lang/NoSuchMethodError'{0x0000000084b3a420}: 'java.lang.Object java.lang.invoke.Invokers$Holder.linkToTargetMethod(java.lang.Object, java.lang.Object, java.lang.Object, int, java.lang.Object, java.lang.Object)'> (0x0000000084b3a420) 
thrown [s\src\hotspot\share\interpreter\linkResolver.cpp, line 759]
Event: 118.195 Thread 0x000002926fabdc70 Exception <a 'java/lang/NoSuchMethodError'{0x000000008432d7a0}: 'java.lang.Object java.lang.invoke.DirectMethodHandle$Holder.invokeSpecialIFC(java.lang.Object, java.lang.Object, java.lang.Object)'> (0x000000008432d7a0) 
thrown [s\src\hotspot\share\interpreter\linkResolver.cpp, line 759]
Event: 139.160 Thread 0x000002926fabdc70 Exception <a 'java/lang/ClassNotFoundException'{0x0000000083c710b0}: sun/misc/SharedSecrets> (0x0000000083c710b0) 
thrown [s\src\hotspot\share\classfile\systemDictionary.cpp, line 256]
Event: 139.389 Thread 0x000002926fabdc70 Exception <a 'sun/nio/fs/WindowsException'{0x00000000839a5b48}> (0x00000000839a5b48) 
thrown [s\src\hotspot\share\prims\jni.cpp, line 516]
Event: 139.389 Thread 0x000002926fabdc70 Exception <a 'sun/nio/fs/WindowsException'{0x00000000839a5de8}> (0x00000000839a5de8) 
thrown [s\src\hotspot\share\prims\jni.cpp, line 516]
Event: 139.390 Thread 0x000002926fabdc70 Exception <a 'sun/nio/fs/WindowsException'{0x00000000839a8f40}> (0x00000000839a8f40) 
thrown [s\src\hotspot\share\prims\jni.cpp, line 516]
Event: 139.390 Thread 0x000002926fabdc70 Exception <a 'sun/nio/fs/WindowsException'{0x00000000839a92d0}> (0x00000000839a92d0) 
thrown [s\src\hotspot\share\prims\jni.cpp, line 516]
Event: 139.397 Thread 0x000002926fabdc70 Exception <a 'sun/nio/fs/WindowsException'{0x00000000839cb7b8}> (0x00000000839cb7b8) 
thrown [s\src\hotspot\share\prims\jni.cpp, line 516]
Event: 139.397 Thread 0x000002926fabdc70 Exception <a 'sun/nio/fs/WindowsException'{0x00000000839cbb48}> (0x00000000839cbb48) 
thrown [s\src\hotspot\share\prims\jni.cpp, line 516]
Event: 141.807 Thread 0x000002926fabdc70 Exception <a 'java/lang/NoSuchMethodError'{0x00000000842010b8}: 'long java.lang.invoke.DirectMethodHandle$Holder.invokeStatic(java.lang.Object, long)'> (0x00000000842010b8) 
thrown [s\src\hotspot\share\interpreter\linkResolver.cpp, line 759]
Event: 141.881 Thread 0x000002926fabdc70 Implicit null exception at 0x000002923fdf0777 to 0x000002923fdf0b04
Event: 141.981 Thread 0x000002926fabdc70 Exception <a 'java/lang/NoSuchMethodError'{0x00000000840bdf90}: 'java.lang.Object java.lang.invoke.DirectMethodHandle$Holder.invokeInterface(java.lang.Object, java.lang.Object, int)'> (0x00000000840bdf90) 
thrown [s\src\hotspot\share\interpreter\linkResolver.cpp, line 759]

VM Operations (20 events):
Event: 123.065 Executing VM operation: G1CollectForAllocation
Event: 123.077 Executing VM operation: G1CollectForAllocation done
Event: 124.091 Executing VM operation: Cleanup
Event: 124.091 Executing VM operation: Cleanup done
Event: 137.217 Executing VM operation: Cleanup
Event: 137.217 Executing VM operation: Cleanup done
Event: 138.224 Executing VM operation: Cleanup
Event: 138.224 Executing VM operation: Cleanup done
Event: 139.233 Executing VM operation: Cleanup
Event: 139.233 Executing VM operation: Cleanup done
Event: 140.005 Executing VM operation: G1CollectForAllocation
Event: 140.019 Executing VM operation: G1CollectForAllocation done
Event: 140.862 Executing VM operation: HandshakeAllThreads
Event: 140.863 Executing VM operation: HandshakeAllThreads done
Event: 140.988 Executing VM operation: HandshakeAllThreads
Event: 140.988 Executing VM operation: HandshakeAllThreads done
Event: 141.166 Executing VM operation: ICBufferFull
Event: 141.166 Executing VM operation: ICBufferFull done
Event: 142.174 Executing VM operation: Cleanup
Event: 142.174 Executing VM operation: Cleanup done

Memory protections (0 events):
No events

Nmethod flushes (20 events):
Event: 121.612 Thread 0x000002924f6946c0 flushing  nmethod 0x0000029238a97990
Event: 121.612 Thread 0x000002924f6946c0 flushing  nmethod 0x0000029238a99210
Event: 121.612 Thread 0x000002924f6946c0 flushing  nmethod 0x0000029238aa0b90
Event: 121.612 Thread 0x000002924f6946c0 flushing  nmethod 0x0000029238aa1890
Event: 121.612 Thread 0x000002924f6946c0 flushing  nmethod 0x0000029238aa2690
Event: 121.612 Thread 0x000002924f6946c0 flushing  nmethod 0x0000029238aa2f90
Event: 121.612 Thread 0x000002924f6946c0 flushing  nmethod 0x0000029238aa3d10
Event: 121.612 Thread 0x000002924f6946c0 flushing  nmethod 0x0000029238aa4b10
Event: 121.612 Thread 0x000002924f6946c0 flushing  nmethod 0x0000029238aa5310
Event: 121.612 Thread 0x000002924f6946c0 flushing  nmethod 0x0000029238aa5a10
Event: 121.612 Thread 0x000002924f6946c0 flushing  nmethod 0x0000029238aa5d10
Event: 121.612 Thread 0x000002924f6946c0 flushing  nmethod 0x0000029238ab3590
Event: 121.612 Thread 0x000002924f6946c0 flushing  nmethod 0x0000029238abfe90
Event: 121.612 Thread 0x000002924f6946c0 flushing  nmethod 0x0000029238ac0310
Event: 121.612 Thread 0x000002924f6946c0 flushing  nmethod 0x0000029238ad8790
Event: 121.612 Thread 0x000002924f6946c0 flushing  nmethod 0x0000029238b00310
Event: 121.612 Thread 0x000002924f6946c0 flushing  nmethod 0x0000029238b48b10
Event: 121.612 Thread 0x000002924f6946c0 flushing  nmethod 0x0000029238b8cd90
Event: 121.613 Thread 0x000002924f6946c0 flushing  nmethod 0x0000029238bddf10
Event: 121.613 Thread 0x000002924f6946c0 flushing  nmethod 0x0000029238c19d10

Events (20 events):
Event: 63.537 Thread 0x000002926fabdc70 Thread added: 0x000002926fabe180
Event: 63.564 Thread 0x000002926fabdc70 Thread added: 0x0000029270724dc0
Event: 63.884 Thread 0x000002926fabdc70 Thread added: 0x00000292707243a0
Event: 63.958 Thread 0x0000029270724dc0 Thread added: 0x00000292707257e0
Event: 72.235 Thread 0x000002926fabdc70 Thread added: 0x0000029270727640
Event: 73.392 Thread 0x000002926fabdc70 Thread added: 0x0000029270726200
Event: 75.853 Thread 0x000002926fabdc70 Thread added: 0x0000029270727b50
Event: 75.917 Thread 0x000002926fabdc70 Thread added: 0x0000029270728f90
Event: 77.758 Thread 0x000002926fabdc70 Thread added: 0x0000029270722f60
Event: 81.797 Thread 0x000002926fabdc70 Thread added: 0x0000029270725cf0
Event: 82.617 Thread 0x000002926fabdc70 Thread added: 0x0000029270726c20
Event: 83.588 Thread 0x000002926fabdc70 Thread added: 0x0000029270727130
Event: 91.347 Thread 0x000002926fabdc70 Thread added: 0x00000292707299b0
Event: 93.405 Thread 0x000002926fabdc70 Thread added: 0x00000292705e3e30
Event: 101.925 Thread 0x000002926fabdc70 Thread added: 0x00000292705e4340
Event: 101.926 Thread 0x000002926fabdc70 Thread added: 0x00000292705e66b0
Event: 104.673 Thread 0x000002926fabdc70 Thread added: 0x00000292705e29f0
Event: 104.676 Thread 0x000002926fabdc70 Thread added: 0x00000292705e8f30
Event: 118.201 Thread 0x000002926fabdc70 Thread added: 0x00000292705e5270
Event: 118.203 Thread 0x000002926fabdc70 Thread added: 0x00000292705e5c90


Dynamic libraries:
0x00007ff7560f0000 - 0x00007ff7560fe000 	C:\Program Files\Microsoft\jdk-17.0.13.11-hotspot\bin\java.exe
0x00007fffae910000 - 0x00007fffaeb08000 	C:\WINDOWS\SYSTEM32\ntdll.dll
0x00007fffae2f0000 - 0x00007fffae3b2000 	C:\WINDOWS\System32\KERNEL32.DLL
0x00007fffac500000 - 0x00007fffac7f6000 	C:\WINDOWS\System32\KERNELBASE.dll
0x00007fffac160000 - 0x00007fffac260000 	C:\WINDOWS\System32\ucrtbase.dll
0x00007fff73ea0000 - 0x00007fff73ebd000 	C:\Program Files\Microsoft\jdk-17.0.13.11-hotspot\bin\VCRUNTIME140.dll
0x00007fff73ec0000 - 0x00007fff73ed7000 	C:\Program Files\Microsoft\jdk-17.0.13.11-hotspot\bin\jli.dll
0x00007fffacc20000 - 0x00007fffacdbd000 	C:\WINDOWS\System32\USER32.dll
0x00007fffac4d0000 - 0x00007fffac4f2000 	C:\WINDOWS\System32\win32u.dll
0x00007fffae2c0000 - 0x00007fffae2eb000 	C:\WINDOWS\System32\GDI32.dll
0x00007fffac040000 - 0x00007fffac15a000 	C:\WINDOWS\System32\gdi32full.dll
0x00007fffabfa0000 - 0x00007fffac03d000 	C:\WINDOWS\System32\msvcp_win.dll
0x00007fffab360000 - 0x00007fffab5fa000 	C:\WINDOWS\WinSxS\amd64_microsoft.windows.common-controls_6595b64144ccf1df_6.0.19041.4355_none_60b8b9eb71f62e16\COMCTL32.dll
0x00007fffae780000 - 0x00007fffae81e000 	C:\WINDOWS\System32\msvcrt.dll
0x00007fffadd80000 - 0x00007fffaddaf000 	C:\WINDOWS\System32\IMM32.DLL
0x00007fff937f0000 - 0x00007fff937fc000 	C:\Program Files\Microsoft\jdk-17.0.13.11-hotspot\bin\vcruntime140_1.dll
0x00007fff73e10000 - 0x00007fff73e9d000 	C:\Program Files\Microsoft\jdk-17.0.13.11-hotspot\bin\msvcp140.dll
0x00007fff378b0000 - 0x00007fff38521000 	C:\Program Files\Microsoft\jdk-17.0.13.11-hotspot\bin\server\jvm.dll
0x00007fffad4c0000 - 0x00007fffad56f000 	C:\WINDOWS\System32\ADVAPI32.dll
0x00007fffacac0000 - 0x00007fffacb5f000 	C:\WINDOWS\System32\sechost.dll
0x00007fffae4a0000 - 0x00007fffae5c3000 	C:\WINDOWS\System32\RPCRT4.dll
0x00007fffac800000 - 0x00007fffac827000 	C:\WINDOWS\System32\bcrypt.dll
0x00007fffadef0000 - 0x00007fffadf5b000 	C:\WINDOWS\System32\WS2_32.dll
0x00007fffabb90000 - 0x00007fffabbdb000 	C:\WINDOWS\SYSTEM32\POWRPROF.dll
0x00007fffa13b0000 - 0x00007fffa13d7000 	C:\WINDOWS\SYSTEM32\WINMM.dll
0x00007fffa8c80000 - 0x00007fffa8c8a000 	C:\WINDOWS\SYSTEM32\VERSION.dll
0x00007fffab6f0000 - 0x00007fffab702000 	C:\WINDOWS\SYSTEM32\UMPDC.dll
0x00007fffa8fd0000 - 0x00007fffa8fe2000 	C:\WINDOWS\SYSTEM32\kernel.appcore.dll
0x00007fff913d0000 - 0x00007fff913da000 	C:\Program Files\Microsoft\jdk-17.0.13.11-hotspot\bin\jimage.dll
0x00007fffab9a0000 - 0x00007fffabb84000 	C:\WINDOWS\SYSTEM32\DBGHELP.DLL
0x00007fffab730000 - 0x00007fffab764000 	C:\WINDOWS\SYSTEM32\dbgcore.DLL
0x00007fffac440000 - 0x00007fffac4c2000 	C:\WINDOWS\System32\bcryptPrimitives.dll
0x00007fff869c0000 - 0x00007fff869ce000 	C:\Program Files\Microsoft\jdk-17.0.13.11-hotspot\bin\instrument.dll
0x00007fff73de0000 - 0x00007fff73e05000 	C:\Program Files\Microsoft\jdk-17.0.13.11-hotspot\bin\java.dll
0x00007fff73d00000 - 0x00007fff73dd7000 	C:\Program Files\Microsoft\jdk-17.0.13.11-hotspot\bin\jsvml.dll
0x00007fffad600000 - 0x00007fffadd6f000 	C:\WINDOWS\System32\SHELL32.dll
0x00007fffa92d0000 - 0x00007fffa9a73000 	C:\WINDOWS\SYSTEM32\windows.storage.dll
0x00007fffadf60000 - 0x00007fffae2b5000 	C:\WINDOWS\System32\combase.dll
0x00007fffab2c0000 - 0x00007fffab2eb000 	C:\WINDOWS\SYSTEM32\Wldp.dll
0x00007fffacf00000 - 0x00007fffacfcd000 	C:\WINDOWS\System32\OLEAUT32.dll
0x00007fffae820000 - 0x00007fffae8cd000 	C:\WINDOWS\System32\SHCORE.dll
0x00007fffade90000 - 0x00007fffadee5000 	C:\WINDOWS\System32\shlwapi.dll
0x00007fffabed0000 - 0x00007fffabef5000 	C:\WINDOWS\SYSTEM32\profapi.dll
0x00007fff73ca0000 - 0x00007fff73cb8000 	C:\Program Files\Microsoft\jdk-17.0.13.11-hotspot\bin\zip.dll
0x00007fff73ce0000 - 0x00007fff73cfa000 	C:\Program Files\Microsoft\jdk-17.0.13.11-hotspot\bin\net.dll
0x00007fffa3f40000 - 0x00007fffa404a000 	C:\WINDOWS\SYSTEM32\WINHTTP.dll
0x00007fffaafd0000 - 0x00007fffab03c000 	C:\WINDOWS\system32\mswsock.dll
0x00007fff73cc0000 - 0x00007fff73cd6000 	C:\Program Files\Microsoft\jdk-17.0.13.11-hotspot\bin\nio.dll
0x00007fff886b0000 - 0x00007fff886c0000 	C:\Program Files\Microsoft\jdk-17.0.13.11-hotspot\bin\verify.dll
0x00007fff740a0000 - 0x00007fff740c7000 	C:\Users\STAR\.gradle\native\c067742578af261105cb4f569cf0c3c89f3d7b1fecec35dd04571415982c5e48\windows-amd64\native-platform.dll
0x00007fff73b50000 - 0x00007fff73c94000 	C:\Users\STAR\.gradle\native\100fb08df4bc3b14c8652ba06237920a3bd2aa13389f12d3474272988ae205f9\windows-amd64\native-platform-file-events.dll
0x00007fff77f40000 - 0x00007fff77f4a000 	C:\Program Files\Microsoft\jdk-17.0.13.11-hotspot\bin\management.dll
0x00007fff76f50000 - 0x00007fff76f5b000 	C:\Program Files\Microsoft\jdk-17.0.13.11-hotspot\bin\management_ext.dll
0x00007fffacc10000 - 0x00007fffacc18000 	C:\WINDOWS\System32\PSAPI.DLL
0x00007fffabd10000 - 0x00007fffabd28000 	C:\WINDOWS\SYSTEM32\CRYPTSP.dll
0x00007fffaa960000 - 0x00007fffaa998000 	C:\WINDOWS\system32\rsaenh.dll
0x00007fffabe90000 - 0x00007fffabebe000 	C:\WINDOWS\SYSTEM32\USERENV.dll
0x00007fffab250000 - 0x00007fffab25c000 	C:\WINDOWS\SYSTEM32\CRYPTBASE.dll
0x00007fffaacd0000 - 0x00007fffaad0b000 	C:\WINDOWS\SYSTEM32\IPHLPAPI.DLL
0x00007fffadd70000 - 0x00007fffadd78000 	C:\WINDOWS\System32\NSI.dll
0x00007fffa4d40000 - 0x00007fffa4d57000 	C:\WINDOWS\SYSTEM32\dhcpcsvc6.DLL
0x00007fffa5440000 - 0x00007fffa545d000 	C:\WINDOWS\SYSTEM32\dhcpcsvc.DLL
0x00007fffaad20000 - 0x00007fffaadea000 	C:\WINDOWS\SYSTEM32\DNSAPI.dll
0x00007fff869d0000 - 0x00007fff869d9000 	C:\Program Files\Microsoft\jdk-17.0.13.11-hotspot\bin\extnet.dll
0x00007fff869b0000 - 0x00007fff869be000 	C:\Program Files\Microsoft\jdk-17.0.13.11-hotspot\bin\sunmscapi.dll
0x00007fffac260000 - 0x00007fffac3bd000 	C:\WINDOWS\System32\CRYPT32.dll
0x00007fffab330000 - 0x00007fffab357000 	C:\WINDOWS\SYSTEM32\ncrypt.dll
0x00007fffab2f0000 - 0x00007fffab32b000 	C:\WINDOWS\SYSTEM32\NTASN1.dll
0x00007fffa7660000 - 0x00007fffa7667000 	C:\WINDOWS\system32\wshunix.dll

dbghelp: loaded successfully - version: 4.0.5 - missing functions: none
symbol engine: initialized successfully - sym options: 0x614 - pdb path: .;C:\Program Files\Microsoft\jdk-17.0.13.11-hotspot\bin;C:\WINDOWS\SYSTEM32;C:\WINDOWS\WinSxS\amd64_microsoft.windows.common-controls_6595b64144ccf1df_6.0.19041.4355_none_60b8b9eb71f62e16;C:\Program Files\Microsoft\jdk-17.0.13.11-hotspot\bin\server;C:\Users\STAR\.gradle\native\c067742578af261105cb4f569cf0c3c89f3d7b1fecec35dd04571415982c5e48\windows-amd64;C:\Users\STAR\.gradle\native\100fb08df4bc3b14c8652ba06237920a3bd2aa13389f12d3474272988ae205f9\windows-amd64

VM Arguments:
jvm_args: -XX:MaxMetaspaceSize=512m --add-opens=java.base/java.util=ALL-UNNAMED --add-opens=java.base/java.lang=ALL-UNNAMED --add-opens=java.base/java.lang.invoke=ALL-UNNAMED --add-opens=java.prefs/java.util.prefs=ALL-UNNAMED --add-exports=jdk.compiler/com.sun.tools.javac.api=ALL-UNNAMED --add-exports=jdk.compiler/com.sun.tools.javac.util=ALL-UNNAMED --add-opens=java.base/java.nio.charset=ALL-UNNAMED --add-opens=java.base/java.net=ALL-UNNAMED --add-opens=java.base/java.util.concurrent.atomic=ALL-UNNAMED -Xmx2048m -Dfile.encoding=windows-1252 -Duser.country=US -Duser.language=en -Duser.variant -javaagent:C:\Users\STAR\.gradle\wrapper\dists\gradle-8.10.2-all\7iv73wktx1xtkvlq19urqw1wm\gradle-8.10.2\lib\agents\gradle-instrumentation-agent-8.10.2.jar 
java_command: org.gradle.launcher.daemon.bootstrap.GradleDaemon 8.10.2
java_class_path (initial): C:\Users\STAR\.gradle\wrapper\dists\gradle-8.10.2-all\7iv73wktx1xtkvlq19urqw1wm\gradle-8.10.2\lib\gradle-daemon-main-8.10.2.jar
Launcher Type: SUN_STANDARD

[Global flags]
     intx CICompilerCount                          = 12                                        {product} {ergonomic}
   size_t CompressedClassSpaceSize                 = 436207616                                 {product} {ergonomic}
     uint ConcGCThreads                            = 3                                         {product} {ergonomic}
     uint G1ConcRefinementThreads                  = 13                                        {product} {ergonomic}
   size_t G1HeapRegionSize                         = 1048576                                   {product} {ergonomic}
    uintx GCDrainStackTargetSize                   = 64                                        {product} {ergonomic}
   size_t InitialHeapSize                          = 123731968                                 {product} {ergonomic}
   size_t MarkStackSize                            = 4194304                                   {product} {ergonomic}
   size_t MaxHeapSize                              = 2147483648                                {product} {command line}
   size_t MaxMetaspaceSize                         = 536870912                                 {product} {command line}
   size_t MaxNewSize                               = 1287651328                                {product} {ergonomic}
   size_t MinHeapDeltaBytes                        = 1048576                                   {product} {ergonomic}
   size_t MinHeapSize                              = 8388608                                   {product} {ergonomic}
    uintx NonNMethodCodeHeapSize                   = 7602480                                {pd product} {ergonomic}
    uintx NonProfiledCodeHeapSize                  = 122027880                              {pd product} {ergonomic}
    uintx ProfiledCodeHeapSize                     = 122027880                              {pd product} {ergonomic}
    uintx ReservedCodeCacheSize                    = 251658240                              {pd product} {ergonomic}
     bool SegmentedCodeCache                       = true                                      {product} {ergonomic}
   size_t SoftMaxHeapSize                          = 2147483648                             {manageable} {ergonomic}
     bool UseCompressedClassPointers               = true                           {product lp64_product} {ergonomic}
     bool UseCompressedOops                        = true                           {product lp64_product} {ergonomic}
     bool UseG1GC                                  = true                                      {product} {ergonomic}
     bool UseLargePagesIndividualAllocation        = false                                  {pd product} {ergonomic}

Logging:
Log output configuration:
 #0: stdout all=warning uptime,level,tags
 #1: stderr all=off uptime,level,tags

Environment Variables:
JAVA_HOME=C:\Program Files\Microsoft\jdk-17.0.13.11-hotspot
CLASSPATH=D:\projects\video1\zegocloud\android\\gradle\wrapper\gradle-wrapper.jar
PATH=D:\projects\video1\zegocloud\node_modules\.bin;D:\projects\video1\zegocloud\node_modules\.bin;D:\projects\video1\node_modules\.bin;D:\projects\node_modules\.bin;D:\node_modules\.bin;C:\Users\STAR\AppData\Local\nvm\v22.13.0\node_modules\npm\node_modules\@npmcli\run-script\lib\node-gyp-bin;D:\projects\video1\zegocloud\node_modules\.bin;D:\projects\video1\zegocloud\android\node_modules\.bin;D:\projects\video1\zegocloud\node_modules\.bin;D:\projects\video1\node_modules\.bin;D:\projects\node_modules\.bin;D:\node_modules\.bin;C:\Users\STAR\AppData\Local\nvm\v22.13.0\node_modules\npm\node_modules\@npmcli\run-script\lib\node-gyp-bin;C:\Program Files\Microsoft\jdk-17.0.13.11-hotspot\bin;C:\Python313\Scripts\;C:\Python313\;C:\Program Files\Python311\Scripts\;C:\Program Files\Python311\;C:\WINDOWS\system32;C:\WINDOWS;C:\WINDOWS\System32\Wbem;C:\WINDOWS\System32\WindowsPowerShell\v1.0\;C:\WINDOWS\System32\OpenSSH\;C:\Program Files\Git\cmd;C:\Program Files\MongoDB\Server\6.0\bin;C:\Program Files\MySQL\MySQL Server 8.0\bin;C:\Users\STAR\AppData\Roaming\Python\Python311\Scripts;C:\Program Files (x86)\Windows Kits\10\Include\10.0.19041.0\ucrt;C:\Program Files (x86)\Windows Kits\10\Lib\10.0.19041.0\um\x86;C:\Program Files (x86)\Windows Kits\10\Lib\10.0.19041.0\ucrt\x86;C:\Program Files\Docker\Docker\resources\bin;C:\platform-tools;E:\qemu;C:\ProgramData\chocolatey\bin;C:\Users\STAR\AppData\Local\Android\Sdk\platform-tools;C:\Users\STAR\AppData\Local\nvm;C:\nvm4w\nodejs;C:\Users\STAR\AppData\Local\Programs\Eclipse Adoptium\jdk-11.0.26.4-hotspot\bin;C:\Program Files\MySQL\MySQL Shell 8.0\bin\;C:\Users\STAR\AppData\Local\Microsoft\WindowsApps;C:\Users\STAR\AppData\Local\Programs\Microsoft VS Code\bin;C:\Users\STAR\AppData\Roaming\npm;C:\Users\STAR\AppData\Local\Android\Sdk\platform-tools;C:\Users\STAR\AppData\Local\nvm;C:\nvm4w\nodejs;c:\Users\STAR\.vscode\extensions\ms-python.debugpy-2025.6.0-win32-x64\bundled\scripts\noConfigScripts
USERNAME=STAR
LANG=en_US.UTF-8
OS=Windows_NT
PROCESSOR_IDENTIFIER=AMD64 Family 23 Model 96 Stepping 1, AuthenticAMD
TMP=C:\Users\STAR\AppData\Local\Temp
TEMP=C:\Users\STAR\AppData\Local\Temp



Periodic native trim disabled


---------------  S Y S T E M  ---------------

OS:
 Windows 10 , 64 bit Build 19041 (10.0.19041.5678)
OS uptime: 2 days 2:07 hours
Hyper-V role detected

CPU: total 16 (initial active 16) (16 cores per cpu, 2 threads per core) family 23 model 96 stepping 1 microcode 0x0, cx8, cmov, fxsr, ht, mmx, 3dnowpref, sse, sse2, sse3, ssse3, sse4a, sse4.1, sse4.2, popcnt, lzcnt, tsc, tscinvbit, avx, avx2, aes, clmul, bmi1, bmi2, adx, sha, fma, vzeroupper, clflush, clflushopt, hv
Processor Information for processor 0
  Max Mhz: 2900, Current Mhz: 1400, Mhz Limit: 2900
Processor Information for processor 1
  Max Mhz: 2900, Current Mhz: 1400, Mhz Limit: 2900
Processor Information for processor 2
  Max Mhz: 2900, Current Mhz: 1400, Mhz Limit: 2900
Processor Information for processor 3
  Max Mhz: 2900, Current Mhz: 1400, Mhz Limit: 2900
Processor Information for processor 4
  Max Mhz: 2900, Current Mhz: 2900, Mhz Limit: 2900
Processor Information for processor 5
  Max Mhz: 2900, Current Mhz: 2900, Mhz Limit: 2900
Processor Information for processor 6
  Max Mhz: 2900, Current Mhz: 1400, Mhz Limit: 2900
Processor Information for processor 7
  Max Mhz: 2900, Current Mhz: 1400, Mhz Limit: 2900
Processor Information for processor 8
  Max Mhz: 2900, Current Mhz: 2900, Mhz Limit: 2900
Processor Information for processor 9
  Max Mhz: 2900, Current Mhz: 2900, Mhz Limit: 2900
Processor Information for processor 10
  Max Mhz: 2900, Current Mhz: 2900, Mhz Limit: 2900
Processor Information for processor 11
  Max Mhz: 2900, Current Mhz: 2900, Mhz Limit: 2900
Processor Information for processor 12
  Max Mhz: 2900, Current Mhz: 1400, Mhz Limit: 2900
Processor Information for processor 13
  Max Mhz: 2900, Current Mhz: 1400, Mhz Limit: 2900
Processor Information for processor 14
  Max Mhz: 2900, Current Mhz: 1400, Mhz Limit: 2900
Processor Information for processor 15
  Max Mhz: 2900, Current Mhz: 1400, Mhz Limit: 2900

Memory: 4k page, system-wide physical 7540M (46M free)
TotalPageFile size 28803M (AvailPageFile size 11M)
current process WorkingSet (physical memory assigned to process): 163M, peak: 168M
current process commit charge ("private bytes"): 312M, peak: 314M

vm_info: OpenJDK 64-Bit Server VM (17.0.13+11-LTS) for windows-amd64 JRE (17.0.13+11-LTS), built on Oct 11 2024 23:25:05 by "MicrosoftCorporation" with unknown MS VC++:1939

END.
