#
# There is insufficient memory for the Java Runtime Environment to continue.
# Native memory allocation (malloc) failed to allocate 32744 bytes. Error detail: ChunkPool::allocate
# Possible reasons:
#   The system is out of physical RAM or swap space
#   This process is running with CompressedOops enabled, and the Java Heap may be blocking the growth of the native heap
# Possible solutions:
#   Reduce memory load on the system
#   Increase physical memory or swap space
#   Check if swap backing store is full
#   Decrease Java heap size (-Xmx/-Xms)
#   Decrease number of Java threads
#   Decrease Java thread stack sizes (-Xss)
#   Set larger code cache with -XX:ReservedCodeCacheSize=
#   JVM is running with Unscaled Compressed Oops mode in which the Java heap is
#     placed in the first 4GB address space. The Java Heap base address is the
#     maximum limit for the native heap growth. Please use -XX:HeapBaseMinAddress
#     to set the Java Heap base and to place the Java Heap above 4GB virtual address.
# This output file may be truncated or incomplete.
#
#  Out of Memory Error (arena.cpp:79), pid=30048, tid=23632
#
# JRE version: OpenJDK Runtime Environment Microsoft-10376486 (17.0.13+11) (build 17.0.13+11-LTS)
# Java VM: OpenJDK 64-Bit Server VM Microsoft-10376486 (17.0.13+11-LTS, mixed mode, sharing, tiered, compressed oops, compressed class ptrs, g1 gc, windows-amd64)
# No core dump will be written. Minidumps are not enabled by default on client versions of Windows
#

---------------  S U M M A R Y ------------

Command Line: -XX:MaxMetaspaceSize=512m --add-opens=java.base/java.util=ALL-UNNAMED --add-opens=java.base/java.lang=ALL-UNNAMED --add-opens=java.base/java.lang.invoke=ALL-UNNAMED --add-opens=java.prefs/java.util.prefs=ALL-UNNAMED --add-exports=jdk.compiler/com.sun.tools.javac.api=ALL-UNNAMED --add-exports=jdk.compiler/com.sun.tools.javac.util=ALL-UNNAMED --add-opens=java.base/java.nio.charset=ALL-UNNAMED --add-opens=java.base/java.net=ALL-UNNAMED --add-opens=java.base/java.util.concurrent.atomic=ALL-UNNAMED -Xmx2048m -Dfile.encoding=windows-1252 -Duser.country=US -Duser.language=en -Duser.variant -javaagent:C:\Users\STAR\.gradle\wrapper\dists\gradle-8.10.2-all\7iv73wktx1xtkvlq19urqw1wm\gradle-8.10.2\lib\agents\gradle-instrumentation-agent-8.10.2.jar org.gradle.launcher.daemon.bootstrap.GradleDaemon 8.10.2

Host: AMD Ryzen 7 4800H with Radeon Graphics         , 16 cores, 7G,  Windows 10 , 64 bit Build 19041 (10.0.19041.5678)
Time: Fri May  2 02:32:22 2025 India Standard Time elapsed time: 147.966938 seconds (0d 0h 2m 27s)

---------------  T H R E A D  ---------------

Current thread (0x000002104e6be770):  JavaThread "C2 CompilerThread0" daemon [_thread_in_native, id=23632, stack(0x0000002656100000,0x0000002656200000)]


Current CompileTask:
C2: 147967 7425   !   4       com.google.common.reflect.TypeVisitor::visit (225 bytes)

Stack: [0x0000002656100000,0x0000002656200000]
Native frames: (J=compiled Java code, j=interpreted, Vv=VM code, C=native code)
V  [jvm.dll+0x687fc9]
V  [jvm.dll+0x83eeb8]
V  [jvm.dll+0x840963]
V  [jvm.dll+0x840fd3]
V  [jvm.dll+0x24951f]
V  [jvm.dll+0xad2cc]
V  [jvm.dll+0xad75c]
V  [jvm.dll+0x66623a]
V  [jvm.dll+0x7a648]
V  [jvm.dll+0x69673e]
V  [jvm.dll+0x695c7e]
V  [jvm.dll+0x1a849c]
V  [jvm.dll+0x1a903d]
V  [jvm.dll+0x2afe50]
V  [jvm.dll+0x6a0a8a]
V  [jvm.dll+0x698923]
V  [jvm.dll+0x6981b0]
V  [jvm.dll+0x695fc2]
V  [jvm.dll+0x1a849c]
V  [jvm.dll+0x2afe50]
V  [jvm.dll+0x6a0a8a]
V  [jvm.dll+0x698923]
V  [jvm.dll+0x6981b0]
V  [jvm.dll+0x695fc2]
V  [jvm.dll+0x1a849c]
V  [jvm.dll+0x1a903d]
V  [jvm.dll+0x2afe50]
V  [jvm.dll+0x6a0a8a]
V  [jvm.dll+0x698923]
V  [jvm.dll+0x6981b0]
V  [jvm.dll+0x695fc2]
V  [jvm.dll+0x1a849c]
V  [jvm.dll+0x1a903d]
V  [jvm.dll+0x2afe50]
V  [jvm.dll+0x6a0a8a]
V  [jvm.dll+0x698923]
V  [jvm.dll+0x6981b0]
V  [jvm.dll+0x695fc2]
V  [jvm.dll+0x1a849c]
V  [jvm.dll+0x1a903d]
V  [jvm.dll+0x1a903d]
V  [jvm.dll+0x2afe50]
V  [jvm.dll+0x6a0a8a]
V  [jvm.dll+0x698923]
V  [jvm.dll+0x6981b0]
V  [jvm.dll+0x695fc2]
V  [jvm.dll+0x1a849c]
V  [jvm.dll+0x2afe50]
V  [jvm.dll+0x6a0a8a]
V  [jvm.dll+0x698923]
V  [jvm.dll+0x6981b0]
V  [jvm.dll+0x695fc2]
V  [jvm.dll+0x1a849c]
V  [jvm.dll+0x1a903d]
V  [jvm.dll+0x1a903d]
V  [jvm.dll+0x2afe50]
V  [jvm.dll+0x6a0a8a]
V  [jvm.dll+0x698923]
V  [jvm.dll+0x6981b0]
V  [jvm.dll+0x695fc2]
V  [jvm.dll+0x1a849c]
V  [jvm.dll+0x219728]
V  [jvm.dll+0x1a5506]
V  [jvm.dll+0x22a1ca]
V  [jvm.dll+0x22830b]
V  [jvm.dll+0x7f4708]
V  [jvm.dll+0x7eea6c]
V  [jvm.dll+0x686ea7]
C  [ucrtbase.dll+0x21bb2]
C  [KERNEL32.DLL+0x17374]
C  [ntdll.dll+0x4cc91]


---------------  P R O C E S S  ---------------

Threads class SMR info:
_java_thread_list=0x000002106f253190, length=88, elements={
0x000002102f745ea0, 0x000002104e69e620, 0x000002104e69f3b0, 0x000002104e6ba040,
0x000002104e6bc920, 0x000002104e6bd1f0, 0x000002104e6bdac0, 0x000002104e6be770,
0x000002104e6c2150, 0x000002104e6c5680, 0x000002104e645620, 0x000002104e8ac680,
0x000002106ecd3160, 0x000002106f4ca3f0, 0x000002106f5519c0, 0x000002106e7ad5f0,
0x000002106e7aa9d0, 0x000002104e73eb60, 0x000002104e73f070, 0x000002104e73cd00,
0x000002104e73fa90, 0x000002104e73ffa0, 0x000002104e73d720, 0x000002104e73e140,
0x000002104e73dc30, 0x000002106f799360, 0x000002106f798430, 0x000002106f795bb0,
0x000002106f796ae0, 0x000002106f797500, 0x000002106f798e50, 0x000002106f796ff0,
0x000002106f799870, 0x000002106f793330, 0x000002106f7956a0, 0x000002106f797f20,
0x000002106f793d50, 0x000002106f792400, 0x000002106f792910, 0x000002106f794260,
0x000002106f794c80, 0x000002106f795190, 0x000002107139bbd0, 0x000002107139b1b0,
0x000002107139a280, 0x0000021071398420, 0x0000021071398e40, 0x000002107139b6c0,
0x0000021071396ad0, 0x00000210713965c0, 0x0000021071395690, 0x000002107139a790,
0x0000021071398930, 0x0000021071399350, 0x0000021071394760, 0x0000021071399860,
0x0000021071396fe0, 0x0000021071399d70, 0x000002107139aca0, 0x000002107139c0e0,
0x0000021071395180, 0x0000021071397f10, 0x00000210713974f0, 0x0000021071394c70,
0x00000210713960b0, 0x0000021071397a00, 0x000002106f5146e0, 0x000002106f518dc0,
0x000002106f516030, 0x000002106f517e90, 0x000002106f516f60, 0x000002106f512880,
0x000002106f5192d0, 0x000002106f5132a0, 0x000002106f514bf0, 0x000002106f5197e0,
0x000002106f5137b0, 0x000002106f51a200, 0x000002106f515100, 0x000002106f513cc0,
0x000002106f516a50, 0x000002106f519cf0, 0x000002106f5141d0, 0x000002106f512d90,
0x000002106f5183a0, 0x000002106f5188b0, 0x000002106f515610, 0x000002106f515b20
}

Java Threads: ( => current thread )
  0x000002102f745ea0 JavaThread "main" [_thread_blocked, id=30496, stack(0x0000002655400000,0x0000002655500000)]
  0x000002104e69e620 JavaThread "Reference Handler" daemon [_thread_blocked, id=24484, stack(0x0000002655b00000,0x0000002655c00000)]
  0x000002104e69f3b0 JavaThread "Finalizer" daemon [_thread_blocked, id=24412, stack(0x0000002655c00000,0x0000002655d00000)]
  0x000002104e6ba040 JavaThread "Signal Dispatcher" daemon [_thread_blocked, id=24648, stack(0x0000002655d00000,0x0000002655e00000)]
  0x000002104e6bc920 JavaThread "Attach Listener" daemon [_thread_blocked, id=24652, stack(0x0000002655e00000,0x0000002655f00000)]
  0x000002104e6bd1f0 JavaThread "Service Thread" daemon [_thread_blocked, id=24656, stack(0x0000002655f00000,0x0000002656000000)]
  0x000002104e6bdac0 JavaThread "Monitor Deflation Thread" daemon [_thread_blocked, id=11332, stack(0x0000002656000000,0x0000002656100000)]
=>0x000002104e6be770 JavaThread "C2 CompilerThread0" daemon [_thread_in_native, id=23632, stack(0x0000002656100000,0x0000002656200000)]
  0x000002104e6c2150 JavaThread "C1 CompilerThread0" daemon [_thread_blocked, id=23640, stack(0x0000002656200000,0x0000002656300000)]
  0x000002104e6c5680 JavaThread "Sweeper thread" daemon [_thread_blocked, id=23644, stack(0x0000002656300000,0x0000002656400000)]
  0x000002104e645620 JavaThread "Common-Cleaner" daemon [_thread_blocked, id=22616, stack(0x0000002656400000,0x0000002656500000)]
  0x000002104e8ac680 JavaThread "Notification Thread" daemon [_thread_blocked, id=28316, stack(0x0000002656500000,0x0000002656600000)]
  0x000002106ecd3160 JavaThread "Daemon health stats" [_thread_blocked, id=7172, stack(0x0000002656900000,0x0000002656a00000)]
  0x000002106f4ca3f0 JavaThread "Incoming local TCP Connector on port 56498" [_thread_in_native, id=14580, stack(0x0000002656c00000,0x0000002656d00000)]
  0x000002106f5519c0 JavaThread "Daemon periodic checks" [_thread_blocked, id=7136, stack(0x0000002656d00000,0x0000002656e00000)]
  0x000002106e7ad5f0 JavaThread "Daemon" [_thread_blocked, id=27512, stack(0x0000002656e00000,0x0000002656f00000)]
  0x000002106e7aa9d0 JavaThread "Handler for socket connection from /127.0.0.1:56498 to /127.0.0.1:56499" [_thread_in_native, id=30352, stack(0x0000002656f00000,0x0000002657000000)]
  0x000002104e73eb60 JavaThread "Cancel handler" [_thread_blocked, id=26464, stack(0x0000002657000000,0x0000002657100000)]
  0x000002104e73f070 JavaThread "Daemon worker" [_thread_in_vm, id=27548, stack(0x0000002657100000,0x0000002657200000)]
  0x000002104e73cd00 JavaThread "Asynchronous log dispatcher for DefaultDaemonConnection: socket connection from /127.0.0.1:56498 to /127.0.0.1:56499" [_thread_blocked, id=27264, stack(0x0000002657200000,0x0000002657300000)]
  0x000002104e73fa90 JavaThread "Stdin handler" [_thread_blocked, id=9268, stack(0x0000002657300000,0x0000002657400000)]
  0x000002104e73ffa0 JavaThread "Daemon client event forwarder" [_thread_blocked, id=25948, stack(0x0000002657400000,0x0000002657500000)]
  0x000002104e73d720 JavaThread "Cache worker for journal cache (C:\Users\STAR\.gradle\caches\journal-1)" [_thread_blocked, id=24472, stack(0x0000002657500000,0x0000002657600000)]
  0x000002104e73e140 JavaThread "File lock request listener" [_thread_in_native, id=13688, stack(0x0000002657600000,0x0000002657700000)]
  0x000002104e73dc30 JavaThread "Cache worker for file hash cache (C:\Users\STAR\.gradle\caches\8.10.2\fileHashes)" [_thread_blocked, id=24736, stack(0x0000002657700000,0x0000002657800000)]
  0x000002106f799360 JavaThread "File lock release action executor" [_thread_blocked, id=27184, stack(0x0000002658000000,0x0000002658100000)]
  0x000002106f798430 JavaThread "Cache worker for file hash cache (D:\projects\video1\zegocloud\android\.gradle\8.10.2\fileHashes)" [_thread_blocked, id=27312, stack(0x0000002658100000,0x0000002658200000)]
  0x000002106f795bb0 JavaThread "Cache worker for Build Output Cleanup Cache (D:\projects\video1\zegocloud\android\.gradle\buildOutputCleanup)" [_thread_blocked, id=27516, stack(0x0000002658400000,0x0000002658500000)]
  0x000002106f796ae0 JavaThread "File watcher server" daemon [_thread_in_native, id=14300, stack(0x0000002655300000,0x0000002655400000)]
  0x000002106f797500 JavaThread "File watcher consumer" daemon [_thread_blocked, id=28516, stack(0x0000002658500000,0x0000002658600000)]
  0x000002106f798e50 JavaThread "Cache worker for checksums cache (D:\projects\video1\zegocloud\android\.gradle\8.10.2\checksums)" [_thread_blocked, id=21560, stack(0x0000002658600000,0x0000002658700000)]
  0x000002106f796ff0 JavaThread "Cache worker for file content cache (C:\Users\STAR\.gradle\caches\8.10.2\fileContent)" [_thread_blocked, id=21472, stack(0x0000002658700000,0x0000002658800000)]
  0x000002106f799870 JavaThread "Cache worker for cache directory md-rule (C:\Users\STAR\.gradle\caches\8.10.2\md-rule)" [_thread_blocked, id=23180, stack(0x0000002658800000,0x0000002658900000)]
  0x000002106f793330 JavaThread "Cache worker for cache directory md-supplier (C:\Users\STAR\.gradle\caches\8.10.2\md-supplier)" [_thread_blocked, id=23788, stack(0x0000002658900000,0x0000002658a00000)]
  0x000002106f7956a0 JavaThread "jar transforms" [_thread_blocked, id=3156, stack(0x0000002658a00000,0x0000002658b00000)]
  0x000002106f797f20 JavaThread "Cache worker for Build Output Cleanup Cache (D:\projects\video1\zegocloud\node_modules\@react-native\gradle-plugin\.gradle\buildOutputCleanup)" [_thread_blocked, id=27488, stack(0x0000002658b00000,0x0000002658c00000)]
  0x000002106f793d50 JavaThread "Unconstrained build operations" [_thread_blocked, id=17584, stack(0x0000002658c00000,0x0000002658d00000)]
  0x000002106f792400 JavaThread "Unconstrained build operations Thread 2" [_thread_blocked, id=21364, stack(0x0000002658d00000,0x0000002658e00000)]
  0x000002106f792910 JavaThread "Unconstrained build operations Thread 3" [_thread_blocked, id=13092, stack(0x0000002658e00000,0x0000002658f00000)]
  0x000002106f794260 JavaThread "Unconstrained build operations Thread 4" [_thread_blocked, id=4440, stack(0x0000002658f00000,0x0000002659000000)]
  0x000002106f794c80 JavaThread "Unconstrained build operations Thread 5" [_thread_blocked, id=5140, stack(0x0000002659000000,0x0000002659100000)]
  0x000002106f795190 JavaThread "Unconstrained build operations Thread 6" [_thread_blocked, id=29992, stack(0x0000002659100000,0x0000002659200000)]
  0x000002107139bbd0 JavaThread "Unconstrained build operations Thread 7" [_thread_blocked, id=12464, stack(0x0000002658200000,0x0000002658300000)]
  0x000002107139b1b0 JavaThread "Unconstrained build operations Thread 8" [_thread_blocked, id=27228, stack(0x0000002659200000,0x0000002659300000)]
  0x000002107139a280 JavaThread "Unconstrained build operations Thread 9" [_thread_blocked, id=26520, stack(0x0000002659300000,0x0000002659400000)]
  0x0000021071398420 JavaThread "Unconstrained build operations Thread 10" [_thread_blocked, id=26280, stack(0x0000002659400000,0x0000002659500000)]
  0x0000021071398e40 JavaThread "Unconstrained build operations Thread 11" [_thread_blocked, id=25776, stack(0x0000002659500000,0x0000002659600000)]
  0x000002107139b6c0 JavaThread "Unconstrained build operations Thread 12" [_thread_blocked, id=25772, stack(0x0000002659600000,0x0000002659700000)]
  0x0000021071396ad0 JavaThread "Unconstrained build operations Thread 13" [_thread_blocked, id=23924, stack(0x0000002659700000,0x0000002659800000)]
  0x00000210713965c0 JavaThread "Unconstrained build operations Thread 14" [_thread_blocked, id=15496, stack(0x0000002659800000,0x0000002659900000)]
  0x0000021071395690 JavaThread "Unconstrained build operations Thread 15" [_thread_blocked, id=9556, stack(0x0000002659900000,0x0000002659a00000)]
  0x000002107139a790 JavaThread "Unconstrained build operations Thread 16" [_thread_blocked, id=27216, stack(0x0000002659a00000,0x0000002659b00000)]
  0x0000021071398930 JavaThread "Unconstrained build operations Thread 17" [_thread_blocked, id=26784, stack(0x0000002659b00000,0x0000002659c00000)]
  0x0000021071399350 JavaThread "Unconstrained build operations Thread 18" [_thread_blocked, id=26620, stack(0x0000002659c00000,0x0000002659d00000)]
  0x0000021071394760 JavaThread "Unconstrained build operations Thread 19" [_thread_blocked, id=10540, stack(0x0000002659d00000,0x0000002659e00000)]
  0x0000021071399860 JavaThread "Unconstrained build operations Thread 20" [_thread_blocked, id=8560, stack(0x0000002659e00000,0x0000002659f00000)]
  0x0000021071396fe0 JavaThread "Unconstrained build operations Thread 21" [_thread_blocked, id=28464, stack(0x0000002659f00000,0x000000265a000000)]
  0x0000021071399d70 JavaThread "Unconstrained build operations Thread 22" [_thread_blocked, id=23396, stack(0x000000265a000000,0x000000265a100000)]
  0x000002107139aca0 JavaThread "Unconstrained build operations Thread 23" [_thread_blocked, id=14128, stack(0x000000265a100000,0x000000265a200000)]
  0x000002107139c0e0 JavaThread "Unconstrained build operations Thread 24" [_thread_blocked, id=9804, stack(0x000000265a200000,0x000000265a300000)]
  0x0000021071395180 JavaThread "Unconstrained build operations Thread 25" [_thread_blocked, id=13544, stack(0x000000265a300000,0x000000265a400000)]
  0x0000021071397f10 JavaThread "Unconstrained build operations Thread 26" [_thread_blocked, id=29108, stack(0x000000265a400000,0x000000265a500000)]
  0x00000210713974f0 JavaThread "Unconstrained build operations Thread 27" [_thread_blocked, id=13376, stack(0x000000265a500000,0x000000265a600000)]
  0x0000021071394c70 JavaThread "Unconstrained build operations Thread 28" [_thread_blocked, id=13584, stack(0x000000265a600000,0x000000265a700000)]
  0x00000210713960b0 JavaThread "Unconstrained build operations Thread 29" [_thread_blocked, id=20904, stack(0x000000265a700000,0x000000265a800000)]
  0x0000021071397a00 JavaThread "Unconstrained build operations Thread 30" [_thread_blocked, id=19572, stack(0x000000265a800000,0x000000265a900000)]
  0x000002106f5146e0 JavaThread "Unconstrained build operations Thread 31" [_thread_blocked, id=16992, stack(0x000000265a900000,0x000000265aa00000)]
  0x000002106f518dc0 JavaThread "Unconstrained build operations Thread 32" [_thread_blocked, id=10604, stack(0x000000265aa00000,0x000000265ab00000)]
  0x000002106f516030 JavaThread "Unconstrained build operations Thread 33" [_thread_blocked, id=21444, stack(0x000000265ab00000,0x000000265ac00000)]
  0x000002106f517e90 JavaThread "Unconstrained build operations Thread 34" [_thread_blocked, id=8624, stack(0x000000265ac00000,0x000000265ad00000)]
  0x000002106f516f60 JavaThread "Unconstrained build operations Thread 35" [_thread_blocked, id=27124, stack(0x000000265ad00000,0x000000265ae00000)]
  0x000002106f512880 JavaThread "Unconstrained build operations Thread 36" [_thread_blocked, id=29336, stack(0x000000265ae00000,0x000000265af00000)]
  0x000002106f5192d0 JavaThread "Unconstrained build operations Thread 37" [_thread_blocked, id=29768, stack(0x000000265af00000,0x000000265b000000)]
  0x000002106f5132a0 JavaThread "Unconstrained build operations Thread 38" [_thread_blocked, id=29788, stack(0x000000265b000000,0x000000265b100000)]
  0x000002106f514bf0 JavaThread "Unconstrained build operations Thread 39" [_thread_blocked, id=27540, stack(0x000000265b100000,0x000000265b200000)]
  0x000002106f5197e0 JavaThread "Unconstrained build operations Thread 40" [_thread_blocked, id=2112, stack(0x000000265b200000,0x000000265b300000)]
  0x000002106f5137b0 JavaThread "Unconstrained build operations Thread 41" [_thread_blocked, id=23408, stack(0x000000265b300000,0x000000265b400000)]
  0x000002106f51a200 JavaThread "Unconstrained build operations Thread 42" [_thread_blocked, id=28564, stack(0x000000265b400000,0x000000265b500000)]
  0x000002106f515100 JavaThread "Unconstrained build operations Thread 43" [_thread_blocked, id=22392, stack(0x000000265b500000,0x000000265b600000)]
  0x000002106f513cc0 JavaThread "Unconstrained build operations Thread 44" [_thread_blocked, id=26588, stack(0x000000265b600000,0x000000265b700000)]
  0x000002106f516a50 JavaThread "Unconstrained build operations Thread 45" [_thread_blocked, id=26568, stack(0x000000265b700000,0x000000265b800000)]
  0x000002106f519cf0 JavaThread "Unconstrained build operations Thread 46" [_thread_blocked, id=22456, stack(0x000000265b800000,0x000000265b900000)]
  0x000002106f5141d0 JavaThread "Unconstrained build operations Thread 47" [_thread_blocked, id=30020, stack(0x000000265b900000,0x000000265ba00000)]
  0x000002106f512d90 JavaThread "Unconstrained build operations Thread 48" [_thread_blocked, id=29492, stack(0x000000265ba00000,0x000000265bb00000)]
  0x000002106f5183a0 JavaThread "Unconstrained build operations Thread 49" [_thread_blocked, id=29496, stack(0x000000265bb00000,0x000000265bc00000)]
  0x000002106f5188b0 JavaThread "Unconstrained build operations Thread 50" [_thread_blocked, id=29500, stack(0x000000265bc00000,0x000000265bd00000)]
  0x000002106f515610 JavaThread "Unconstrained build operations Thread 51" [_thread_blocked, id=29504, stack(0x000000265bd00000,0x000000265be00000)]
  0x000002106f515b20 JavaThread "Memory manager" [_thread_blocked, id=6668, stack(0x000000265be00000,0x000000265bf00000)]

Other Threads:
  0x000002104e69a020 VMThread "VM Thread" [stack: 0x0000002655a00000,0x0000002655b00000] [id=24124]
  0x000002104e86f010 WatcherThread [stack: 0x0000002656600000,0x0000002656700000] [id=23976]
  0x000002102f7a1590 GCTaskThread "GC Thread#0" [stack: 0x0000002655500000,0x0000002655600000] [id=20184]
  0x000002106e46c920 GCTaskThread "GC Thread#1" [stack: 0x0000002656700000,0x0000002656800000] [id=27640]
  0x000002104e9d4040 GCTaskThread "GC Thread#2" [stack: 0x0000002656800000,0x0000002656900000] [id=20416]
  0x000002106e807cd0 GCTaskThread "GC Thread#3" [stack: 0x0000002656a00000,0x0000002656b00000] [id=16208]
  0x000002106ecce0b0 GCTaskThread "GC Thread#4" [stack: 0x0000002656b00000,0x0000002656c00000] [id=30704]
  0x00000210706e43a0 GCTaskThread "GC Thread#5" [stack: 0x0000002657800000,0x0000002657900000] [id=24748]
  0x000002106fc677c0 GCTaskThread "GC Thread#6" [stack: 0x0000002657900000,0x0000002657a00000] [id=25624]
  0x000002106ef12500 GCTaskThread "GC Thread#7" [stack: 0x0000002657a00000,0x0000002657b00000] [id=26792]
  0x000002106fb06300 GCTaskThread "GC Thread#8" [stack: 0x0000002657b00000,0x0000002657c00000] [id=26060]
  0x000002106f3cdb90 GCTaskThread "GC Thread#9" [stack: 0x0000002657c00000,0x0000002657d00000] [id=29244]
  0x000002106f430ac0 GCTaskThread "GC Thread#10" [stack: 0x0000002657d00000,0x0000002657e00000] [id=29248]
  0x000002106f7919d0 GCTaskThread "GC Thread#11" [stack: 0x0000002657e00000,0x0000002657f00000] [id=29252]
  0x000002106f984b50 GCTaskThread "GC Thread#12" [stack: 0x0000002657f00000,0x0000002658000000] [id=29256]
  0x000002102f7b23f0 ConcurrentGCThread "G1 Main Marker" [stack: 0x0000002655600000,0x0000002655700000] [id=7788]
  0x000002102f7b2d20 ConcurrentGCThread "G1 Conc#0" [stack: 0x0000002655700000,0x0000002655800000] [id=8880]
  0x0000021070917610 ConcurrentGCThread "G1 Conc#1" [stack: 0x0000002655100000,0x0000002655200000] [id=22748]
  0x0000021070917090 ConcurrentGCThread "G1 Conc#2" [stack: 0x0000002655200000,0x0000002655300000] [id=28556]
  0x000002102f7fe1a0 ConcurrentGCThread "G1 Refine#0" [stack: 0x0000002655800000,0x0000002655900000] [id=6736]
  0x000002102f7feae0 ConcurrentGCThread "G1 Service" [stack: 0x0000002655900000,0x0000002655a00000] [id=17092]

Threads with active compile tasks:
C2 CompilerThread0   148043 7425   !   4       com.google.common.reflect.TypeVisitor::visit (225 bytes)

VM state: not at safepoint (normal execution)

VM Mutex/Monitor currently owned by a thread: None

Heap address: 0x0000000080000000, size: 2048 MB, Compressed Oops mode: 32-bit

CDS archive(s) mapped at: [0x000002104f000000-0x000002104fbb0000-0x000002104fbb0000), size 12255232, SharedBaseAddress: 0x000002104f000000, ArchiveRelocationMode: 1.
Compressed class space mapped at: 0x0000021050000000-0x000002106a000000, reserved size: 436207616
Narrow klass base: 0x000002104f000000, Narrow klass shift: 0, Narrow klass range: 0x100000000

GC Precious Log:
 CPUs: 16 total, 16 available
 Memory: 7540M
 Large Page Support: Disabled
 NUMA Support: Disabled
 Compressed Oops: Enabled (32-bit)
 Heap Region Size: 1M
 Heap Min Capacity: 8M
 Heap Initial Capacity: 118M
 Heap Max Capacity: 2G
 Pre-touch: Disabled
 Parallel Workers: 13
 Concurrent Workers: 3
 Concurrent Refinement Workers: 13
 Periodic GC: Disabled

Heap:
 garbage-first heap   total 96256K, used 51545K [0x0000000080000000, 0x0000000100000000)
  region size 1024K, 13 young (13312K), 2 survivors (2048K)
 Metaspace       used 54905K, committed 55488K, reserved 491520K
  class space    used 7728K, committed 8000K, reserved 425984K

Heap Regions: E=young(eden), S=young(survivor), O=old, HS=humongous(starts), HC=humongous(continues), CS=collection set, F=free, OA=open archive, CA=closed archive, TAMS=top-at-mark-start (previous, next)
|   0|0x0000000080000000, 0x0000000080100000, 0x0000000080100000|100%| O|  |TAMS 0x0000000080100000, 0x0000000080000000| Untracked 
|   1|0x0000000080100000, 0x0000000080200000, 0x0000000080200000|100%| O|  |TAMS 0x0000000080200000, 0x0000000080100000| Untracked 
|   2|0x0000000080200000, 0x0000000080300000, 0x0000000080300000|100%|HS|  |TAMS 0x0000000080300000, 0x0000000080200000| Complete 
|   3|0x0000000080300000, 0x0000000080400000, 0x0000000080400000|100%|HC|  |TAMS 0x0000000080400000, 0x0000000080300000| Complete 
|   4|0x0000000080400000, 0x0000000080500000, 0x0000000080500000|100%|HC|  |TAMS 0x0000000080500000, 0x0000000080400000| Complete 
|   5|0x0000000080500000, 0x0000000080600000, 0x0000000080600000|100%|HC|  |TAMS 0x0000000080600000, 0x0000000080500000| Complete 
|   6|0x0000000080600000, 0x0000000080700000, 0x0000000080700000|100%| O|  |TAMS 0x0000000080700000, 0x0000000080600000| Untracked 
|   7|0x0000000080700000, 0x0000000080800000, 0x0000000080800000|100%| O|  |TAMS 0x0000000080800000, 0x0000000080700000| Untracked 
|   8|0x0000000080800000, 0x0000000080900000, 0x0000000080900000|100%| O|  |TAMS 0x0000000080900000, 0x0000000080800000| Untracked 
|   9|0x0000000080900000, 0x0000000080a00000, 0x0000000080a00000|100%|HS|  |TAMS 0x0000000080a00000, 0x0000000080900000| Complete 
|  10|0x0000000080a00000, 0x0000000080b00000, 0x0000000080b00000|100%| O|  |TAMS 0x0000000080b00000, 0x0000000080a00000| Untracked 
|  11|0x0000000080b00000, 0x0000000080c00000, 0x0000000080c00000|100%| O|  |TAMS 0x0000000080c00000, 0x0000000080b00000| Untracked 
|  12|0x0000000080c00000, 0x0000000080d00000, 0x0000000080d00000|100%| O|  |TAMS 0x0000000080d00000, 0x0000000080c00000| Untracked 
|  13|0x0000000080d00000, 0x0000000080e00000, 0x0000000080e00000|100%| O|  |TAMS 0x0000000080e00000, 0x0000000080d00000| Untracked 
|  14|0x0000000080e00000, 0x0000000080f00000, 0x0000000080f00000|100%| O|  |TAMS 0x0000000080f00000, 0x0000000080e00000| Untracked 
|  15|0x0000000080f00000, 0x0000000081000000, 0x0000000081000000|100%| O|  |TAMS 0x0000000081000000, 0x0000000080f00000| Untracked 
|  16|0x0000000081000000, 0x0000000081100000, 0x0000000081100000|100%| O|  |TAMS 0x0000000081100000, 0x0000000081000000| Untracked 
|  17|0x0000000081100000, 0x0000000081200000, 0x0000000081200000|100%| O|  |TAMS 0x0000000081200000, 0x0000000081100000| Untracked 
|  18|0x0000000081200000, 0x0000000081300000, 0x0000000081300000|100%| O|  |TAMS 0x0000000081300000, 0x0000000081200000| Untracked 
|  19|0x0000000081300000, 0x0000000081400000, 0x0000000081400000|100%| O|  |TAMS 0x0000000081400000, 0x0000000081300000| Untracked 
|  20|0x0000000081400000, 0x0000000081500000, 0x0000000081500000|100%| O|  |TAMS 0x0000000081500000, 0x0000000081400000| Untracked 
|  21|0x0000000081500000, 0x000000008157b800, 0x0000000081600000| 48%| O|  |TAMS 0x000000008157b800, 0x0000000081500000| Untracked 
|  22|0x0000000081600000, 0x0000000081700000, 0x0000000081700000|100%| O|  |TAMS 0x0000000081700000, 0x0000000081600000| Untracked 
|  23|0x0000000081700000, 0x0000000081800000, 0x0000000081800000|100%| O|  |TAMS 0x0000000081800000, 0x0000000081700000| Untracked 
|  24|0x0000000081800000, 0x0000000081900000, 0x0000000081900000|100%| O|  |TAMS 0x00000000818e7a00, 0x0000000081800000| Untracked 
|  25|0x0000000081900000, 0x0000000081a00000, 0x0000000081a00000|100%| O|  |TAMS 0x0000000081900000, 0x0000000081900000| Untracked 
|  26|0x0000000081a00000, 0x0000000081b00000, 0x0000000081b00000|100%| O|  |TAMS 0x0000000081a00000, 0x0000000081a00000| Untracked 
|  27|0x0000000081b00000, 0x0000000081c00000, 0x0000000081c00000|100%| O|  |TAMS 0x0000000081b00000, 0x0000000081b00000| Untracked 
|  28|0x0000000081c00000, 0x0000000081d00000, 0x0000000081d00000|100%| O|  |TAMS 0x0000000081c00000, 0x0000000081c00000| Untracked 
|  29|0x0000000081d00000, 0x0000000081e00000, 0x0000000081e00000|100%| O|  |TAMS 0x0000000081d00000, 0x0000000081d00000| Untracked 
|  30|0x0000000081e00000, 0x0000000081f00000, 0x0000000081f00000|100%| O|  |TAMS 0x0000000081e00000, 0x0000000081e00000| Untracked 
|  31|0x0000000081f00000, 0x0000000082000000, 0x0000000082000000|100%| O|  |TAMS 0x0000000081f00000, 0x0000000081f00000| Untracked 
|  32|0x0000000082000000, 0x0000000082100000, 0x0000000082100000|100%| O|  |TAMS 0x0000000082000000, 0x0000000082000000| Untracked 
|  33|0x0000000082100000, 0x0000000082200000, 0x0000000082200000|100%| O|  |TAMS 0x0000000082100000, 0x0000000082100000| Untracked 
|  34|0x0000000082200000, 0x0000000082300000, 0x0000000082300000|100%| O|  |TAMS 0x0000000082200000, 0x0000000082200000| Untracked 
|  35|0x0000000082300000, 0x0000000082400000, 0x0000000082400000|100%| O|  |TAMS 0x0000000082300000, 0x0000000082300000| Untracked 
|  36|0x0000000082400000, 0x0000000082500000, 0x0000000082500000|100%| O|  |TAMS 0x0000000082400000, 0x0000000082400000| Untracked 
|  37|0x0000000082500000, 0x0000000082600000, 0x0000000082600000|100%| O|  |TAMS 0x0000000082500000, 0x0000000082500000| Untracked 
|  38|0x0000000082600000, 0x0000000082700000, 0x0000000082700000|100%| O|  |TAMS 0x0000000082600000, 0x0000000082600000| Untracked 
|  39|0x0000000082700000, 0x0000000082739400, 0x0000000082800000| 22%| O|  |TAMS 0x0000000082700000, 0x0000000082700000| Untracked 
|  40|0x0000000082800000, 0x0000000082800000, 0x0000000082900000|  0%| F|  |TAMS 0x0000000082800000, 0x0000000082800000| Untracked 
|  41|0x0000000082900000, 0x0000000082900000, 0x0000000082a00000|  0%| F|  |TAMS 0x0000000082900000, 0x0000000082900000| Untracked 
|  42|0x0000000082a00000, 0x0000000082a00000, 0x0000000082b00000|  0%| F|  |TAMS 0x0000000082a00000, 0x0000000082a00000| Untracked 
|  43|0x0000000082b00000, 0x0000000082b00000, 0x0000000082c00000|  0%| F|  |TAMS 0x0000000082b00000, 0x0000000082b00000| Untracked 
|  44|0x0000000082c00000, 0x0000000082c00000, 0x0000000082d00000|  0%| F|  |TAMS 0x0000000082c00000, 0x0000000082c00000| Untracked 
|  45|0x0000000082d00000, 0x0000000082d00000, 0x0000000082e00000|  0%| F|  |TAMS 0x0000000082d00000, 0x0000000082d00000| Untracked 
|  46|0x0000000082e00000, 0x0000000082e00000, 0x0000000082f00000|  0%| F|  |TAMS 0x0000000082e00000, 0x0000000082e00000| Untracked 
|  47|0x0000000082f00000, 0x0000000082f00000, 0x0000000083000000|  0%| F|  |TAMS 0x0000000082f00000, 0x0000000082f00000| Untracked 
|  48|0x0000000083000000, 0x0000000083000000, 0x0000000083100000|  0%| F|  |TAMS 0x0000000083000000, 0x0000000083000000| Untracked 
|  49|0x0000000083100000, 0x0000000083100000, 0x0000000083200000|  0%| F|  |TAMS 0x0000000083100000, 0x0000000083100000| Untracked 
|  50|0x0000000083200000, 0x0000000083200000, 0x0000000083300000|  0%| F|  |TAMS 0x0000000083200000, 0x0000000083200000| Untracked 
|  51|0x0000000083300000, 0x0000000083300000, 0x0000000083400000|  0%| F|  |TAMS 0x0000000083300000, 0x0000000083300000| Untracked 
|  52|0x0000000083400000, 0x0000000083400000, 0x0000000083500000|  0%| F|  |TAMS 0x0000000083400000, 0x0000000083400000| Untracked 
|  53|0x0000000083500000, 0x0000000083500000, 0x0000000083600000|  0%| F|  |TAMS 0x0000000083500000, 0x0000000083500000| Untracked 
|  54|0x0000000083600000, 0x0000000083600000, 0x0000000083700000|  0%| F|  |TAMS 0x0000000083600000, 0x0000000083600000| Untracked 
|  55|0x0000000083700000, 0x0000000083700000, 0x0000000083800000|  0%| F|  |TAMS 0x0000000083700000, 0x0000000083700000| Untracked 
|  56|0x0000000083800000, 0x0000000083800000, 0x0000000083900000|  0%| F|  |TAMS 0x0000000083800000, 0x0000000083800000| Untracked 
|  57|0x0000000083900000, 0x0000000083900000, 0x0000000083a00000|  0%| F|  |TAMS 0x0000000083900000, 0x0000000083900000| Untracked 
|  58|0x0000000083a00000, 0x0000000083aa1940, 0x0000000083b00000| 63%| S|CS|TAMS 0x0000000083a00000, 0x0000000083a00000| Complete 
|  59|0x0000000083b00000, 0x0000000083c00000, 0x0000000083c00000|100%| S|CS|TAMS 0x0000000083b00000, 0x0000000083b00000| Complete 
|  60|0x0000000083c00000, 0x0000000083c00000, 0x0000000083d00000|  0%| F|  |TAMS 0x0000000083c00000, 0x0000000083c00000| Untracked 
|  61|0x0000000083d00000, 0x0000000083d00000, 0x0000000083e00000|  0%| F|  |TAMS 0x0000000083d00000, 0x0000000083d00000| Untracked 
|  62|0x0000000083e00000, 0x0000000083e00000, 0x0000000083f00000|  0%| F|  |TAMS 0x0000000083e00000, 0x0000000083e00000| Untracked 
|  63|0x0000000083f00000, 0x0000000083f00000, 0x0000000084000000|  0%| F|  |TAMS 0x0000000083f00000, 0x0000000083f00000| Untracked 
|  64|0x0000000084000000, 0x0000000084000000, 0x0000000084100000|  0%| F|  |TAMS 0x0000000084000000, 0x0000000084000000| Untracked 
|  65|0x0000000084100000, 0x0000000084100000, 0x0000000084200000|  0%| F|  |TAMS 0x0000000084100000, 0x0000000084100000| Untracked 
|  66|0x0000000084200000, 0x0000000084200000, 0x0000000084300000|  0%| F|  |TAMS 0x0000000084200000, 0x0000000084200000| Untracked 
|  67|0x0000000084300000, 0x0000000084300000, 0x0000000084400000|  0%| F|  |TAMS 0x0000000084300000, 0x0000000084300000| Untracked 
|  68|0x0000000084400000, 0x0000000084400000, 0x0000000084500000|  0%| F|  |TAMS 0x0000000084400000, 0x0000000084400000| Untracked 
|  69|0x0000000084500000, 0x0000000084500000, 0x0000000084600000|  0%| F|  |TAMS 0x0000000084500000, 0x0000000084500000| Untracked 
|  70|0x0000000084600000, 0x0000000084600000, 0x0000000084700000|  0%| F|  |TAMS 0x0000000084600000, 0x0000000084600000| Untracked 
|  71|0x0000000084700000, 0x0000000084700000, 0x0000000084800000|  0%| F|  |TAMS 0x0000000084700000, 0x0000000084700000| Untracked 
|  72|0x0000000084800000, 0x0000000084800000, 0x0000000084900000|  0%| F|  |TAMS 0x0000000084800000, 0x0000000084800000| Untracked 
|  73|0x0000000084900000, 0x0000000084900000, 0x0000000084a00000|  0%| F|  |TAMS 0x0000000084900000, 0x0000000084900000| Untracked 
|  74|0x0000000084a00000, 0x0000000084a00000, 0x0000000084b00000|  0%| F|  |TAMS 0x0000000084a00000, 0x0000000084a00000| Untracked 
|  75|0x0000000084b00000, 0x0000000084b00000, 0x0000000084c00000|  0%| F|  |TAMS 0x0000000084b00000, 0x0000000084b00000| Untracked 
|  76|0x0000000084c00000, 0x0000000084c00000, 0x0000000084d00000|  0%| F|  |TAMS 0x0000000084c00000, 0x0000000084c00000| Untracked 
|  77|0x0000000084d00000, 0x0000000084d00000, 0x0000000084e00000|  0%| F|  |TAMS 0x0000000084d00000, 0x0000000084d00000| Untracked 
|  78|0x0000000084e00000, 0x0000000084e00000, 0x0000000084f00000|  0%| F|  |TAMS 0x0000000084e00000, 0x0000000084e00000| Untracked 
|  79|0x0000000084f00000, 0x0000000084f00000, 0x0000000085000000|  0%| F|  |TAMS 0x0000000084f00000, 0x0000000084f00000| Untracked 
|  80|0x0000000085000000, 0x0000000085000000, 0x0000000085100000|  0%| F|  |TAMS 0x0000000085000000, 0x0000000085000000| Untracked 
|  81|0x0000000085100000, 0x0000000085100000, 0x0000000085200000|  0%| F|  |TAMS 0x0000000085100000, 0x0000000085100000| Untracked 
|  82|0x0000000085200000, 0x0000000085200000, 0x0000000085300000|  0%| F|  |TAMS 0x0000000085200000, 0x0000000085200000| Untracked 
|  83|0x0000000085300000, 0x00000000853e7af0, 0x0000000085400000| 90%| E|  |TAMS 0x0000000085300000, 0x0000000085300000| Complete 
|  84|0x0000000085400000, 0x0000000085500000, 0x0000000085500000|100%| E|CS|TAMS 0x0000000085400000, 0x0000000085400000| Complete 
|  85|0x0000000085500000, 0x0000000085600000, 0x0000000085600000|100%| E|CS|TAMS 0x0000000085500000, 0x0000000085500000| Complete 
|  86|0x0000000085600000, 0x0000000085700000, 0x0000000085700000|100%| E|CS|TAMS 0x0000000085600000, 0x0000000085600000| Complete 
|  87|0x0000000085700000, 0x0000000085800000, 0x0000000085800000|100%| E|CS|TAMS 0x0000000085700000, 0x0000000085700000| Complete 
|  88|0x0000000085800000, 0x0000000085900000, 0x0000000085900000|100%| E|CS|TAMS 0x0000000085800000, 0x0000000085800000| Complete 
|  89|0x0000000085900000, 0x0000000085a00000, 0x0000000085a00000|100%| E|CS|TAMS 0x0000000085900000, 0x0000000085900000| Complete 
|  90|0x0000000085a00000, 0x0000000085b00000, 0x0000000085b00000|100%| E|CS|TAMS 0x0000000085a00000, 0x0000000085a00000| Complete 
|  91|0x0000000085b00000, 0x0000000085c00000, 0x0000000085c00000|100%| E|CS|TAMS 0x0000000085b00000, 0x0000000085b00000| Complete 
| 116|0x0000000087400000, 0x0000000087500000, 0x0000000087500000|100%| E|CS|TAMS 0x0000000087400000, 0x0000000087400000| Complete 
| 117|0x0000000087500000, 0x0000000087600000, 0x0000000087600000|100%| E|CS|TAMS 0x0000000087500000, 0x0000000087500000| Complete 

Card table byte_map: [0x0000021046f00000,0x0000021047300000] _byte_map_base: 0x0000021046b00000

Marking Bits (Prev, Next): (CMBitMap*) 0x000002102f7a1ac0, (CMBitMap*) 0x000002102f7a1b00
 Prev Bits: [0x0000021047700000, 0x0000021049700000)
 Next Bits: [0x0000021049700000, 0x000002104b700000)

Polling page: 0x000002102d5f0000

Metaspace:

Usage:
  Non-class:     46.07 MB used.
      Class:      7.55 MB used.
       Both:     53.62 MB used.

Virtual space:
  Non-class space:       64.00 MB reserved,      46.38 MB ( 72%) committed,  1 nodes.
      Class space:      416.00 MB reserved,       7.81 MB (  2%) committed,  1 nodes.
             Both:      480.00 MB reserved,      54.19 MB ( 11%) committed. 

Chunk freelists:
   Non-Class:  1.03 MB
       Class:  8.06 MB
        Both:  9.09 MB

MaxMetaspaceSize: 512.00 MB
CompressedClassSpaceSize: 416.00 MB
Initial GC threshold: 21.00 MB
Current GC threshold: 58.88 MB
CDS: on
MetaspaceReclaimPolicy: balanced
 - commit_granule_bytes: 65536.
 - commit_granule_words: 8192.
 - virtual_space_node_default_size: 8388608.
 - enlarge_chunks_in_place: 1.
 - new_chunks_are_fully_committed: 0.
 - uncommit_free_chunks: 1.
 - use_allocation_guard: 0.
 - handle_deallocations: 1.


Internal statistics:

num_allocs_failed_limit: 6.
num_arena_births: 718.
num_arena_deaths: 0.
num_vsnodes_births: 2.
num_vsnodes_deaths: 0.
num_space_committed: 867.
num_space_uncommitted: 0.
num_chunks_returned_to_freelist: 6.
num_chunks_taken_from_freelist: 2944.
num_chunk_merges: 6.
num_chunk_splits: 1951.
num_chunks_enlarged: 1343.
num_inconsistent_stats: 0.

CodeHeap 'non-profiled nmethods': size=119168Kb used=3449Kb max_used=3449Kb free=115718Kb
 bounds [0x000002103ee20000, 0x000002103f180000, 0x0000021046280000]
CodeHeap 'profiled nmethods': size=119104Kb used=12637Kb max_used=12637Kb free=106467Kb
 bounds [0x0000021037280000, 0x0000021037ee0000, 0x000002103e6d0000]
CodeHeap 'non-nmethods': size=7488Kb used=2347Kb max_used=2387Kb free=5140Kb
 bounds [0x000002103e6d0000, 0x000002103e940000, 0x000002103ee20000]
 total_blobs=7438 nmethods=6568 adapters=782
 compilation: enabled
              stopped_count=0, restarted_count=0
 full_count=0

Compilation events (20 events):
Event: 147.884 Thread 0x000002104e6be770 7425   !   4       com.google.common.reflect.TypeVisitor::visit (225 bytes)
Event: 147.885 Thread 0x000002104e6c2150 nmethod 7423 0x0000021037ed0410 code [0x0000021037ed06e0, 0x0000021037ed11c8]
Event: 147.885 Thread 0x000002104e6c2150 7424       3       com.google.common.base.Preconditions::checkArgument (29 bytes)
Event: 147.886 Thread 0x000002104e6c2150 nmethod 7424 0x0000021037ed1610 code [0x0000021037ed17e0, 0x0000021037ed1db8]
Event: 147.886 Thread 0x000002104e6c2150 7426       3       org.gradle.internal.instantiation.generator.AsmBackedClassGenerator$ClassBuilderImpl::access$1400 (4 bytes)
Event: 147.886 Thread 0x000002104e6c2150 nmethod 7426 0x0000021037ed1f90 code [0x0000021037ed2120, 0x0000021037ed2218]
Event: 147.887 Thread 0x000002104e6c2150 7429       3       org.gradle.util.internal.CollectionUtils::collectArray (49 bytes)
Event: 147.887 Thread 0x000002104e6c2150 nmethod 7429 0x0000021037ed2290 code [0x0000021037ed2460, 0x0000021037ed28a8]
Event: 147.887 Thread 0x000002104e6c2150 7427       3       org.gradle.internal.instantiation.generator.AsmBackedClassGenerator$ClassBuilderImpl::addActionMethod (107 bytes)
Event: 147.906 Thread 0x000002104e6c2150 nmethod 7427 0x0000021037ed2a90 code [0x0000021037ed2d80, 0x0000021037ed42b8]
Event: 147.906 Thread 0x000002104e6c2150 7428       3       org.gradle.util.internal.CollectionUtils::collectArray (17 bytes)
Event: 147.907 Thread 0x000002104e6c2150 nmethod 7428 0x0000021037ed4890 code [0x0000021037ed4a40, 0x0000021037ed4cf8]
Event: 147.907 Thread 0x000002104e6c2150 7430       3       java.lang.invoke.LambdaForm$MH/0x00000210501cc800::linkToTargetMethod (19 bytes)
Event: 147.907 Thread 0x000002104e6c2150 nmethod 7430 0x0000021037ed4e90 code [0x0000021037ed5040, 0x0000021037ed54d8]
Event: 147.907 Thread 0x000002104e6c2150 7431       3       java.lang.invoke.LambdaForm$DMH/0x00000210501cc000::newInvokeSpecial (36 bytes)
Event: 147.908 Thread 0x000002104e6c2150 nmethod 7431 0x0000021037ed5610 code [0x0000021037ed5800, 0x0000021037ed6028]
Event: 147.908 Thread 0x000002104e6c2150 7432       3       org.gradle.internal.instantiation.generator.AsmBackedClassGenerator$ClassBuilderImpl$$Lambda$161/0x00000210501ca260::<init> (44 bytes)
Event: 147.908 Thread 0x000002104e6c2150 nmethod 7432 0x0000021037ed6290 code [0x0000021037ed6440, 0x0000021037ed67f8]
Event: 147.908 Thread 0x000002104e6c2150 7433       3       org.gradle.internal.instantiation.generator.AsmBackedClassGenerator$ClassBuilderImpl::access$3300 (4 bytes)
Event: 147.909 Thread 0x000002104e6c2150 nmethod 7433 0x0000021037ed6910 code [0x0000021037ed6aa0, 0x0000021037ed6b98]

GC Heap History (20 events):
Event: 62.207 GC heap before
{Heap before GC invocations=5 (full 0):
 garbage-first heap   total 120832K, used 58553K [0x0000000080000000, 0x0000000100000000)
  region size 1024K, 37 young (37888K), 2 survivors (2048K)
 Metaspace       used 21206K, committed 21504K, reserved 491520K
  class space    used 3051K, committed 3200K, reserved 425984K
}
Event: 62.216 GC heap after
{Heap after GC invocations=6 (full 0):
 garbage-first heap   total 120832K, used 25250K [0x0000000080000000, 0x0000000100000000)
  region size 1024K, 4 young (4096K), 4 survivors (4096K)
 Metaspace       used 21206K, committed 21504K, reserved 491520K
  class space    used 3051K, committed 3200K, reserved 425984K
}
Event: 73.350 GC heap before
{Heap before GC invocations=7 (full 0):
 garbage-first heap   total 96256K, used 78498K [0x0000000080000000, 0x0000000100000000)
  region size 1024K, 56 young (57344K), 4 survivors (4096K)
 Metaspace       used 27624K, committed 28032K, reserved 491520K
  class space    used 4041K, committed 4224K, reserved 425984K
}
Event: 73.361 GC heap after
{Heap after GC invocations=8 (full 0):
 garbage-first heap   total 96256K, used 27902K [0x0000000080000000, 0x0000000100000000)
  region size 1024K, 6 young (6144K), 6 survivors (6144K)
 Metaspace       used 27624K, committed 28032K, reserved 491520K
  class space    used 4041K, committed 4224K, reserved 425984K
}
Event: 80.971 GC heap before
{Heap before GC invocations=8 (full 0):
 garbage-first heap   total 96256K, used 71934K [0x0000000080000000, 0x0000000100000000)
  region size 1024K, 50 young (51200K), 6 survivors (6144K)
 Metaspace       used 33590K, committed 33984K, reserved 491520K
  class space    used 4734K, committed 4928K, reserved 425984K
}
Event: 80.996 GC heap after
{Heap after GC invocations=9 (full 0):
 garbage-first heap   total 96256K, used 31736K [0x0000000080000000, 0x0000000100000000)
  region size 1024K, 7 young (7168K), 7 survivors (7168K)
 Metaspace       used 33590K, committed 33984K, reserved 491520K
  class space    used 4734K, committed 4928K, reserved 425984K
}
Event: 83.907 GC heap before
{Heap before GC invocations=9 (full 0):
 garbage-first heap   total 96256K, used 53240K [0x0000000080000000, 0x0000000100000000)
  region size 1024K, 24 young (24576K), 7 survivors (7168K)
 Metaspace       used 35689K, committed 36096K, reserved 491520K
  class space    used 4948K, committed 5120K, reserved 425984K
}
Event: 84.138 GC heap after
{Heap after GC invocations=10 (full 0):
 garbage-first heap   total 96256K, used 33080K [0x0000000080000000, 0x0000000100000000)
  region size 1024K, 3 young (3072K), 3 survivors (3072K)
 Metaspace       used 35689K, committed 36096K, reserved 491520K
  class space    used 4948K, committed 5120K, reserved 425984K
}
Event: 93.586 GC heap before
{Heap before GC invocations=11 (full 0):
 garbage-first heap   total 96256K, used 74040K [0x0000000080000000, 0x0000000100000000)
  region size 1024K, 43 young (44032K), 3 survivors (3072K)
 Metaspace       used 37364K, committed 37824K, reserved 491520K
  class space    used 5188K, committed 5376K, reserved 425984K
}
Event: 93.593 GC heap after
{Heap after GC invocations=12 (full 0):
 garbage-first heap   total 96256K, used 33722K [0x0000000080000000, 0x0000000100000000)
  region size 1024K, 3 young (3072K), 3 survivors (3072K)
 Metaspace       used 37364K, committed 37824K, reserved 491520K
  class space    used 5188K, committed 5376K, reserved 425984K
}
Event: 98.678 GC heap before
{Heap before GC invocations=12 (full 0):
 garbage-first heap   total 96256K, used 75706K [0x0000000080000000, 0x0000000100000000)
  region size 1024K, 44 young (45056K), 3 survivors (3072K)
 Metaspace       used 41566K, committed 42176K, reserved 491520K
  class space    used 5864K, committed 6144K, reserved 425984K
}
Event: 98.683 GC heap after
{Heap after GC invocations=13 (full 0):
 garbage-first heap   total 96256K, used 34826K [0x0000000080000000, 0x0000000100000000)
  region size 1024K, 4 young (4096K), 4 survivors (4096K)
 Metaspace       used 41566K, committed 42176K, reserved 491520K
  class space    used 5864K, committed 6144K, reserved 425984K
}
Event: 114.979 GC heap before
{Heap before GC invocations=13 (full 0):
 garbage-first heap   total 96256K, used 78858K [0x0000000080000000, 0x0000000100000000)
  region size 1024K, 45 young (46080K), 4 survivors (4096K)
 Metaspace       used 45910K, committed 46464K, reserved 491520K
  class space    used 6402K, committed 6656K, reserved 425984K
}
Event: 115.007 GC heap after
{Heap after GC invocations=14 (full 0):
 garbage-first heap   total 96256K, used 36121K [0x0000000080000000, 0x0000000100000000)
  region size 1024K, 4 young (4096K), 4 survivors (4096K)
 Metaspace       used 45910K, committed 46464K, reserved 491520K
  class space    used 6402K, committed 6656K, reserved 425984K
}
Event: 133.419 GC heap before
{Heap before GC invocations=14 (full 0):
 garbage-first heap   total 96256K, used 77081K [0x0000000080000000, 0x0000000100000000)
  region size 1024K, 44 young (45056K), 4 survivors (4096K)
 Metaspace       used 50144K, committed 50752K, reserved 491520K
  class space    used 7018K, committed 7296K, reserved 425984K
}
Event: 133.425 GC heap after
{Heap after GC invocations=15 (full 0):
 garbage-first heap   total 96256K, used 38367K [0x0000000080000000, 0x0000000100000000)
  region size 1024K, 5 young (5120K), 5 survivors (5120K)
 Metaspace       used 50144K, committed 50752K, reserved 491520K
  class space    used 7018K, committed 7296K, reserved 425984K
}
Event: 145.613 GC heap before
{Heap before GC invocations=15 (full 0):
 garbage-first heap   total 96256K, used 77279K [0x0000000080000000, 0x0000000100000000)
  region size 1024K, 43 young (44032K), 5 survivors (5120K)
 Metaspace       used 52631K, committed 53184K, reserved 491520K
  class space    used 7391K, committed 7616K, reserved 425984K
}
Event: 145.641 GC heap after
{Heap after GC invocations=16 (full 0):
 garbage-first heap   total 96256K, used 41982K [0x0000000080000000, 0x0000000100000000)
  region size 1024K, 6 young (6144K), 6 survivors (6144K)
 Metaspace       used 52631K, committed 53184K, reserved 491520K
  class space    used 7391K, committed 7616K, reserved 425984K
}
Event: 146.972 GC heap before
{Heap before GC invocations=16 (full 0):
 garbage-first heap   total 96256K, used 75774K [0x0000000080000000, 0x0000000100000000)
  region size 1024K, 40 young (40960K), 6 survivors (6144K)
 Metaspace       used 53871K, committed 54528K, reserved 491520K
  class space    used 7564K, committed 7872K, reserved 425984K
}
Event: 146.998 GC heap after
{Heap after GC invocations=17 (full 0):
 garbage-first heap   total 96256K, used 41305K [0x0000000080000000, 0x0000000100000000)
  region size 1024K, 2 young (2048K), 2 survivors (2048K)
 Metaspace       used 53871K, committed 54528K, reserved 491520K
  class space    used 7564K, committed 7872K, reserved 425984K
}

Dll operation events (15 events):
Event: 0.124 Loaded shared library C:\Program Files\Microsoft\jdk-17.0.13.11-hotspot\bin\java.dll
Event: 0.209 Loaded shared library C:\Program Files\Microsoft\jdk-17.0.13.11-hotspot\bin\jsvml.dll
Event: 0.359 Loaded shared library C:\Program Files\Microsoft\jdk-17.0.13.11-hotspot\bin\zip.dll
Event: 0.364 Loaded shared library C:\Program Files\Microsoft\jdk-17.0.13.11-hotspot\bin\instrument.dll
Event: 0.375 Loaded shared library C:\Program Files\Microsoft\jdk-17.0.13.11-hotspot\bin\net.dll
Event: 0.380 Loaded shared library C:\Program Files\Microsoft\jdk-17.0.13.11-hotspot\bin\nio.dll
Event: 0.388 Loaded shared library C:\Program Files\Microsoft\jdk-17.0.13.11-hotspot\bin\zip.dll
Event: 3.754 Loaded shared library C:\Program Files\Microsoft\jdk-17.0.13.11-hotspot\bin\jimage.dll
Event: 6.705 Loaded shared library C:\Program Files\Microsoft\jdk-17.0.13.11-hotspot\bin\verify.dll
Event: 7.812 Loaded shared library C:\Users\STAR\.gradle\native\c067742578af261105cb4f569cf0c3c89f3d7b1fecec35dd04571415982c5e48\windows-amd64\native-platform.dll
Event: 7.834 Loaded shared library C:\Users\STAR\.gradle\native\100fb08df4bc3b14c8652ba06237920a3bd2aa13389f12d3474272988ae205f9\windows-amd64\native-platform-file-events.dll
Event: 20.004 Loaded shared library C:\Program Files\Microsoft\jdk-17.0.13.11-hotspot\bin\management.dll
Event: 20.022 Loaded shared library C:\Program Files\Microsoft\jdk-17.0.13.11-hotspot\bin\management_ext.dll
Event: 22.673 Loaded shared library C:\Program Files\Microsoft\jdk-17.0.13.11-hotspot\bin\extnet.dll
Event: 25.758 Loaded shared library C:\Program Files\Microsoft\jdk-17.0.13.11-hotspot\bin\sunmscapi.dll

Deoptimization events (20 events):
Event: 147.138 Thread 0x000002104e73f070 Uncommon trap: trap_request=0xffffffc6 fr.pc=0x000002103f0f0dcc relative=0x00000000000007cc
Event: 147.138 Thread 0x000002104e73f070 Uncommon trap: reason=bimorphic_or_optimized_type_check action=maybe_recompile pc=0x000002103f0f0dcc method=java.util.regex.Pattern$Start.match(Ljava/util/regex/Matcher;ILjava/lang/CharSequence;)Z @ 44 c2
Event: 147.138 Thread 0x000002104e73f070 DEOPT PACKING pc=0x000002103f0f0dcc sp=0x00000026571f17b0
Event: 147.138 Thread 0x000002104e73f070 DEOPT UNPACKING pc=0x000002103e7269a3 sp=0x00000026571f1698 mode 2
Event: 147.138 Thread 0x000002104e73f070 Uncommon trap: trap_request=0xffffffc6 fr.pc=0x000002103f0f0dcc relative=0x00000000000007cc
Event: 147.138 Thread 0x000002104e73f070 Uncommon trap: reason=bimorphic_or_optimized_type_check action=maybe_recompile pc=0x000002103f0f0dcc method=java.util.regex.Pattern$Start.match(Ljava/util/regex/Matcher;ILjava/lang/CharSequence;)Z @ 44 c2
Event: 147.138 Thread 0x000002104e73f070 DEOPT PACKING pc=0x000002103f0f0dcc sp=0x00000026571f17b0
Event: 147.138 Thread 0x000002104e73f070 DEOPT UNPACKING pc=0x000002103e7269a3 sp=0x00000026571f1698 mode 2
Event: 147.138 Thread 0x000002104e73f070 Uncommon trap: trap_request=0xffffffc6 fr.pc=0x000002103f0f0dcc relative=0x00000000000007cc
Event: 147.138 Thread 0x000002104e73f070 Uncommon trap: reason=bimorphic_or_optimized_type_check action=maybe_recompile pc=0x000002103f0f0dcc method=java.util.regex.Pattern$Start.match(Ljava/util/regex/Matcher;ILjava/lang/CharSequence;)Z @ 44 c2
Event: 147.138 Thread 0x000002104e73f070 DEOPT PACKING pc=0x000002103f0f0dcc sp=0x00000026571f17b0
Event: 147.138 Thread 0x000002104e73f070 DEOPT UNPACKING pc=0x000002103e7269a3 sp=0x00000026571f1698 mode 2
Event: 147.138 Thread 0x000002104e73f070 Uncommon trap: trap_request=0xffffffc6 fr.pc=0x000002103f0b49a8 relative=0x0000000000000748
Event: 147.138 Thread 0x000002104e73f070 Uncommon trap: reason=bimorphic_or_optimized_type_check action=maybe_recompile pc=0x000002103f0b49a8 method=java.util.regex.Pattern$Start.match(Ljava/util/regex/Matcher;ILjava/lang/CharSequence;)Z @ 44 c2
Event: 147.138 Thread 0x000002104e73f070 DEOPT PACKING pc=0x000002103f0b49a8 sp=0x00000026571f1730
Event: 147.138 Thread 0x000002104e73f070 DEOPT UNPACKING pc=0x000002103e7269a3 sp=0x00000026571f1690 mode 2
Event: 147.138 Thread 0x000002104e73f070 Uncommon trap: trap_request=0xffffffc6 fr.pc=0x000002103f0a25bc relative=0x000000000000055c
Event: 147.138 Thread 0x000002104e73f070 Uncommon trap: reason=bimorphic_or_optimized_type_check action=maybe_recompile pc=0x000002103f0a25bc method=java.util.regex.Pattern$Start.match(Ljava/util/regex/Matcher;ILjava/lang/CharSequence;)Z @ 44 c2
Event: 147.138 Thread 0x000002104e73f070 DEOPT PACKING pc=0x000002103f0a25bc sp=0x00000026571f16b0
Event: 147.138 Thread 0x000002104e73f070 DEOPT UNPACKING pc=0x000002103e7269a3 sp=0x00000026571f1690 mode 2

Classes loaded (20 events):
Event: 146.969 Loading class javax/xml/parsers/FactoryFinder
Event: 146.969 Loading class javax/xml/parsers/FactoryFinder done
Event: 146.971 Loading class javax/xml/parsers/FactoryFinder$1
Event: 146.971 Loading class javax/xml/parsers/FactoryFinder$1 done
Event: 146.998 Loading class com/sun/org/apache/xerces/internal/jaxp/DocumentBuilderFactoryImpl
Event: 146.999 Loading class com/sun/org/apache/xerces/internal/jaxp/DocumentBuilderFactoryImpl done
Event: 146.999 Loading class com/sun/org/apache/xerces/internal/utils/XMLSecurityManager
Event: 147.000 Loading class com/sun/org/apache/xerces/internal/utils/XMLSecurityManager done
Event: 147.000 Loading class com/sun/org/apache/xerces/internal/utils/XMLSecurityManager$Limit
Event: 147.000 Loading class com/sun/org/apache/xerces/internal/utils/XMLSecurityManager$Limit done
Event: 147.000 Loading class com/sun/org/apache/xerces/internal/utils/XMLSecurityManager$NameMap
Event: 147.000 Loading class com/sun/org/apache/xerces/internal/utils/XMLSecurityManager$NameMap done
Event: 147.001 Loading class com/sun/org/apache/xerces/internal/utils/XMLSecurityPropertyManager
Event: 147.001 Loading class com/sun/org/apache/xerces/internal/utils/XMLSecurityPropertyManager done
Event: 147.001 Loading class com/sun/org/apache/xerces/internal/utils/XMLSecurityPropertyManager$State
Event: 147.001 Loading class com/sun/org/apache/xerces/internal/utils/XMLSecurityPropertyManager$State done
Event: 147.001 Loading class com/sun/org/apache/xerces/internal/utils/XMLSecurityPropertyManager$Property
Event: 147.001 Loading class com/sun/org/apache/xerces/internal/utils/XMLSecurityPropertyManager$Property done
Event: 147.124 Loading class java/util/regex/Pattern$SliceI
Event: 147.124 Loading class java/util/regex/Pattern$SliceI done

Classes unloaded (0 events):
No events

Classes redefined (0 events):
No events

Internal exceptions (20 events):
Event: 104.898 Thread 0x000002104e73f070 Exception <a 'java/lang/NoSuchMethodError'{0x00000000851894c0}: 'java.lang.Object java.lang.invoke.DirectMethodHandle$Holder.invokeSpecialIFC(java.lang.Object, java.lang.Object, java.lang.Object)'> (0x00000000851894c0) 
thrown [s\src\hotspot\share\interpreter\linkResolver.cpp, line 759]
Event: 131.779 Thread 0x000002104e73f070 Exception <a 'java/lang/ClassNotFoundException'{0x0000000084d63f68}: sun/misc/SharedSecrets> (0x0000000084d63f68) 
thrown [s\src\hotspot\share\classfile\systemDictionary.cpp, line 256]
Event: 131.994 Thread 0x000002104e73f070 Exception <a 'sun/nio/fs/WindowsException'{0x0000000084aeca90}> (0x0000000084aeca90) 
thrown [s\src\hotspot\share\prims\jni.cpp, line 516]
Event: 131.994 Thread 0x000002104e73f070 Exception <a 'sun/nio/fs/WindowsException'{0x0000000084aecd30}> (0x0000000084aecd30) 
thrown [s\src\hotspot\share\prims\jni.cpp, line 516]
Event: 131.995 Thread 0x000002104e73f070 Exception <a 'sun/nio/fs/WindowsException'{0x0000000084aefe88}> (0x0000000084aefe88) 
thrown [s\src\hotspot\share\prims\jni.cpp, line 516]
Event: 131.996 Thread 0x000002104e73f070 Exception <a 'sun/nio/fs/WindowsException'{0x0000000084af0218}> (0x0000000084af0218) 
thrown [s\src\hotspot\share\prims\jni.cpp, line 516]
Event: 132.037 Thread 0x000002104e73f070 Exception <a 'sun/nio/fs/WindowsException'{0x00000000849121f8}> (0x00000000849121f8) 
thrown [s\src\hotspot\share\prims\jni.cpp, line 516]
Event: 132.037 Thread 0x000002104e73f070 Exception <a 'sun/nio/fs/WindowsException'{0x0000000084912588}> (0x0000000084912588) 
thrown [s\src\hotspot\share\prims\jni.cpp, line 516]
Event: 133.597 Thread 0x000002104e73f070 Exception <a 'java/lang/NoSuchMethodError'{0x00000000857ebf48}: 'long java.lang.invoke.DirectMethodHandle$Holder.invokeStatic(java.lang.Object, long)'> (0x00000000857ebf48) 
thrown [s\src\hotspot\share\interpreter\linkResolver.cpp, line 759]
Event: 133.632 Thread 0x000002104e73f070 Implicit null exception at 0x000002103ee73677 to 0x000002103ee73a08
Event: 133.687 Thread 0x000002104e73f070 Exception <a 'java/lang/NoSuchMethodError'{0x00000000854aa150}: 'java.lang.Object java.lang.invoke.DirectMethodHandle$Holder.invokeInterface(java.lang.Object, java.lang.Object, int)'> (0x00000000854aa150) 
thrown [s\src\hotspot\share\interpreter\linkResolver.cpp, line 759]
Event: 138.559 Thread 0x000002104e73f070 Exception <a 'java/lang/NoSuchMethodError'{0x00000000849555f8}: static Lorg/gradle/api/internal/catalog/DefaultVersionCatalog;.<clinit>()V> (0x00000000849555f8) 
thrown [s\src\hotspot\share\prims\jni.cpp, line 1112]
Event: 138.608 Thread 0x000002104e73f070 Exception <a 'java/lang/NoSuchMethodError'{0x00000000849b22d8}: static [Ljava/lang/Object;.<clinit>()V> (0x00000000849b22d8) 
thrown [s\src\hotspot\share\prims\jni.cpp, line 1112]
Event: 138.617 Thread 0x000002104e73f070 Exception <a 'java/lang/NoSuchMethodError'{0x00000000849f4cc8}: static Lorg/gradle/api/internal/catalog/DependencyModel;.<clinit>()V> (0x00000000849f4cc8) 
thrown [s\src\hotspot\share\prims\jni.cpp, line 1112]
Event: 138.617 Thread 0x000002104e73f070 Exception <a 'java/lang/NoSuchMethodError'{0x00000000849f8c10}: static Lorg/gradle/api/internal/catalog/AbstractContextAwareModel;.<clinit>()V> (0x00000000849f8c10) 
thrown [s\src\hotspot\share\prims\jni.cpp, line 1112]
Event: 138.621 Thread 0x000002104e73f070 Exception <a 'java/lang/NoSuchMethodError'{0x0000000084816690}: static Lorg/gradle/api/internal/artifacts/dependencies/AbstractVersionConstraint;.<clinit>()V> (0x0000000084816690) 
thrown [s\src\hotspot\share\prims\jni.cpp, line 1112]
Event: 138.651 Thread 0x000002104e73f070 Exception <a 'java/lang/NoSuchMethodError'{0x00000000848e5c48}: static Lorg/gradle/api/internal/catalog/PluginModel;.<clinit>()V> (0x00000000848e5c48) 
thrown [s\src\hotspot\share\prims\jni.cpp, line 1112]
Event: 138.654 Thread 0x000002104e73f070 Exception <a 'java/lang/NoSuchMethodError'{0x0000000084702358}: static Lorg/gradle/api/internal/catalog/VersionModel;.<clinit>()V> (0x0000000084702358) 
thrown [s\src\hotspot\share\prims\jni.cpp, line 1112]
Event: 138.665 Thread 0x000002104e73f070 Exception <a 'java/lang/NoSuchMethodError'{0x000000008471c398}: 'void java.lang.invoke.DirectMethodHandle$Holder.invokeSpecial(java.lang.Object, java.lang.Object, java.lang.Object, int)'> (0x000000008471c398) 
thrown [s\src\hotspot\share\interpreter\linkResolver.cpp, line 759]
Event: 147.317 Thread 0x000002104e73f070 Exception <a 'java/lang/NoSuchMethodError'{0x00000000859a68d8}: 'void java.lang.invoke.DirectMethodHandle$Holder.invokeVirtual(java.lang.Object, java.lang.Object)'> (0x00000000859a68d8) 
thrown [s\src\hotspot\share\interpreter\linkResolver.cpp, line 759]

VM Operations (20 events):
Event: 138.455 Executing VM operation: Cleanup
Event: 138.455 Executing VM operation: Cleanup done
Event: 138.566 Executing VM operation: HandshakeAllThreads
Event: 138.566 Executing VM operation: HandshakeAllThreads done
Event: 139.573 Executing VM operation: Cleanup
Event: 139.574 Executing VM operation: Cleanup done
Event: 140.583 Executing VM operation: Cleanup
Event: 140.583 Executing VM operation: Cleanup done
Event: 141.595 Executing VM operation: Cleanup
Event: 141.595 Executing VM operation: Cleanup done
Event: 144.626 Executing VM operation: Cleanup
Event: 144.626 Executing VM operation: Cleanup done
Event: 145.570 Executing VM operation: G1CollectForAllocation
Event: 145.641 Executing VM operation: G1CollectForAllocation done
Event: 146.162 Executing VM operation: ICBufferFull
Event: 146.163 Executing VM operation: ICBufferFull done
Event: 146.972 Executing VM operation: G1CollectForAllocation
Event: 146.998 Executing VM operation: G1CollectForAllocation done
Event: 147.032 Executing VM operation: HandshakeAllThreads
Event: 147.033 Executing VM operation: HandshakeAllThreads done

Memory protections (0 events):
No events

Nmethod flushes (20 events):
Event: 105.113 Thread 0x000002104e6c5680 flushing  nmethod 0x0000021037a90290
Event: 105.113 Thread 0x000002104e6c5680 flushing  nmethod 0x0000021037a9f890
Event: 105.114 Thread 0x000002104e6c5680 flushing  nmethod 0x0000021037ab9e90
Event: 105.114 Thread 0x000002104e6c5680 flushing  nmethod 0x0000021037ada390
Event: 105.114 Thread 0x000002104e6c5680 flushing  nmethod 0x0000021037adab10
Event: 105.114 Thread 0x000002104e6c5680 flushing  nmethod 0x0000021037adae90
Event: 105.114 Thread 0x000002104e6c5680 flushing  nmethod 0x0000021037add410
Event: 105.114 Thread 0x000002104e6c5680 flushing  nmethod 0x0000021037ae4590
Event: 105.114 Thread 0x000002104e6c5680 flushing  nmethod 0x0000021037ae5390
Event: 105.114 Thread 0x000002104e6c5680 flushing  nmethod 0x0000021037ae6090
Event: 105.114 Thread 0x000002104e6c5680 flushing  nmethod 0x0000021037ae6590
Event: 105.114 Thread 0x000002104e6c5680 flushing  nmethod 0x0000021037ae7790
Event: 105.114 Thread 0x000002104e6c5680 flushing  nmethod 0x0000021037ae8510
Event: 105.114 Thread 0x000002104e6c5680 flushing  nmethod 0x0000021037afd990
Event: 105.114 Thread 0x000002104e6c5680 flushing  nmethod 0x0000021037b0f190
Event: 105.114 Thread 0x000002104e6c5680 flushing  nmethod 0x0000021037b2e290
Event: 105.115 Thread 0x000002104e6c5680 flushing  nmethod 0x0000021037bac610
Event: 105.115 Thread 0x000002104e6c5680 flushing  nmethod 0x0000021037bdd390
Event: 105.116 Thread 0x000002104e6c5680 flushing  nmethod 0x0000021037c33890
Event: 105.116 Thread 0x000002104e6c5680 flushing  nmethod 0x0000021037c75910

Events (20 events):
Event: 145.546 Thread 0x000002104e73f070 Thread added: 0x000002106f516030
Event: 145.552 Thread 0x000002104e73f070 Thread added: 0x000002106f517e90
Event: 145.559 Thread 0x000002104e73f070 Thread added: 0x000002106f516f60
Event: 145.563 Thread 0x000002104e73f070 Thread added: 0x000002106f512880
Event: 145.772 Thread 0x000002104e73f070 Thread added: 0x000002106f5192d0
Event: 145.774 Thread 0x000002104e73f070 Thread added: 0x000002106f5132a0
Event: 145.775 Thread 0x000002104e73f070 Thread added: 0x000002106f514bf0
Event: 145.778 Thread 0x000002104e73f070 Thread added: 0x000002106f5197e0
Event: 145.780 Thread 0x000002104e73f070 Thread added: 0x000002106f5137b0
Event: 145.782 Thread 0x000002104e73f070 Thread added: 0x000002106f51a200
Event: 145.792 Thread 0x000002104e73f070 Thread added: 0x000002106f515100
Event: 145.805 Thread 0x000002104e73f070 Thread added: 0x000002106f513cc0
Event: 145.808 Thread 0x000002104e73f070 Thread added: 0x000002106f516a50
Event: 145.809 Thread 0x000002104e73f070 Thread added: 0x000002106f519cf0
Event: 145.811 Thread 0x000002104e73f070 Thread added: 0x000002106f5141d0
Event: 145.828 Thread 0x000002104e73f070 Thread added: 0x000002106f512d90
Event: 145.831 Thread 0x000002104e73f070 Thread added: 0x000002106f5183a0
Event: 145.833 Thread 0x000002104e73f070 Thread added: 0x000002106f5188b0
Event: 145.847 Thread 0x000002104e73f070 Thread added: 0x000002106f515610
Event: 147.220 Thread 0x000002104e73f070 Thread added: 0x000002106f515b20


Dynamic libraries:
0x00007ff7560f0000 - 0x00007ff7560fe000 	C:\Program Files\Microsoft\jdk-17.0.13.11-hotspot\bin\java.exe
0x00007fffae910000 - 0x00007fffaeb08000 	C:\WINDOWS\SYSTEM32\ntdll.dll
0x00007fffae2f0000 - 0x00007fffae3b2000 	C:\WINDOWS\System32\KERNEL32.DLL
0x00007fffac500000 - 0x00007fffac7f6000 	C:\WINDOWS\System32\KERNELBASE.dll
0x00007fffac160000 - 0x00007fffac260000 	C:\WINDOWS\System32\ucrtbase.dll
0x00007fff73ec0000 - 0x00007fff73ed7000 	C:\Program Files\Microsoft\jdk-17.0.13.11-hotspot\bin\jli.dll
0x00007fffacc20000 - 0x00007fffacdbd000 	C:\WINDOWS\System32\USER32.dll
0x00007fff73ea0000 - 0x00007fff73ebd000 	C:\Program Files\Microsoft\jdk-17.0.13.11-hotspot\bin\VCRUNTIME140.dll
0x00007fffac4d0000 - 0x00007fffac4f2000 	C:\WINDOWS\System32\win32u.dll
0x00007fffae2c0000 - 0x00007fffae2eb000 	C:\WINDOWS\System32\GDI32.dll
0x00007fffac040000 - 0x00007fffac15a000 	C:\WINDOWS\System32\gdi32full.dll
0x00007fffabfa0000 - 0x00007fffac03d000 	C:\WINDOWS\System32\msvcp_win.dll
0x00007fffab360000 - 0x00007fffab5fa000 	C:\WINDOWS\WinSxS\amd64_microsoft.windows.common-controls_6595b64144ccf1df_6.0.19041.4355_none_60b8b9eb71f62e16\COMCTL32.dll
0x00007fffae780000 - 0x00007fffae81e000 	C:\WINDOWS\System32\msvcrt.dll
0x00007fffadd80000 - 0x00007fffaddaf000 	C:\WINDOWS\System32\IMM32.DLL
0x00007fff937f0000 - 0x00007fff937fc000 	C:\Program Files\Microsoft\jdk-17.0.13.11-hotspot\bin\vcruntime140_1.dll
0x00007fff73e10000 - 0x00007fff73e9d000 	C:\Program Files\Microsoft\jdk-17.0.13.11-hotspot\bin\msvcp140.dll
0x00007fff378b0000 - 0x00007fff38521000 	C:\Program Files\Microsoft\jdk-17.0.13.11-hotspot\bin\server\jvm.dll
0x00007fffad4c0000 - 0x00007fffad56f000 	C:\WINDOWS\System32\ADVAPI32.dll
0x00007fffacac0000 - 0x00007fffacb5f000 	C:\WINDOWS\System32\sechost.dll
0x00007fffae4a0000 - 0x00007fffae5c3000 	C:\WINDOWS\System32\RPCRT4.dll
0x00007fffac800000 - 0x00007fffac827000 	C:\WINDOWS\System32\bcrypt.dll
0x00007fffadef0000 - 0x00007fffadf5b000 	C:\WINDOWS\System32\WS2_32.dll
0x00007fffabb90000 - 0x00007fffabbdb000 	C:\WINDOWS\SYSTEM32\POWRPROF.dll
0x00007fffa13b0000 - 0x00007fffa13d7000 	C:\WINDOWS\SYSTEM32\WINMM.dll
0x00007fffa8c80000 - 0x00007fffa8c8a000 	C:\WINDOWS\SYSTEM32\VERSION.dll
0x00007fffab6f0000 - 0x00007fffab702000 	C:\WINDOWS\SYSTEM32\UMPDC.dll
0x00007fffa8fd0000 - 0x00007fffa8fe2000 	C:\WINDOWS\SYSTEM32\kernel.appcore.dll
0x00007fff913d0000 - 0x00007fff913da000 	C:\Program Files\Microsoft\jdk-17.0.13.11-hotspot\bin\jimage.dll
0x00007fffab9a0000 - 0x00007fffabb84000 	C:\WINDOWS\SYSTEM32\DBGHELP.DLL
0x00007fffab730000 - 0x00007fffab764000 	C:\WINDOWS\SYSTEM32\dbgcore.DLL
0x00007fffac440000 - 0x00007fffac4c2000 	C:\WINDOWS\System32\bcryptPrimitives.dll
0x00007fff869c0000 - 0x00007fff869ce000 	C:\Program Files\Microsoft\jdk-17.0.13.11-hotspot\bin\instrument.dll
0x00007fff73de0000 - 0x00007fff73e05000 	C:\Program Files\Microsoft\jdk-17.0.13.11-hotspot\bin\java.dll
0x00007fff73d00000 - 0x00007fff73dd7000 	C:\Program Files\Microsoft\jdk-17.0.13.11-hotspot\bin\jsvml.dll
0x00007fffad600000 - 0x00007fffadd6f000 	C:\WINDOWS\System32\SHELL32.dll
0x00007fffa92d0000 - 0x00007fffa9a73000 	C:\WINDOWS\SYSTEM32\windows.storage.dll
0x00007fffadf60000 - 0x00007fffae2b5000 	C:\WINDOWS\System32\combase.dll
0x00007fffab2c0000 - 0x00007fffab2eb000 	C:\WINDOWS\SYSTEM32\Wldp.dll
0x00007fffacf00000 - 0x00007fffacfcd000 	C:\WINDOWS\System32\OLEAUT32.dll
0x00007fffae820000 - 0x00007fffae8cd000 	C:\WINDOWS\System32\SHCORE.dll
0x00007fffade90000 - 0x00007fffadee5000 	C:\WINDOWS\System32\shlwapi.dll
0x00007fffabed0000 - 0x00007fffabef5000 	C:\WINDOWS\SYSTEM32\profapi.dll
0x00007fff73ca0000 - 0x00007fff73cb8000 	C:\Program Files\Microsoft\jdk-17.0.13.11-hotspot\bin\zip.dll
0x00007fff73ce0000 - 0x00007fff73cfa000 	C:\Program Files\Microsoft\jdk-17.0.13.11-hotspot\bin\net.dll
0x00007fffa3f40000 - 0x00007fffa404a000 	C:\WINDOWS\SYSTEM32\WINHTTP.dll
0x00007fffaafd0000 - 0x00007fffab03c000 	C:\WINDOWS\system32\mswsock.dll
0x00007fff73cc0000 - 0x00007fff73cd6000 	C:\Program Files\Microsoft\jdk-17.0.13.11-hotspot\bin\nio.dll
0x00007fff886b0000 - 0x00007fff886c0000 	C:\Program Files\Microsoft\jdk-17.0.13.11-hotspot\bin\verify.dll
0x00007fff740a0000 - 0x00007fff740c7000 	C:\Users\STAR\.gradle\native\c067742578af261105cb4f569cf0c3c89f3d7b1fecec35dd04571415982c5e48\windows-amd64\native-platform.dll
0x00007fff73b50000 - 0x00007fff73c94000 	C:\Users\STAR\.gradle\native\100fb08df4bc3b14c8652ba06237920a3bd2aa13389f12d3474272988ae205f9\windows-amd64\native-platform-file-events.dll
0x00007fff77f40000 - 0x00007fff77f4a000 	C:\Program Files\Microsoft\jdk-17.0.13.11-hotspot\bin\management.dll
0x00007fff76f50000 - 0x00007fff76f5b000 	C:\Program Files\Microsoft\jdk-17.0.13.11-hotspot\bin\management_ext.dll
0x00007fffacc10000 - 0x00007fffacc18000 	C:\WINDOWS\System32\PSAPI.DLL
0x00007fffabd10000 - 0x00007fffabd28000 	C:\WINDOWS\SYSTEM32\CRYPTSP.dll
0x00007fffaa960000 - 0x00007fffaa998000 	C:\WINDOWS\system32\rsaenh.dll
0x00007fffabe90000 - 0x00007fffabebe000 	C:\WINDOWS\SYSTEM32\USERENV.dll
0x00007fffab250000 - 0x00007fffab25c000 	C:\WINDOWS\SYSTEM32\CRYPTBASE.dll
0x00007fffaacd0000 - 0x00007fffaad0b000 	C:\WINDOWS\SYSTEM32\IPHLPAPI.DLL
0x00007fffadd70000 - 0x00007fffadd78000 	C:\WINDOWS\System32\NSI.dll
0x00007fffa4d40000 - 0x00007fffa4d57000 	C:\WINDOWS\SYSTEM32\dhcpcsvc6.DLL
0x00007fffa5440000 - 0x00007fffa545d000 	C:\WINDOWS\SYSTEM32\dhcpcsvc.DLL
0x00007fffaad20000 - 0x00007fffaadea000 	C:\WINDOWS\SYSTEM32\DNSAPI.dll
0x00007fff869d0000 - 0x00007fff869d9000 	C:\Program Files\Microsoft\jdk-17.0.13.11-hotspot\bin\extnet.dll
0x00007fff869b0000 - 0x00007fff869be000 	C:\Program Files\Microsoft\jdk-17.0.13.11-hotspot\bin\sunmscapi.dll
0x00007fffac260000 - 0x00007fffac3bd000 	C:\WINDOWS\System32\CRYPT32.dll
0x00007fffab330000 - 0x00007fffab357000 	C:\WINDOWS\SYSTEM32\ncrypt.dll
0x00007fffab2f0000 - 0x00007fffab32b000 	C:\WINDOWS\SYSTEM32\NTASN1.dll
0x00007fffa7660000 - 0x00007fffa7667000 	C:\WINDOWS\system32\wshunix.dll

dbghelp: loaded successfully - version: 4.0.5 - missing functions: none
symbol engine: initialized successfully - sym options: 0x614 - pdb path: .;C:\Program Files\Microsoft\jdk-17.0.13.11-hotspot\bin;C:\WINDOWS\SYSTEM32;C:\WINDOWS\WinSxS\amd64_microsoft.windows.common-controls_6595b64144ccf1df_6.0.19041.4355_none_60b8b9eb71f62e16;C:\Program Files\Microsoft\jdk-17.0.13.11-hotspot\bin\server;C:\Users\STAR\.gradle\native\c067742578af261105cb4f569cf0c3c89f3d7b1fecec35dd04571415982c5e48\windows-amd64;C:\Users\STAR\.gradle\native\100fb08df4bc3b14c8652ba06237920a3bd2aa13389f12d3474272988ae205f9\windows-amd64

VM Arguments:
jvm_args: -XX:MaxMetaspaceSize=512m --add-opens=java.base/java.util=ALL-UNNAMED --add-opens=java.base/java.lang=ALL-UNNAMED --add-opens=java.base/java.lang.invoke=ALL-UNNAMED --add-opens=java.prefs/java.util.prefs=ALL-UNNAMED --add-exports=jdk.compiler/com.sun.tools.javac.api=ALL-UNNAMED --add-exports=jdk.compiler/com.sun.tools.javac.util=ALL-UNNAMED --add-opens=java.base/java.nio.charset=ALL-UNNAMED --add-opens=java.base/java.net=ALL-UNNAMED --add-opens=java.base/java.util.concurrent.atomic=ALL-UNNAMED -Xmx2048m -Dfile.encoding=windows-1252 -Duser.country=US -Duser.language=en -Duser.variant -javaagent:C:\Users\STAR\.gradle\wrapper\dists\gradle-8.10.2-all\7iv73wktx1xtkvlq19urqw1wm\gradle-8.10.2\lib\agents\gradle-instrumentation-agent-8.10.2.jar 
java_command: org.gradle.launcher.daemon.bootstrap.GradleDaemon 8.10.2
java_class_path (initial): C:\Users\STAR\.gradle\wrapper\dists\gradle-8.10.2-all\7iv73wktx1xtkvlq19urqw1wm\gradle-8.10.2\lib\gradle-daemon-main-8.10.2.jar
Launcher Type: SUN_STANDARD

[Global flags]
     intx CICompilerCount                          = 12                                        {product} {ergonomic}
   size_t CompressedClassSpaceSize                 = 436207616                                 {product} {ergonomic}
     uint ConcGCThreads                            = 3                                         {product} {ergonomic}
     uint G1ConcRefinementThreads                  = 13                                        {product} {ergonomic}
   size_t G1HeapRegionSize                         = 1048576                                   {product} {ergonomic}
    uintx GCDrainStackTargetSize                   = 64                                        {product} {ergonomic}
   size_t InitialHeapSize                          = 123731968                                 {product} {ergonomic}
   size_t MarkStackSize                            = 4194304                                   {product} {ergonomic}
   size_t MaxHeapSize                              = 2147483648                                {product} {command line}
   size_t MaxMetaspaceSize                         = 536870912                                 {product} {command line}
   size_t MaxNewSize                               = 1287651328                                {product} {ergonomic}
   size_t MinHeapDeltaBytes                        = 1048576                                   {product} {ergonomic}
   size_t MinHeapSize                              = 8388608                                   {product} {ergonomic}
    uintx NonNMethodCodeHeapSize                   = 7602480                                {pd product} {ergonomic}
    uintx NonProfiledCodeHeapSize                  = 122027880                              {pd product} {ergonomic}
    uintx ProfiledCodeHeapSize                     = 122027880                              {pd product} {ergonomic}
    uintx ReservedCodeCacheSize                    = 251658240                              {pd product} {ergonomic}
     bool SegmentedCodeCache                       = true                                      {product} {ergonomic}
   size_t SoftMaxHeapSize                          = 2147483648                             {manageable} {ergonomic}
     bool UseCompressedClassPointers               = true                           {product lp64_product} {ergonomic}
     bool UseCompressedOops                        = true                           {product lp64_product} {ergonomic}
     bool UseG1GC                                  = true                                      {product} {ergonomic}
     bool UseLargePagesIndividualAllocation        = false                                  {pd product} {ergonomic}

Logging:
Log output configuration:
 #0: stdout all=warning uptime,level,tags
 #1: stderr all=off uptime,level,tags

Environment Variables:
JAVA_HOME=C:\Program Files\Microsoft\jdk-17.0.13.11-hotspot
CLASSPATH=D:\projects\video1\zegocloud\android\\gradle\wrapper\gradle-wrapper.jar
PATH=D:\projects\video1\zegocloud\node_modules\.bin;D:\projects\video1\zegocloud\node_modules\.bin;D:\projects\video1\node_modules\.bin;D:\projects\node_modules\.bin;D:\node_modules\.bin;C:\Users\STAR\AppData\Local\nvm\v22.13.0\node_modules\npm\node_modules\@npmcli\run-script\lib\node-gyp-bin;D:\projects\video1\zegocloud\node_modules\.bin;D:\projects\video1\zegocloud\android\node_modules\.bin;D:\projects\video1\zegocloud\node_modules\.bin;D:\projects\video1\node_modules\.bin;D:\projects\node_modules\.bin;D:\node_modules\.bin;C:\Users\STAR\AppData\Local\nvm\v22.13.0\node_modules\npm\node_modules\@npmcli\run-script\lib\node-gyp-bin;C:\Program Files\Microsoft\jdk-17.0.13.11-hotspot\bin;C:\Python313\Scripts\;C:\Python313\;C:\Program Files\Python311\Scripts\;C:\Program Files\Python311\;C:\WINDOWS\system32;C:\WINDOWS;C:\WINDOWS\System32\Wbem;C:\WINDOWS\System32\WindowsPowerShell\v1.0\;C:\WINDOWS\System32\OpenSSH\;C:\Program Files\Git\cmd;C:\Program Files\MongoDB\Server\6.0\bin;C:\Program Files\MySQL\MySQL Server 8.0\bin;C:\Users\STAR\AppData\Roaming\Python\Python311\Scripts;C:\Program Files (x86)\Windows Kits\10\Include\10.0.19041.0\ucrt;C:\Program Files (x86)\Windows Kits\10\Lib\10.0.19041.0\um\x86;C:\Program Files (x86)\Windows Kits\10\Lib\10.0.19041.0\ucrt\x86;C:\Program Files\Docker\Docker\resources\bin;C:\platform-tools;E:\qemu;C:\ProgramData\chocolatey\bin;C:\Users\STAR\AppData\Local\Android\Sdk\platform-tools;C:\Users\STAR\AppData\Local\nvm;C:\nvm4w\nodejs;C:\Users\STAR\AppData\Local\Programs\Eclipse Adoptium\jdk-11.0.26.4-hotspot\bin;C:\Program Files\MySQL\MySQL Shell 8.0\bin\;C:\Users\STAR\AppData\Local\Microsoft\WindowsApps;C:\Users\STAR\AppData\Local\Programs\Microsoft VS Code\bin;C:\Users\STAR\AppData\Roaming\npm;C:\Users\STAR\AppData\Local\Android\Sdk\platform-tools;C:\Users\STAR\AppData\Local\nvm;C:\nvm4w\nodejs;c:\Users\STAR\.vscode\extensions\ms-python.debugpy-2025.6.0-win32-x64\bundled\scripts\noConfigScripts
USERNAME=STAR
LANG=en_US.UTF-8
OS=Windows_NT
PROCESSOR_IDENTIFIER=AMD64 Family 23 Model 96 Stepping 1, AuthenticAMD
TMP=C:\Users\STAR\AppData\Local\Temp
TEMP=C:\Users\STAR\AppData\Local\Temp



Periodic native trim disabled


---------------  S Y S T E M  ---------------

OS:
 Windows 10 , 64 bit Build 19041 (10.0.19041.5678)
OS uptime: 2 days 2:07 hours
Hyper-V role detected

CPU: total 16 (initial active 16) (16 cores per cpu, 2 threads per core) family 23 model 96 stepping 1 microcode 0x0, cx8, cmov, fxsr, ht, mmx, 3dnowpref, sse, sse2, sse3, ssse3, sse4a, sse4.1, sse4.2, popcnt, lzcnt, tsc, tscinvbit, avx, avx2, aes, clmul, bmi1, bmi2, adx, sha, fma, vzeroupper, clflush, clflushopt, hv
Processor Information for processor 0
  Max Mhz: 2900, Current Mhz: 1700, Mhz Limit: 2900
Processor Information for processor 1
  Max Mhz: 2900, Current Mhz: 1700, Mhz Limit: 2900
Processor Information for processor 2
  Max Mhz: 2900, Current Mhz: 1700, Mhz Limit: 2900
Processor Information for processor 3
  Max Mhz: 2900, Current Mhz: 1700, Mhz Limit: 2900
Processor Information for processor 4
  Max Mhz: 2900, Current Mhz: 1700, Mhz Limit: 2900
Processor Information for processor 5
  Max Mhz: 2900, Current Mhz: 1700, Mhz Limit: 2900
Processor Information for processor 6
  Max Mhz: 2900, Current Mhz: 1400, Mhz Limit: 2900
Processor Information for processor 7
  Max Mhz: 2900, Current Mhz: 1400, Mhz Limit: 2900
Processor Information for processor 8
  Max Mhz: 2900, Current Mhz: 1700, Mhz Limit: 2900
Processor Information for processor 9
  Max Mhz: 2900, Current Mhz: 1700, Mhz Limit: 2900
Processor Information for processor 10
  Max Mhz: 2900, Current Mhz: 1700, Mhz Limit: 2900
Processor Information for processor 11
  Max Mhz: 2900, Current Mhz: 1700, Mhz Limit: 2900
Processor Information for processor 12
  Max Mhz: 2900, Current Mhz: 1700, Mhz Limit: 2900
Processor Information for processor 13
  Max Mhz: 2900, Current Mhz: 1700, Mhz Limit: 2900
Processor Information for processor 14
  Max Mhz: 2900, Current Mhz: 1700, Mhz Limit: 2900
Processor Information for processor 15
  Max Mhz: 2900, Current Mhz: 1700, Mhz Limit: 2900

Memory: 4k page, system-wide physical 7540M (16M free)
TotalPageFile size 28803M (AvailPageFile size 0M)
current process WorkingSet (physical memory assigned to process): 131M, peak: 178M
current process commit charge ("private bytes"): 309M, peak: 320M

vm_info: OpenJDK 64-Bit Server VM (17.0.13+11-LTS) for windows-amd64 JRE (17.0.13+11-LTS), built on Oct 11 2024 23:25:05 by "MicrosoftCorporation" with unknown MS VC++:1939

END.
